2025-03-07 00:05:52,318 WARN [HikariPool-1 housekeeper] c.z.h.p.HikariPool [HikariPool.java:797] HikariPool-1 - Thread starvation or clock leap detected (housekeeper delta=16m19s697ms).
2025-03-07 00:08:06,747 WARN [HikariPool-1 housekeeper] c.z.h.p.HikariPool [HikariPool.java:797] HikariPool-1 - Thread starvation or clock leap detected (housekeeper delta=1m44s418ms).
2025-03-07 00:17:25,233 WARN [HikariPool-1 housekeeper] c.z.h.p.HikariPool [HikariPool.java:797] HikariPool-1 - Thread starvation or clock leap detected (housekeeper delta=9m18s487ms).
2025-03-07 00:40:58,746 WARN [HikariPool-1 housekeeper] c.z.h.p.HikariPool [HikariPool.java:797] HikariPool-1 - Thread starvation or clock leap detected (housekeeper delta=23m33s513ms).
2025-03-07 00:56:51,600 WARN [HikariPool-1 housekeeper] c.z.h.p.HikariPool [HikariPool.java:797] HikariPool-1 - Thread starvation or clock leap detected (housekeeper delta=15m52s854ms).
2025-03-07 01:13:23,310 WARN [HikariPool-1 housekeeper] c.z.h.p.HikariPool [HikariPool.java:797] HikariPool-1 - Thread starvation or clock leap detected (housekeeper delta=16m1s713ms).
2025-03-07 01:29:23,269 WARN [HikariPool-1 housekeeper] c.z.h.p.HikariPool [HikariPool.java:797] HikariPool-1 - Thread starvation or clock leap detected (housekeeper delta=15m59s959ms).
2025-03-07 01:45:48,227 WARN [HikariPool-1 housekeeper] c.z.h.p.HikariPool [HikariPool.java:797] HikariPool-1 - Thread starvation or clock leap detected (housekeeper delta=15m54s948ms).
2025-03-07 01:46:45,617 WARN [HikariPool-1 housekeeper] c.z.h.p.HikariPool [HikariPool.java:797] HikariPool-1 - Thread starvation or clock leap detected (housekeeper delta=57s391ms).
2025-03-07 02:03:40,379 WARN [HikariPool-1 housekeeper] c.z.h.p.HikariPool [HikariPool.java:797] HikariPool-1 - Thread starvation or clock leap detected (housekeeper delta=16m54s762ms).
2025-03-07 02:19:35,410 WARN [HikariPool-1 housekeeper] c.z.h.p.HikariPool [HikariPool.java:797] HikariPool-1 - Thread starvation or clock leap detected (housekeeper delta=15m55s30ms).
2025-03-07 02:35:46,908 WARN [HikariPool-1 housekeeper] c.z.h.p.HikariPool [HikariPool.java:797] HikariPool-1 - Thread starvation or clock leap detected (housekeeper delta=15m41s501ms).
2025-03-07 02:51:41,761 WARN [HikariPool-1 housekeeper] c.z.h.p.HikariPool [HikariPool.java:797] HikariPool-1 - Thread starvation or clock leap detected (housekeeper delta=15m54s853ms).
2025-03-07 03:09:01,365 WARN [HikariPool-1 housekeeper] c.z.h.p.HikariPool [HikariPool.java:797] HikariPool-1 - Thread starvation or clock leap detected (housekeeper delta=16m49s599ms).
2025-03-07 03:25:31,233 WARN [HikariPool-1 housekeeper] c.z.h.p.HikariPool [HikariPool.java:797] HikariPool-1 - Thread starvation or clock leap detected (housekeeper delta=15m59s859ms).
2025-03-07 03:41:26,120 WARN [HikariPool-1 housekeeper] c.z.h.p.HikariPool [HikariPool.java:797] HikariPool-1 - Thread starvation or clock leap detected (housekeeper delta=15m54s887ms).
2025-03-07 03:57:51,084 WARN [HikariPool-1 housekeeper] c.z.h.p.HikariPool [HikariPool.java:797] HikariPool-1 - Thread starvation or clock leap detected (housekeeper delta=15m54s946ms).
2025-03-07 04:14:10,896 WARN [HikariPool-1 housekeeper] c.z.h.p.HikariPool [HikariPool.java:797] HikariPool-1 - Thread starvation or clock leap detected (housekeeper delta=16m19s812ms).
2025-03-07 04:17:27,576 WARN [HikariPool-1 housekeeper] c.z.h.p.HikariPool [HikariPool.java:797] HikariPool-1 - Thread starvation or clock leap detected (housekeeper delta=2m46s682ms).
2025-03-07 04:32:59,497 WARN [HikariPool-1 housekeeper] c.z.h.p.HikariPool [HikariPool.java:797] HikariPool-1 - Thread starvation or clock leap detected (housekeeper delta=15m31s920ms).
2025-03-07 04:48:54,419 WARN [HikariPool-1 housekeeper] c.z.h.p.HikariPool [HikariPool.java:797] HikariPool-1 - Thread starvation or clock leap detected (housekeeper delta=15m54s923ms).
2025-03-07 05:05:19,352 WARN [HikariPool-1 housekeeper] c.z.h.p.HikariPool [HikariPool.java:797] HikariPool-1 - Thread starvation or clock leap detected (housekeeper delta=15m54s909ms).
2025-03-07 05:07:03,958 WARN [HikariPool-1 housekeeper] c.z.h.p.HikariPool [HikariPool.java:797] HikariPool-1 - Thread starvation or clock leap detected (housekeeper delta=1m44s606ms).
2025-03-07 05:25:18,541 WARN [HikariPool-1 housekeeper] c.z.h.p.HikariPool [HikariPool.java:797] HikariPool-1 - Thread starvation or clock leap detected (housekeeper delta=18m14s583ms).
2025-03-07 05:41:13,399 WARN [HikariPool-1 housekeeper] c.z.h.p.HikariPool [HikariPool.java:797] HikariPool-1 - Thread starvation or clock leap detected (housekeeper delta=15m54s857ms).
2025-03-07 05:57:29,945 WARN [HikariPool-1 housekeeper] c.z.h.p.HikariPool [HikariPool.java:797] HikariPool-1 - Thread starvation or clock leap detected (housekeeper delta=15m46s555ms).
2025-03-07 06:12:59,545 WARN [HikariPool-1 housekeeper] c.z.h.p.HikariPool [HikariPool.java:797] HikariPool-1 - Thread starvation or clock leap detected (housekeeper delta=15m29s600ms).
2025-03-07 06:33:09,151 WARN [HikariPool-1 housekeeper] c.z.h.p.HikariPool [HikariPool.java:797] HikariPool-1 - Thread starvation or clock leap detected (housekeeper delta=19m39s583ms).
2025-03-07 06:49:09,108 WARN [HikariPool-1 housekeeper] c.z.h.p.HikariPool [HikariPool.java:797] HikariPool-1 - Thread starvation or clock leap detected (housekeeper delta=15m59s958ms).
2025-03-07 07:00:21,691 WARN [HikariPool-1 housekeeper] c.z.h.p.HikariPool [HikariPool.java:797] HikariPool-1 - Thread starvation or clock leap detected (housekeeper delta=10m42s555ms).
2025-03-07 07:16:31,626 WARN [HikariPool-1 housekeeper] c.z.h.p.HikariPool [HikariPool.java:797] HikariPool-1 - Thread starvation or clock leap detected (housekeeper delta=16m9s935ms).
2025-03-07 07:34:11,108 WARN [HikariPool-1 housekeeper] c.z.h.p.HikariPool [HikariPool.java:797] HikariPool-1 - Thread starvation or clock leap detected (housekeeper delta=17m9s474ms).
2025-03-07 07:50:05,970 WARN [HikariPool-1 housekeeper] c.z.h.p.HikariPool [HikariPool.java:797] HikariPool-1 - Thread starvation or clock leap detected (housekeeper delta=15m54s862ms).
2025-03-07 08:06:40,871 WARN [HikariPool-1 housekeeper] c.z.h.p.HikariPool [HikariPool.java:797] HikariPool-1 - Thread starvation or clock leap detected (housekeeper delta=16m4s876ms).
2025-03-07 08:19:30,675 WARN [HikariPool-1 housekeeper] c.z.h.p.HikariPool [HikariPool.java:797] HikariPool-1 - Thread starvation or clock leap detected (housekeeper delta=12m49s803ms).
2025-03-07 08:30:47,660 WARN [HikariPool-1 housekeeper] c.z.h.p.HikariPool [HikariPool.java:797] HikariPool-1 - Thread starvation or clock leap detected (housekeeper delta=10m46s974ms).
2025-03-07 08:47:17,342 WARN [HikariPool-1 housekeeper] c.z.h.p.HikariPool [HikariPool.java:797] HikariPool-1 - Thread starvation or clock leap detected (housekeeper delta=16m29s681ms).
2025-03-07 09:00:02,764 WARN [HikariPool-1 housekeeper] c.z.h.p.HikariPool [HikariPool.java:797] HikariPool-1 - Thread starvation or clock leap detected (housekeeper delta=12m45s423ms).
2025-03-07 09:16:27,761 WARN [HikariPool-1 housekeeper] c.z.h.p.HikariPool [HikariPool.java:797] HikariPool-1 - Thread starvation or clock leap detected (housekeeper delta=15m54s989ms).
2025-03-07 09:20:31,365 WARN [HikariPool-1 housekeeper] c.z.h.p.HikariPool [HikariPool.java:797] HikariPool-1 - Thread starvation or clock leap detected (housekeeper delta=4m3s603ms).
2025-03-07 09:36:36,315 WARN [HikariPool-1 housekeeper] c.z.h.p.HikariPool [HikariPool.java:797] HikariPool-1 - Thread starvation or clock leap detected (housekeeper delta=16m4s951ms).
2025-03-07 09:37:56,119 WARN [HikariPool-1 housekeeper] c.z.h.p.HikariPool [HikariPool.java:797] HikariPool-1 - Thread starvation or clock leap detected (housekeeper delta=1m19s804ms).
2025-03-07 09:54:19,562 WARN [HikariPool-1 housekeeper] c.z.h.p.HikariPool [HikariPool.java:797] HikariPool-1 - Thread starvation or clock leap detected (housekeeper delta=16m23s443ms).
2025-03-07 10:10:49,213 WARN [HikariPool-1 housekeeper] c.z.h.p.HikariPool [HikariPool.java:797] HikariPool-1 - Thread starvation or clock leap detected (housekeeper delta=15m59s634ms).
2025-03-07 10:21:40,131 WARN [HikariPool-1 housekeeper] c.z.h.p.HikariPool [HikariPool.java:797] HikariPool-1 - Thread starvation or clock leap detected (housekeeper delta=10m50s918ms).
2025-03-07 10:37:26,739 WARN [HikariPool-1 housekeeper] c.z.h.p.HikariPool [HikariPool.java:797] HikariPool-1 - Thread starvation or clock leap detected (housekeeper delta=15m46s608ms).
2025-03-07 10:53:51,644 WARN [HikariPool-1 housekeeper] c.z.h.p.HikariPool [HikariPool.java:797] HikariPool-1 - Thread starvation or clock leap detected (housekeeper delta=15m54s913ms).
2025-03-07 10:54:46,545 WARN [HikariPool-1 housekeeper] c.z.h.p.HikariPool [HikariPool.java:797] HikariPool-1 - Thread starvation or clock leap detected (housekeeper delta=54s901ms).
2025-03-07 11:22:34,434 WARN [HikariPool-1 housekeeper] c.z.h.p.HikariPool [HikariPool.java:797] HikariPool-1 - Thread starvation or clock leap detected (housekeeper delta=27m47s888ms).
2025-03-07 12:23:34,921 WARN [HikariPool-1 housekeeper] c.z.h.p.HikariPool [HikariPool.java:797] HikariPool-1 - Thread starvation or clock leap detected (housekeeper delta=1h1m488ms).
2025-03-07 13:24:32,437 WARN [HikariPool-1 housekeeper] c.z.h.p.HikariPool [HikariPool.java:797] HikariPool-1 - Thread starvation or clock leap detected (housekeeper delta=1h57s515ms).
2025-03-07 14:25:35,643 WARN [HikariPool-1 housekeeper] c.z.h.p.HikariPool [HikariPool.java:797] HikariPool-1 - Thread starvation or clock leap detected (housekeeper delta=1h1m3s206ms).
2025-03-07 15:26:34,513 WARN [HikariPool-1 housekeeper] c.z.h.p.HikariPool [HikariPool.java:797] HikariPool-1 - Thread starvation or clock leap detected (housekeeper delta=1h58s870ms).
2025-03-07 16:27:35,818 WARN [HikariPool-1 housekeeper] c.z.h.p.HikariPool [HikariPool.java:797] HikariPool-1 - Thread starvation or clock leap detected (housekeeper delta=1h1m1s306ms).
2025-03-07 17:28:35,420 WARN [HikariPool-1 housekeeper] c.z.h.p.HikariPool [HikariPool.java:797] HikariPool-1 - Thread starvation or clock leap detected (housekeeper delta=1h59s602ms).
2025-03-07 18:08:04,455 WARN [HikariPool-1 housekeeper] c.z.h.p.HikariPool [HikariPool.java:797] HikariPool-1 - Thread starvation or clock leap detected (housekeeper delta=39m29s35ms).
2025-03-07 18:26:29,502 WARN [HikariPool-1 housekeeper] c.z.h.p.HikariPool [HikariPool.java:797] HikariPool-1 - Thread starvation or clock leap detected (housekeeper delta=18m25s46ms).
2025-03-07 18:43:21,158 WARN [HikariPool-1 housekeeper] c.z.h.p.HikariPool [HikariPool.java:797] HikariPool-1 - Thread starvation or clock leap detected (housekeeper delta=16m51s657ms).
2025-03-07 18:45:06,394 WARN [HikariPool-1 housekeeper] c.z.h.p.HikariPool [HikariPool.java:797] HikariPool-1 - Thread starvation or clock leap detected (housekeeper delta=1m45s236ms).
2025-03-07 19:01:00,388 WARN [HikariPool-1 housekeeper] c.z.h.p.HikariPool [HikariPool.java:797] HikariPool-1 - Thread starvation or clock leap detected (housekeeper delta=15m53s994ms).
2025-03-07 19:03:13,198 WARN [HikariPool-1 housekeeper] c.z.h.p.HikariPool [HikariPool.java:797] HikariPool-1 - Thread starvation or clock leap detected (housekeeper delta=1m42s800ms).
2025-03-07 19:11:24,631 WARN [HikariPool-1 housekeeper] c.z.h.p.HikariPool [HikariPool.java:797] HikariPool-1 - Thread starvation or clock leap detected (housekeeper delta=7m41s411ms).
2025-03-07 19:30:50,378 WARN [HikariPool-1 housekeeper] c.z.h.p.HikariPool [HikariPool.java:797] HikariPool-1 - Thread starvation or clock leap detected (housekeeper delta=15m55s707ms).
2025-03-07 19:35:35,102 WARN [HikariPool-1 housekeeper] c.z.h.p.HikariPool [HikariPool.java:797] HikariPool-1 - Thread starvation or clock leap detected (housekeeper delta=4m44s724ms).
2025-03-07 19:41:36,299 WARN [http-nio-8080-exec-2] o.s.w.s.m.s.DefaultHandlerExceptionResolver [AbstractHandlerExceptionResolver.java:254] Resolved [org.springframework.web.bind.MethodArgumentNotValidException: Validation failed for argument [1] in public java.lang.String com.nowcoder.community.controller.LoginController.register(org.springframework.ui.Model,com.nowcoder.community.entity.User): [Field error in object 'user' on field 'id': rejected value [null]; codes [typeMismatch.user.id,typeMismatch.id,typeMismatch.int,typeMismatch]; arguments [org.springframework.context.support.DefaultMessageSourceResolvable: codes [user.id,id]; arguments []; default message [id]]; default message [Failed to convert value of type 'null' to required type 'int'; Failed to convert from type [null] to type [int] for value [null]]] ]
2025-03-07 22:01:05,846 WARN [HikariPool-1 housekeeper] c.z.h.p.HikariPool [HikariPool.java:797] HikariPool-1 - Thread starvation or clock leap detected (housekeeper delta=7m32s276ms).
2025-03-07 22:40:51,778 WARN [HikariPool-1 housekeeper] c.z.h.p.HikariPool [HikariPool.java:797] HikariPool-1 - Thread starvation or clock leap detected (housekeeper delta=47s515ms).
2025-03-07 22:46:04,927 WARN [HikariPool-1 housekeeper] c.z.h.p.HikariPool [HikariPool.java:797] HikariPool-1 - Thread starvation or clock leap detected (housekeeper delta=4m43s134ms).
2025-03-07 22:49:31,138 WARN [HikariPool-1 housekeeper] c.z.h.p.HikariPool [HikariPool.java:797] HikariPool-1 - Thread starvation or clock leap detected (housekeeper delta=1m26s168ms).
2025-03-07 23:23:01,868 WARN [HikariPool-1 housekeeper] c.z.h.p.HikariPool [HikariPool.java:797] HikariPool-1 - Thread starvation or clock leap detected (housekeeper delta=15m54s844ms).
2025-03-07 23:29:39,122 WARN [HikariPool-1 housekeeper] c.z.h.p.HikariPool [HikariPool.java:797] HikariPool-1 - Thread starvation or clock leap detected (housekeeper delta=6m7s255ms).
2025-03-07 23:31:41,006 WARN [HikariPool-1 housekeeper] c.z.h.p.HikariPool [HikariPool.java:797] HikariPool-1 - Thread starvation or clock leap detected (housekeeper delta=2m1s883ms).
2025-03-07 23:33:06,270 WARN [HikariPool-1 housekeeper] c.z.h.p.HikariPool [HikariPool.java:797] HikariPool-1 - Thread starvation or clock leap detected (housekeeper delta=1m25s264ms).
2025-03-07 23:34:09,206 WARN [HikariPool-1 housekeeper] c.z.h.p.HikariPool [HikariPool.java:797] HikariPool-1 - Thread starvation or clock leap detected (housekeeper delta=1m2s937ms).
2025-03-07 23:36:10,822 WARN [HikariPool-1 housekeeper] c.z.h.p.HikariPool [HikariPool.java:797] HikariPool-1 - Thread starvation or clock leap detected (housekeeper delta=2m1s616ms).
2025-03-07 23:37:57,736 WARN [HikariPool-1 housekeeper] c.z.h.p.HikariPool [HikariPool.java:797] HikariPool-1 - Thread starvation or clock leap detected (housekeeper delta=1m46s913ms).
2025-03-07 23:42:40,622 WARN [HikariPool-1 housekeeper] c.z.h.p.HikariPool [HikariPool.java:797] HikariPool-1 - Thread starvation or clock leap detected (housekeeper delta=3m42s871ms).
