2025-06-12 09:09:53,310 WARN [restartedMain] o.e.c.RestClient [RequestLogger.java:72] request [HEAD http://localhost:9200/discusspost] returned 1 warnings: [299 Elasticsearch-7.17.1-e5acb99f822233d62d6444ce45a4543dc1c8059a "Elasticsearch built-in security features are not enabled. Without authentication, your cluster could be accessible to anyone. See https://www.elastic.co/guide/en/elasticsearch/reference/7.17/security-minimal-setup.html to enable security."]
2025-06-12 09:09:53,498 WARN [restartedMain] o.s.b.a.s.s.UserDetailsServiceAutoConfiguration [UserDetailsServiceAutoConfiguration.java:90] 

Using generated security password: 79bd980e-3751-4c5d-99bf-a0d6e17c4563

This generated password is for development use only. Your security configuration must be updated before running your application in production.

2025-06-12 09:09:53,660 WARN [restartedMain] o.s.s.c.a.w.b.WebSecurity [WebSecurity.java:306] You are asking Spring Security to ignore Deferred [Mvc [pattern='/resources/**'], Ant [pattern='/resources/**']]. This is not recommended -- please use permitAll via HttpSecurity#authorizeHttpRequests instead.
2025-06-12 09:11:13,801 WARN [org.springframework.kafka.KafkaListenerEndpointContainer#1-0-C-1] o.e.c.RestClient [RequestLogger.java:72] request [PUT http://localhost:9200/discusspost/_doc/283?refresh=false] returned 1 warnings: [299 Elasticsearch-7.17.1-e5acb99f822233d62d6444ce45a4543dc1c8059a "Elasticsearch built-in security features are not enabled. Without authentication, your cluster could be accessible to anyone. See https://www.elastic.co/guide/en/elasticsearch/reference/7.17/security-minimal-setup.html to enable security."]
2025-06-12 09:11:13,845 WARN [org.springframework.kafka.KafkaListenerEndpointContainer#1-0-C-1] o.e.c.RestClient [RequestLogger.java:72] request [POST http://localhost:9200/discusspost/_refresh] returned 1 warnings: [299 Elasticsearch-7.17.1-e5acb99f822233d62d6444ce45a4543dc1c8059a "Elasticsearch built-in security features are not enabled. Without authentication, your cluster could be accessible to anyone. See https://www.elastic.co/guide/en/elasticsearch/reference/7.17/security-minimal-setup.html to enable security."]
2025-06-12 09:13:19,153 WARN [restartedMain] o.a.c.c.C.[.[.[/community] [DirectJDKLog.java:173] Cannot deserialize session attribute [SPRING_SECURITY_CONTEXT] for session [597364EE8A7DBFF0E75C67DECD2EE5A1]
2025-06-12 09:13:19,321 WARN [restartedMain] o.e.c.RestClient [RequestLogger.java:72] request [HEAD http://localhost:9200/discusspost] returned 1 warnings: [299 Elasticsearch-7.17.1-e5acb99f822233d62d6444ce45a4543dc1c8059a "Elasticsearch built-in security features are not enabled. Without authentication, your cluster could be accessible to anyone. See https://www.elastic.co/guide/en/elasticsearch/reference/7.17/security-minimal-setup.html to enable security."]
2025-06-12 09:13:19,358 WARN [restartedMain] o.s.b.a.s.s.UserDetailsServiceAutoConfiguration [UserDetailsServiceAutoConfiguration.java:90] 

Using generated security password: 3788bd41-440e-4ae9-abaa-d5cbcedcbb29

This generated password is for development use only. Your security configuration must be updated before running your application in production.

2025-06-12 09:13:19,419 WARN [restartedMain] o.s.s.c.a.w.b.WebSecurity [WebSecurity.java:306] You are asking Spring Security to ignore Deferred [Mvc [pattern='/resources/**'], Ant [pattern='/resources/**']]. This is not recommended -- please use permitAll via HttpSecurity#authorizeHttpRequests instead.
2025-06-12 09:13:21,514 WARN [restartedMain] o.e.c.RestClient [RequestLogger.java:72] request [HEAD http://localhost:9200/discusspost] returned 1 warnings: [299 Elasticsearch-7.17.1-e5acb99f822233d62d6444ce45a4543dc1c8059a "Elasticsearch built-in security features are not enabled. Without authentication, your cluster could be accessible to anyone. See https://www.elastic.co/guide/en/elasticsearch/reference/7.17/security-minimal-setup.html to enable security."]
2025-06-12 09:13:21,541 WARN [restartedMain] o.s.b.a.s.s.UserDetailsServiceAutoConfiguration [UserDetailsServiceAutoConfiguration.java:90] 

Using generated security password: 3ca43b61-b919-493e-9b96-48db0298208e

This generated password is for development use only. Your security configuration must be updated before running your application in production.

2025-06-12 09:13:21,593 WARN [restartedMain] o.s.s.c.a.w.b.WebSecurity [WebSecurity.java:306] You are asking Spring Security to ignore Deferred [Mvc [pattern='/resources/**'], Ant [pattern='/resources/**']]. This is not recommended -- please use permitAll via HttpSecurity#authorizeHttpRequests instead.
2025-06-12 09:13:42,574 WARN [communityScheduler_Worker-1] o.e.c.RestClient [RequestLogger.java:72] request [PUT http://localhost:9200/discusspost/_doc/283?refresh=false] returned 1 warnings: [299 Elasticsearch-7.17.1-e5acb99f822233d62d6444ce45a4543dc1c8059a "Elasticsearch built-in security features are not enabled. Without authentication, your cluster could be accessible to anyone. See https://www.elastic.co/guide/en/elasticsearch/reference/7.17/security-minimal-setup.html to enable security."]
2025-06-12 09:13:42,604 WARN [communityScheduler_Worker-1] o.e.c.RestClient [RequestLogger.java:72] request [POST http://localhost:9200/discusspost/_refresh] returned 1 warnings: [299 Elasticsearch-7.17.1-e5acb99f822233d62d6444ce45a4543dc1c8059a "Elasticsearch built-in security features are not enabled. Without authentication, your cluster could be accessible to anyone. See https://www.elastic.co/guide/en/elasticsearch/reference/7.17/security-minimal-setup.html to enable security."]
2025-06-12 09:22:57,109 WARN [restartedMain] o.e.c.RestClient [RequestLogger.java:72] request [HEAD http://localhost:9200/discusspost] returned 1 warnings: [299 Elasticsearch-7.17.1-e5acb99f822233d62d6444ce45a4543dc1c8059a "Elasticsearch built-in security features are not enabled. Without authentication, your cluster could be accessible to anyone. See https://www.elastic.co/guide/en/elasticsearch/reference/7.17/security-minimal-setup.html to enable security."]
2025-06-12 09:22:57,288 WARN [restartedMain] o.s.b.a.s.s.UserDetailsServiceAutoConfiguration [UserDetailsServiceAutoConfiguration.java:90] 

Using generated security password: e282f012-9e4b-4ddd-963c-cc78af1564f4

This generated password is for development use only. Your security configuration must be updated before running your application in production.

2025-06-12 09:22:57,462 WARN [restartedMain] o.s.s.c.a.w.b.WebSecurity [WebSecurity.java:306] You are asking Spring Security to ignore Deferred [Mvc [pattern='/resources/**'], Ant [pattern='/resources/**']]. This is not recommended -- please use permitAll via HttpSecurity#authorizeHttpRequests instead.
2025-06-12 09:24:42,247 WARN [org.springframework.kafka.KafkaListenerEndpointContainer#1-0-C-1] o.e.c.RestClient [RequestLogger.java:72] request [PUT http://localhost:9200/discusspost/_doc/284?refresh=false] returned 1 warnings: [299 Elasticsearch-7.17.1-e5acb99f822233d62d6444ce45a4543dc1c8059a "Elasticsearch built-in security features are not enabled. Without authentication, your cluster could be accessible to anyone. See https://www.elastic.co/guide/en/elasticsearch/reference/7.17/security-minimal-setup.html to enable security."]
2025-06-12 09:24:42,298 WARN [org.springframework.kafka.KafkaListenerEndpointContainer#1-0-C-1] o.e.c.RestClient [RequestLogger.java:72] request [POST http://localhost:9200/discusspost/_refresh] returned 1 warnings: [299 Elasticsearch-7.17.1-e5acb99f822233d62d6444ce45a4543dc1c8059a "Elasticsearch built-in security features are not enabled. Without authentication, your cluster could be accessible to anyone. See https://www.elastic.co/guide/en/elasticsearch/reference/7.17/security-minimal-setup.html to enable security."]
2025-06-12 09:28:42,543 WARN [communityScheduler_Worker-2] o.e.c.RestClient [RequestLogger.java:72] request [PUT http://localhost:9200/discusspost/_doc/284?refresh=false] returned 1 warnings: [299 Elasticsearch-7.17.1-e5acb99f822233d62d6444ce45a4543dc1c8059a "Elasticsearch built-in security features are not enabled. Without authentication, your cluster could be accessible to anyone. See https://www.elastic.co/guide/en/elasticsearch/reference/7.17/security-minimal-setup.html to enable security."]
2025-06-12 09:28:42,572 WARN [communityScheduler_Worker-2] o.e.c.RestClient [RequestLogger.java:72] request [POST http://localhost:9200/discusspost/_refresh] returned 1 warnings: [299 Elasticsearch-7.17.1-e5acb99f822233d62d6444ce45a4543dc1c8059a "Elasticsearch built-in security features are not enabled. Without authentication, your cluster could be accessible to anyone. See https://www.elastic.co/guide/en/elasticsearch/reference/7.17/security-minimal-setup.html to enable security."]
2025-06-12 09:33:20,003 WARN [org.springframework.kafka.KafkaListenerEndpointContainer#1-0-C-1] o.e.c.RestClient [RequestLogger.java:72] request [PUT http://localhost:9200/discusspost/_doc/285?refresh=false] returned 1 warnings: [299 Elasticsearch-7.17.1-e5acb99f822233d62d6444ce45a4543dc1c8059a "Elasticsearch built-in security features are not enabled. Without authentication, your cluster could be accessible to anyone. See https://www.elastic.co/guide/en/elasticsearch/reference/7.17/security-minimal-setup.html to enable security."]
2025-06-12 09:33:20,031 WARN [org.springframework.kafka.KafkaListenerEndpointContainer#1-0-C-1] o.e.c.RestClient [RequestLogger.java:72] request [POST http://localhost:9200/discusspost/_refresh] returned 1 warnings: [299 Elasticsearch-7.17.1-e5acb99f822233d62d6444ce45a4543dc1c8059a "Elasticsearch built-in security features are not enabled. Without authentication, your cluster could be accessible to anyone. See https://www.elastic.co/guide/en/elasticsearch/reference/7.17/security-minimal-setup.html to enable security."]
2025-06-12 09:33:42,523 WARN [communityScheduler_Worker-3] o.e.c.RestClient [RequestLogger.java:72] request [PUT http://localhost:9200/discusspost/_doc/285?refresh=false] returned 1 warnings: [299 Elasticsearch-7.17.1-e5acb99f822233d62d6444ce45a4543dc1c8059a "Elasticsearch built-in security features are not enabled. Without authentication, your cluster could be accessible to anyone. See https://www.elastic.co/guide/en/elasticsearch/reference/7.17/security-minimal-setup.html to enable security."]
2025-06-12 09:33:42,545 WARN [communityScheduler_Worker-3] o.e.c.RestClient [RequestLogger.java:72] request [POST http://localhost:9200/discusspost/_refresh] returned 1 warnings: [299 Elasticsearch-7.17.1-e5acb99f822233d62d6444ce45a4543dc1c8059a "Elasticsearch built-in security features are not enabled. Without authentication, your cluster could be accessible to anyone. See https://www.elastic.co/guide/en/elasticsearch/reference/7.17/security-minimal-setup.html to enable security."]
2025-06-12 10:04:56,513 WARN [HikariPool-1 housekeeper] c.z.h.p.HikariPool [HikariPool.java:797] HikariPool-1 - Thread starvation or clock leap detected (housekeeper delta=15m29s720ms).
2025-06-12 10:12:37,504 WARN [HikariPool-1 housekeeper] c.z.h.p.HikariPool [HikariPool.java:797] HikariPool-1 - Thread starvation or clock leap detected (housekeeper delta=7m40s991ms).
2025-06-12 10:45:14,709 WARN [HikariPool-1 housekeeper] c.z.h.p.HikariPool [HikariPool.java:797] HikariPool-1 - Thread starvation or clock leap detected (housekeeper delta=32m37s206ms).
2025-06-12 11:00:44,860 WARN [HikariPool-1 housekeeper] c.z.h.p.HikariPool [HikariPool.java:797] HikariPool-1 - Thread starvation or clock leap detected (housekeeper delta=15m30s151ms).
2025-06-12 11:03:18,621 WARN [HikariPool-1 housekeeper] c.z.h.p.HikariPool [HikariPool.java:797] HikariPool-1 - Thread starvation or clock leap detected (housekeeper delta=2m33s761ms).
2025-06-12 11:12:07,814 WARN [HikariPool-1 housekeeper] c.z.h.p.HikariPool [HikariPool.java:797] HikariPool-1 - Thread starvation or clock leap detected (housekeeper delta=8m49s193ms).
2025-06-12 11:27:36,619 WARN [HikariPool-1 housekeeper] c.z.h.p.HikariPool [HikariPool.java:797] HikariPool-1 - Thread starvation or clock leap detected (housekeeper delta=15m28s805ms).
2025-06-12 12:22:42,603 WARN [HikariPool-1 housekeeper] c.z.h.p.HikariPool [HikariPool.java:797] HikariPool-1 - Thread starvation or clock leap detected (housekeeper delta=15m28s971ms).
2025-06-12 12:51:20,600 WARN [HikariPool-1 housekeeper] c.z.h.p.HikariPool [HikariPool.java:797] HikariPool-1 - Thread starvation or clock leap detected (housekeeper delta=6m37s609ms).
2025-06-12 15:56:11,040 WARN [restartedMain] o.e.c.RestClient [RequestLogger.java:72] request [HEAD http://localhost:9200/discusspost] returned 1 warnings: [299 Elasticsearch-7.17.1-e5acb99f822233d62d6444ce45a4543dc1c8059a "Elasticsearch built-in security features are not enabled. Without authentication, your cluster could be accessible to anyone. See https://www.elastic.co/guide/en/elasticsearch/reference/7.17/security-minimal-setup.html to enable security."]
2025-06-12 15:56:11,229 WARN [restartedMain] o.s.b.a.s.s.UserDetailsServiceAutoConfiguration [UserDetailsServiceAutoConfiguration.java:90] 

Using generated security password: dd5b88ba-62d7-4135-bc52-da4258472433

This generated password is for development use only. Your security configuration must be updated before running your application in production.

2025-06-12 15:56:11,390 WARN [restartedMain] o.s.s.c.a.w.b.WebSecurity [WebSecurity.java:306] You are asking Spring Security to ignore Deferred [Mvc [pattern='/resources/**'], Ant [pattern='/resources/**']]. This is not recommended -- please use permitAll via HttpSecurity#authorizeHttpRequests instead.
2025-06-12 16:10:29,983 WARN [restartedMain] o.e.c.RestClient [RequestLogger.java:72] request [HEAD http://localhost:9200/discusspost] returned 1 warnings: [299 Elasticsearch-7.17.1-e5acb99f822233d62d6444ce45a4543dc1c8059a "Elasticsearch built-in security features are not enabled. Without authentication, your cluster could be accessible to anyone. See https://www.elastic.co/guide/en/elasticsearch/reference/7.17/security-minimal-setup.html to enable security."]
2025-06-12 16:10:30,178 WARN [restartedMain] o.s.b.a.s.s.UserDetailsServiceAutoConfiguration [UserDetailsServiceAutoConfiguration.java:90] 

Using generated security password: 6defd0ba-1943-4c97-a58a-c1c761a0ad74

This generated password is for development use only. Your security configuration must be updated before running your application in production.

2025-06-12 16:10:30,353 WARN [restartedMain] o.s.s.c.a.w.b.WebSecurity [WebSecurity.java:306] You are asking Spring Security to ignore Deferred [Mvc [pattern='/resources/**'], Ant [pattern='/resources/**']]. This is not recommended -- please use permitAll via HttpSecurity#authorizeHttpRequests instead.
2025-06-12 16:30:09,409 WARN [restartedMain] o.e.c.RestClient [RequestLogger.java:72] request [HEAD http://localhost:9200/discusspost] returned 1 warnings: [299 Elasticsearch-7.17.1-e5acb99f822233d62d6444ce45a4543dc1c8059a "Elasticsearch built-in security features are not enabled. Without authentication, your cluster could be accessible to anyone. See https://www.elastic.co/guide/en/elasticsearch/reference/7.17/security-minimal-setup.html to enable security."]
2025-06-12 16:30:09,591 WARN [restartedMain] o.s.b.a.s.s.UserDetailsServiceAutoConfiguration [UserDetailsServiceAutoConfiguration.java:90] 

Using generated security password: df1dac2f-64c6-45d6-9040-32a8452c9a3c

This generated password is for development use only. Your security configuration must be updated before running your application in production.

2025-06-12 16:30:09,768 WARN [restartedMain] o.s.s.c.a.w.b.WebSecurity [WebSecurity.java:306] You are asking Spring Security to ignore Deferred [Mvc [pattern='/resources/**'], Ant [pattern='/resources/**']]. This is not recommended -- please use permitAll via HttpSecurity#authorizeHttpRequests instead.
2025-06-12 16:30:10,838 WARN [http-nio-8082-exec-1] o.t.s.p.AbstractStandardFragmentInsertionTagProcessor [AbstractStandardFragmentInsertionTagProcessor.java:385] [THYMELEAF][http-nio-8082-exec-1][/site/discuss-detail] Deprecated unwrapped fragment expression "index::header" found in template /site/discuss-detail, line 15, col 38. Please use the complete syntax of fragment expressions instead ("~{index::header}"). The old, unwrapped syntax for fragment expressions will be removed in future versions of Thymeleaf.
2025-06-12 16:30:10,925 WARN [http-nio-8082-exec-1] o.t.s.p.AbstractStandardFragmentInsertionTagProcessor [AbstractStandardFragmentInsertionTagProcessor.java:385] [THYMELEAF][http-nio-8082-exec-1][/site/discuss-detail] Deprecated unwrapped fragment expression "index::pagination" found in template /site/discuss-detail, line 209, col 23. Please use the complete syntax of fragment expressions instead ("~{index::pagination}"). The old, unwrapped syntax for fragment expressions will be removed in future versions of Thymeleaf.
2025-06-12 16:56:22,390 WARN [HikariPool-1 housekeeper] c.z.h.p.HikariPool [HikariPool.java:797] HikariPool-1 - Thread starvation or clock leap detected (housekeeper delta=15m13s435ms).
2025-06-12 18:15:35,154 WARN [restartedMain] o.e.c.RestClient [RequestLogger.java:72] request [HEAD http://localhost:9200/discusspost] returned 1 warnings: [299 Elasticsearch-7.17.1-e5acb99f822233d62d6444ce45a4543dc1c8059a "Elasticsearch built-in security features are not enabled. Without authentication, your cluster could be accessible to anyone. See https://www.elastic.co/guide/en/elasticsearch/reference/7.17/security-minimal-setup.html to enable security."]
2025-06-12 18:15:35,344 WARN [restartedMain] o.s.b.a.s.s.UserDetailsServiceAutoConfiguration [UserDetailsServiceAutoConfiguration.java:90] 

Using generated security password: 5b173418-77b1-4f25-90c4-6e130fa75dcc

This generated password is for development use only. Your security configuration must be updated before running your application in production.

2025-06-12 18:15:35,543 WARN [restartedMain] o.s.s.c.a.w.b.WebSecurity [WebSecurity.java:306] You are asking Spring Security to ignore Deferred [Mvc [pattern='/resources/**'], Ant [pattern='/resources/**']]. This is not recommended -- please use permitAll via HttpSecurity#authorizeHttpRequests instead.
2025-06-12 18:36:56,219 WARN [HikariPool-1 housekeeper] c.z.h.p.HikariPool [HikariPool.java:797] HikariPool-1 - Thread starvation or clock leap detected (housekeeper delta=51s488ms).
2025-06-12 18:49:22,891 WARN [HikariPool-1 housekeeper] c.z.h.p.HikariPool [HikariPool.java:797] HikariPool-1 - Thread starvation or clock leap detected (housekeeper delta=2m26s571ms).
2025-06-12 20:46:47,497 WARN [restartedMain] o.e.c.RestClient [RequestLogger.java:72] request [HEAD http://localhost:9200/discusspost] returned 1 warnings: [299 Elasticsearch-7.17.1-e5acb99f822233d62d6444ce45a4543dc1c8059a "Elasticsearch built-in security features are not enabled. Without authentication, your cluster could be accessible to anyone. See https://www.elastic.co/guide/en/elasticsearch/reference/7.17/security-minimal-setup.html to enable security."]
2025-06-12 20:46:47,694 WARN [restartedMain] o.s.b.a.s.s.UserDetailsServiceAutoConfiguration [UserDetailsServiceAutoConfiguration.java:90] 

Using generated security password: a9b6a378-63e0-47b0-863c-d9bfe782d457

This generated password is for development use only. Your security configuration must be updated before running your application in production.

2025-06-12 20:46:47,889 WARN [restartedMain] o.s.s.c.a.w.b.WebSecurity [WebSecurity.java:306] You are asking Spring Security to ignore Deferred [Mvc [pattern='/resources/**'], Ant [pattern='/resources/**']]. This is not recommended -- please use permitAll via HttpSecurity#authorizeHttpRequests instead.
2025-06-12 20:46:49,475 WARN [http-nio-8082-exec-1] o.t.s.p.AbstractStandardFragmentInsertionTagProcessor [AbstractStandardFragmentInsertionTagProcessor.java:385] [THYMELEAF][http-nio-8082-exec-1][/site/discuss-detail] Deprecated unwrapped fragment expression "index::header" found in template /site/discuss-detail, line 15, col 38. Please use the complete syntax of fragment expressions instead ("~{index::header}"). The old, unwrapped syntax for fragment expressions will be removed in future versions of Thymeleaf.
2025-06-12 20:46:49,526 WARN [http-nio-8082-exec-1] o.t.s.p.AbstractStandardFragmentInsertionTagProcessor [AbstractStandardFragmentInsertionTagProcessor.java:385] [THYMELEAF][http-nio-8082-exec-1][/site/discuss-detail] Deprecated unwrapped fragment expression "index::pagination" found in template /site/discuss-detail, line 209, col 23. Please use the complete syntax of fragment expressions instead ("~{index::pagination}"). The old, unwrapped syntax for fragment expressions will be removed in future versions of Thymeleaf.
2025-06-12 20:46:53,496 WARN [http-nio-8082-exec-6] o.t.s.p.AbstractStandardFragmentInsertionTagProcessor [AbstractStandardFragmentInsertionTagProcessor.java:385] [THYMELEAF][http-nio-8082-exec-6][/site/discuss-detail] Deprecated unwrapped fragment expression "index::header" found in template /site/discuss-detail, line 15, col 38. Please use the complete syntax of fragment expressions instead ("~{index::header}"). The old, unwrapped syntax for fragment expressions will be removed in future versions of Thymeleaf.
2025-06-12 20:46:53,502 WARN [http-nio-8082-exec-6] o.t.s.p.AbstractStandardFragmentInsertionTagProcessor [AbstractStandardFragmentInsertionTagProcessor.java:385] [THYMELEAF][http-nio-8082-exec-6][/site/discuss-detail] Deprecated unwrapped fragment expression "index::pagination" found in template /site/discuss-detail, line 209, col 23. Please use the complete syntax of fragment expressions instead ("~{index::pagination}"). The old, unwrapped syntax for fragment expressions will be removed in future versions of Thymeleaf.
2025-06-12 20:47:04,923 WARN [http-nio-8082-exec-4] o.t.s.p.AbstractStandardFragmentInsertionTagProcessor [AbstractStandardFragmentInsertionTagProcessor.java:385] [THYMELEAF][http-nio-8082-exec-4][/site/discuss-detail] Deprecated unwrapped fragment expression "index::header" found in template /site/discuss-detail, line 15, col 38. Please use the complete syntax of fragment expressions instead ("~{index::header}"). The old, unwrapped syntax for fragment expressions will be removed in future versions of Thymeleaf.
2025-06-12 20:47:04,934 WARN [http-nio-8082-exec-4] o.t.s.p.AbstractStandardFragmentInsertionTagProcessor [AbstractStandardFragmentInsertionTagProcessor.java:385] [THYMELEAF][http-nio-8082-exec-4][/site/discuss-detail] Deprecated unwrapped fragment expression "index::pagination" found in template /site/discuss-detail, line 209, col 23. Please use the complete syntax of fragment expressions instead ("~{index::pagination}"). The old, unwrapped syntax for fragment expressions will be removed in future versions of Thymeleaf.
2025-06-12 21:45:49,726 WARN [restartedMain] o.e.c.RestClient [RequestLogger.java:72] request [HEAD http://localhost:9200/discusspost] returned 1 warnings: [299 Elasticsearch-7.17.1-e5acb99f822233d62d6444ce45a4543dc1c8059a "Elasticsearch built-in security features are not enabled. Without authentication, your cluster could be accessible to anyone. See https://www.elastic.co/guide/en/elasticsearch/reference/7.17/security-minimal-setup.html to enable security."]
2025-06-12 21:45:49,919 WARN [restartedMain] o.s.b.a.s.s.UserDetailsServiceAutoConfiguration [UserDetailsServiceAutoConfiguration.java:90] 

Using generated security password: 2e0b7b66-45e4-4b99-a0b1-1813efd30b36

This generated password is for development use only. Your security configuration must be updated before running your application in production.

2025-06-12 21:45:50,097 WARN [restartedMain] o.s.s.c.a.w.b.WebSecurity [WebSecurity.java:306] You are asking Spring Security to ignore Deferred [Mvc [pattern='/resources/**'], Ant [pattern='/resources/**']]. This is not recommended -- please use permitAll via HttpSecurity#authorizeHttpRequests instead.
2025-06-12 21:45:54,004 WARN [http-nio-8082-exec-1] o.s.w.s.m.s.DefaultHandlerExceptionResolver [AbstractHandlerExceptionResolver.java:254] Resolved [org.springframework.web.method.annotation.MethodArgumentTypeMismatchException: Method parameter 'discussPostId': Failed to convert value of type 'java.lang.String' to required type 'int'; For input string: "login"]
2025-06-12 21:45:57,210 WARN [http-nio-8082-exec-3] o.s.w.s.m.s.DefaultHandlerExceptionResolver [AbstractHandlerExceptionResolver.java:254] Resolved [org.springframework.web.method.annotation.MethodArgumentTypeMismatchException: Method parameter 'discussPostId': Failed to convert value of type 'java.lang.String' to required type 'int'; For input string: "login"]
2025-06-12 21:45:58,159 WARN [http-nio-8082-exec-4] o.t.s.p.AbstractStandardFragmentInsertionTagProcessor [AbstractStandardFragmentInsertionTagProcessor.java:385] [THYMELEAF][http-nio-8082-exec-4][/site/discuss-detail] Deprecated unwrapped fragment expression "index::header" found in template /site/discuss-detail, line 15, col 38. Please use the complete syntax of fragment expressions instead ("~{index::header}"). The old, unwrapped syntax for fragment expressions will be removed in future versions of Thymeleaf.
2025-06-12 21:45:58,213 WARN [http-nio-8082-exec-4] o.t.s.p.AbstractStandardFragmentInsertionTagProcessor [AbstractStandardFragmentInsertionTagProcessor.java:385] [THYMELEAF][http-nio-8082-exec-4][/site/discuss-detail] Deprecated unwrapped fragment expression "index::pagination" found in template /site/discuss-detail, line 209, col 23. Please use the complete syntax of fragment expressions instead ("~{index::pagination}"). The old, unwrapped syntax for fragment expressions will be removed in future versions of Thymeleaf.
2025-06-12 21:49:32,028 WARN [restartedMain] o.e.c.RestClient [RequestLogger.java:72] request [HEAD http://localhost:9200/discusspost] returned 1 warnings: [299 Elasticsearch-7.17.1-e5acb99f822233d62d6444ce45a4543dc1c8059a "Elasticsearch built-in security features are not enabled. Without authentication, your cluster could be accessible to anyone. See https://www.elastic.co/guide/en/elasticsearch/reference/7.17/security-minimal-setup.html to enable security."]
2025-06-12 21:49:32,068 WARN [restartedMain] o.s.b.a.s.s.UserDetailsServiceAutoConfiguration [UserDetailsServiceAutoConfiguration.java:90] 

Using generated security password: 1dfc88df-de4f-4508-bbbd-803e8c48bc1c

This generated password is for development use only. Your security configuration must be updated before running your application in production.

2025-06-12 21:49:32,145 WARN [restartedMain] o.s.s.c.a.w.b.WebSecurity [WebSecurity.java:306] You are asking Spring Security to ignore Deferred [Mvc [pattern='/resources/**'], Ant [pattern='/resources/**']]. This is not recommended -- please use permitAll via HttpSecurity#authorizeHttpRequests instead.
2025-06-12 22:07:01,859 WARN [HikariPool-2 housekeeper] c.z.h.p.HikariPool [HikariPool.java:797] HikariPool-2 - Thread starvation or clock leap detected (housekeeper delta=15m29s830ms).
2025-06-12 22:09:03,706 WARN [HikariPool-2 housekeeper] c.z.h.p.HikariPool [HikariPool.java:797] HikariPool-2 - Thread starvation or clock leap detected (housekeeper delta=2m1s850ms).
2025-06-12 22:14:03,475 WARN [HikariPool-2 housekeeper] c.z.h.p.HikariPool [HikariPool.java:797] HikariPool-2 - Thread starvation or clock leap detected (housekeeper delta=59s736ms).
2025-06-12 22:33:23,091 WARN [HikariPool-2 housekeeper] c.z.h.p.HikariPool [HikariPool.java:797] HikariPool-2 - Thread starvation or clock leap detected (housekeeper delta=10m49s532ms).
