2025-06-11 08:50:12,582 INFO [restartedMain] c.n.c.CommunityApplication [StartupInfoLogger.java:53] Starting CommunityApplication using Java 23.0.2 with PID 4182 (/Users/chutongren/Documents/job/nowcoder/community/target/classes started by chutongren in /Users/chutongren/Documents/job/nowcoder/community)
2025-06-11 08:50:12,585 INFO [restartedMain] c.n.c.CommunityApplication [SpringApplication.java:652] No active profile set, falling back to 1 default profile: "default"
2025-06-11 08:50:12,605 INFO [restartedMain] o.s.b.d.e.DevToolsPropertyDefaultsPostProcessor [DeferredLog.java:252] Devtools property defaults active! Set 'spring.devtools.add-properties' to 'false' to disable
2025-06-11 08:50:12,605 INFO [restartedMain] o.s.b.d.e.DevToolsPropertyDefaultsPostProcessor [DeferredLog.java:252] For additional web related logging consider setting the 'logging.level.web' property to 'DEBUG'
2025-06-11 08:50:13,006 INFO [restartedMain] o.s.d.r.c.RepositoryConfigurationDelegate [RepositoryConfigurationDelegate.java:295] Multiple Spring Data modules found, entering strict repository configuration mode
2025-06-11 08:50:13,007 INFO [restartedMain] o.s.d.r.c.RepositoryConfigurationDelegate [RepositoryConfigurationDelegate.java:143] Bootstrapping Spring Data Elasticsearch repositories in DEFAULT mode.
2025-06-11 08:50:13,078 INFO [restartedMain] o.s.d.r.c.RepositoryConfigurationDelegate [RepositoryConfigurationDelegate.java:211] Finished Spring Data repository scanning in 68 ms. Found 1 Elasticsearch repository interface.
2025-06-11 08:50:13,082 INFO [restartedMain] o.s.d.r.c.RepositoryConfigurationDelegate [RepositoryConfigurationDelegate.java:295] Multiple Spring Data modules found, entering strict repository configuration mode
2025-06-11 08:50:13,082 INFO [restartedMain] o.s.d.r.c.RepositoryConfigurationDelegate [RepositoryConfigurationDelegate.java:143] Bootstrapping Spring Data Reactive Elasticsearch repositories in DEFAULT mode.
2025-06-11 08:50:13,086 INFO [restartedMain] o.s.d.r.c.RepositoryConfigurationDelegate [RepositoryConfigurationDelegate.java:211] Finished Spring Data repository scanning in 3 ms. Found 0 Reactive Elasticsearch repository interfaces.
2025-06-11 08:50:13,093 INFO [restartedMain] o.s.d.r.c.RepositoryConfigurationDelegate [RepositoryConfigurationDelegate.java:295] Multiple Spring Data modules found, entering strict repository configuration mode
2025-06-11 08:50:13,094 INFO [restartedMain] o.s.d.r.c.RepositoryConfigurationDelegate [RepositoryConfigurationDelegate.java:143] Bootstrapping Spring Data Redis repositories in DEFAULT mode.
2025-06-11 08:50:13,101 INFO [restartedMain] o.s.d.r.c.RepositoryConfigurationExtensionSupport [RepositoryConfigurationExtensionSupport.java:327] Spring Data Redis - Could not safely identify store assignment for repository candidate interface com.nowcoder.community.dao.elasticsearch.DiscussPostRepository; If you want this repository to be a Redis repository, consider annotating your entities with one of these annotations: org.springframework.data.redis.core.RedisHash (preferred), or consider extending one of the following types with your repository: org.springframework.data.keyvalue.repository.KeyValueRepository
2025-06-11 08:50:13,101 INFO [restartedMain] o.s.d.r.c.RepositoryConfigurationDelegate [RepositoryConfigurationDelegate.java:211] Finished Spring Data repository scanning in 2 ms. Found 0 Redis repository interfaces.
2025-06-11 08:50:13,449 INFO [restartedMain] o.s.b.w.e.t.TomcatWebServer [TomcatWebServer.java:111] Tomcat initialized with port 8082 (http)
2025-06-11 08:50:13,457 INFO [restartedMain] o.a.c.h.Http11NioProtocol [DirectJDKLog.java:173] Initializing ProtocolHandler ["http-nio-8082"]
2025-06-11 08:50:13,458 INFO [restartedMain] o.a.c.c.StandardService [DirectJDKLog.java:173] Starting service [Tomcat]
2025-06-11 08:50:13,458 INFO [restartedMain] o.a.c.c.StandardEngine [DirectJDKLog.java:173] Starting Servlet engine: [Apache Tomcat/10.1.36]
2025-06-11 08:50:13,483 INFO [restartedMain] o.a.c.c.C.[.[.[/community] [DirectJDKLog.java:173] Initializing Spring embedded WebApplicationContext
2025-06-11 08:50:13,483 INFO [restartedMain] o.s.b.w.s.c.ServletWebServerApplicationContext [ServletWebServerApplicationContext.java:301] Root WebApplicationContext: initialization completed in 877 ms
2025-06-11 08:50:13,544 INFO [restartedMain] c.z.h.HikariDataSource [HikariDataSource.java:109] HikariPool-1 - Starting...
2025-06-11 08:50:14,633 INFO [restartedMain] o.a.c.c.StandardService [DirectJDKLog.java:173] Stopping service [Tomcat]
2025-06-11 08:50:14,644 INFO [restartedMain] o.s.b.a.l.ConditionEvaluationReportLogger [ConditionEvaluationReportLogger.java:82] 

Error starting ApplicationContext. To display the condition evaluation report re-run your application with 'debug' enabled.
2025-06-11 08:52:18,813 INFO [restartedMain] c.n.c.CommunityApplication [StartupInfoLogger.java:53] Starting CommunityApplication using Java 23.0.2 with PID 5240 (/Users/chutongren/Documents/job/nowcoder/community/target/classes started by chutongren in /Users/chutongren/Documents/job/nowcoder/community)
2025-06-11 08:52:18,814 INFO [restartedMain] c.n.c.CommunityApplication [SpringApplication.java:652] No active profile set, falling back to 1 default profile: "default"
2025-06-11 08:52:18,837 INFO [restartedMain] o.s.b.d.e.DevToolsPropertyDefaultsPostProcessor [DeferredLog.java:252] Devtools property defaults active! Set 'spring.devtools.add-properties' to 'false' to disable
2025-06-11 08:52:18,837 INFO [restartedMain] o.s.b.d.e.DevToolsPropertyDefaultsPostProcessor [DeferredLog.java:252] For additional web related logging consider setting the 'logging.level.web' property to 'DEBUG'
2025-06-11 08:52:19,233 INFO [restartedMain] o.s.d.r.c.RepositoryConfigurationDelegate [RepositoryConfigurationDelegate.java:295] Multiple Spring Data modules found, entering strict repository configuration mode
2025-06-11 08:52:19,234 INFO [restartedMain] o.s.d.r.c.RepositoryConfigurationDelegate [RepositoryConfigurationDelegate.java:143] Bootstrapping Spring Data Elasticsearch repositories in DEFAULT mode.
2025-06-11 08:52:19,304 INFO [restartedMain] o.s.d.r.c.RepositoryConfigurationDelegate [RepositoryConfigurationDelegate.java:211] Finished Spring Data repository scanning in 66 ms. Found 1 Elasticsearch repository interface.
2025-06-11 08:52:19,307 INFO [restartedMain] o.s.d.r.c.RepositoryConfigurationDelegate [RepositoryConfigurationDelegate.java:295] Multiple Spring Data modules found, entering strict repository configuration mode
2025-06-11 08:52:19,307 INFO [restartedMain] o.s.d.r.c.RepositoryConfigurationDelegate [RepositoryConfigurationDelegate.java:143] Bootstrapping Spring Data Reactive Elasticsearch repositories in DEFAULT mode.
2025-06-11 08:52:19,312 INFO [restartedMain] o.s.d.r.c.RepositoryConfigurationDelegate [RepositoryConfigurationDelegate.java:211] Finished Spring Data repository scanning in 3 ms. Found 0 Reactive Elasticsearch repository interfaces.
2025-06-11 08:52:19,319 INFO [restartedMain] o.s.d.r.c.RepositoryConfigurationDelegate [RepositoryConfigurationDelegate.java:295] Multiple Spring Data modules found, entering strict repository configuration mode
2025-06-11 08:52:19,320 INFO [restartedMain] o.s.d.r.c.RepositoryConfigurationDelegate [RepositoryConfigurationDelegate.java:143] Bootstrapping Spring Data Redis repositories in DEFAULT mode.
2025-06-11 08:52:19,327 INFO [restartedMain] o.s.d.r.c.RepositoryConfigurationExtensionSupport [RepositoryConfigurationExtensionSupport.java:327] Spring Data Redis - Could not safely identify store assignment for repository candidate interface com.nowcoder.community.dao.elasticsearch.DiscussPostRepository; If you want this repository to be a Redis repository, consider annotating your entities with one of these annotations: org.springframework.data.redis.core.RedisHash (preferred), or consider extending one of the following types with your repository: org.springframework.data.keyvalue.repository.KeyValueRepository
2025-06-11 08:52:19,327 INFO [restartedMain] o.s.d.r.c.RepositoryConfigurationDelegate [RepositoryConfigurationDelegate.java:211] Finished Spring Data repository scanning in 3 ms. Found 0 Redis repository interfaces.
2025-06-11 08:52:19,627 INFO [restartedMain] o.s.b.w.e.t.TomcatWebServer [TomcatWebServer.java:111] Tomcat initialized with port 8082 (http)
2025-06-11 08:52:19,634 INFO [restartedMain] o.a.c.h.Http11NioProtocol [DirectJDKLog.java:173] Initializing ProtocolHandler ["http-nio-8082"]
2025-06-11 08:52:19,635 INFO [restartedMain] o.a.c.c.StandardService [DirectJDKLog.java:173] Starting service [Tomcat]
2025-06-11 08:52:19,635 INFO [restartedMain] o.a.c.c.StandardEngine [DirectJDKLog.java:173] Starting Servlet engine: [Apache Tomcat/10.1.36]
2025-06-11 08:52:19,659 INFO [restartedMain] o.a.c.c.C.[.[.[/community] [DirectJDKLog.java:173] Initializing Spring embedded WebApplicationContext
2025-06-11 08:52:19,659 INFO [restartedMain] o.s.b.w.s.c.ServletWebServerApplicationContext [ServletWebServerApplicationContext.java:301] Root WebApplicationContext: initialization completed in 822 ms
2025-06-11 08:52:19,712 INFO [restartedMain] c.z.h.HikariDataSource [HikariDataSource.java:109] HikariPool-1 - Starting...
2025-06-11 08:52:20,796 INFO [restartedMain] o.a.c.c.StandardService [DirectJDKLog.java:173] Stopping service [Tomcat]
2025-06-11 08:52:20,809 INFO [restartedMain] o.s.b.a.l.ConditionEvaluationReportLogger [ConditionEvaluationReportLogger.java:82] 

Error starting ApplicationContext. To display the condition evaluation report re-run your application with 'debug' enabled.
2025-06-11 08:54:16,659 INFO [restartedMain] c.n.c.CommunityApplication [StartupInfoLogger.java:53] Starting CommunityApplication using Java 23.0.2 with PID 5336 (/Users/chutongren/Documents/job/nowcoder/community/target/classes started by chutongren in /Users/chutongren/Documents/job/nowcoder/community)
2025-06-11 08:54:16,661 INFO [restartedMain] c.n.c.CommunityApplication [SpringApplication.java:652] No active profile set, falling back to 1 default profile: "default"
2025-06-11 08:54:16,683 INFO [restartedMain] o.s.b.d.e.DevToolsPropertyDefaultsPostProcessor [DeferredLog.java:252] Devtools property defaults active! Set 'spring.devtools.add-properties' to 'false' to disable
2025-06-11 08:54:16,683 INFO [restartedMain] o.s.b.d.e.DevToolsPropertyDefaultsPostProcessor [DeferredLog.java:252] For additional web related logging consider setting the 'logging.level.web' property to 'DEBUG'
2025-06-11 08:54:17,098 INFO [restartedMain] o.s.d.r.c.RepositoryConfigurationDelegate [RepositoryConfigurationDelegate.java:295] Multiple Spring Data modules found, entering strict repository configuration mode
2025-06-11 08:54:17,099 INFO [restartedMain] o.s.d.r.c.RepositoryConfigurationDelegate [RepositoryConfigurationDelegate.java:143] Bootstrapping Spring Data Elasticsearch repositories in DEFAULT mode.
2025-06-11 08:54:17,167 INFO [restartedMain] o.s.d.r.c.RepositoryConfigurationDelegate [RepositoryConfigurationDelegate.java:211] Finished Spring Data repository scanning in 65 ms. Found 1 Elasticsearch repository interface.
2025-06-11 08:54:17,170 INFO [restartedMain] o.s.d.r.c.RepositoryConfigurationDelegate [RepositoryConfigurationDelegate.java:295] Multiple Spring Data modules found, entering strict repository configuration mode
2025-06-11 08:54:17,170 INFO [restartedMain] o.s.d.r.c.RepositoryConfigurationDelegate [RepositoryConfigurationDelegate.java:143] Bootstrapping Spring Data Reactive Elasticsearch repositories in DEFAULT mode.
2025-06-11 08:54:17,174 INFO [restartedMain] o.s.d.r.c.RepositoryConfigurationDelegate [RepositoryConfigurationDelegate.java:211] Finished Spring Data repository scanning in 3 ms. Found 0 Reactive Elasticsearch repository interfaces.
2025-06-11 08:54:17,181 INFO [restartedMain] o.s.d.r.c.RepositoryConfigurationDelegate [RepositoryConfigurationDelegate.java:295] Multiple Spring Data modules found, entering strict repository configuration mode
2025-06-11 08:54:17,182 INFO [restartedMain] o.s.d.r.c.RepositoryConfigurationDelegate [RepositoryConfigurationDelegate.java:143] Bootstrapping Spring Data Redis repositories in DEFAULT mode.
2025-06-11 08:54:17,188 INFO [restartedMain] o.s.d.r.c.RepositoryConfigurationExtensionSupport [RepositoryConfigurationExtensionSupport.java:327] Spring Data Redis - Could not safely identify store assignment for repository candidate interface com.nowcoder.community.dao.elasticsearch.DiscussPostRepository; If you want this repository to be a Redis repository, consider annotating your entities with one of these annotations: org.springframework.data.redis.core.RedisHash (preferred), or consider extending one of the following types with your repository: org.springframework.data.keyvalue.repository.KeyValueRepository
2025-06-11 08:54:17,188 INFO [restartedMain] o.s.d.r.c.RepositoryConfigurationDelegate [RepositoryConfigurationDelegate.java:211] Finished Spring Data repository scanning in 2 ms. Found 0 Redis repository interfaces.
2025-06-11 08:54:17,478 INFO [restartedMain] o.s.b.w.e.t.TomcatWebServer [TomcatWebServer.java:111] Tomcat initialized with port 8082 (http)
2025-06-11 08:54:17,484 INFO [restartedMain] o.a.c.h.Http11NioProtocol [DirectJDKLog.java:173] Initializing ProtocolHandler ["http-nio-8082"]
2025-06-11 08:54:17,485 INFO [restartedMain] o.a.c.c.StandardService [DirectJDKLog.java:173] Starting service [Tomcat]
2025-06-11 08:54:17,485 INFO [restartedMain] o.a.c.c.StandardEngine [DirectJDKLog.java:173] Starting Servlet engine: [Apache Tomcat/10.1.36]
2025-06-11 08:54:17,510 INFO [restartedMain] o.a.c.c.C.[.[.[/community] [DirectJDKLog.java:173] Initializing Spring embedded WebApplicationContext
2025-06-11 08:54:17,510 INFO [restartedMain] o.s.b.w.s.c.ServletWebServerApplicationContext [ServletWebServerApplicationContext.java:301] Root WebApplicationContext: initialization completed in 827 ms
2025-06-11 08:54:17,563 INFO [restartedMain] c.z.h.HikariDataSource [HikariDataSource.java:109] HikariPool-1 - Starting...
2025-06-11 08:54:17,649 INFO [restartedMain] c.z.h.p.HikariPool [HikariPool.java:554] HikariPool-1 - Added connection com.mysql.cj.jdbc.ConnectionImpl@24ea9157
2025-06-11 08:54:17,650 INFO [restartedMain] c.z.h.HikariDataSource [HikariDataSource.java:122] HikariPool-1 - Start completed.
2025-06-11 08:54:17,980 INFO [restartedMain] o.s.b.f.a.AutowiredAnnotationBeanPostProcessor [AutowiredAnnotationBeanPostProcessor.java:578] Autowired annotation is not supported on static fields: private static final org.slf4j.Logger com.nowcoder.community.controller.SearchController.logger
2025-06-11 08:54:18,178 INFO [restartedMain] o.s.b.d.a.OptionalLiveReloadServer [OptionalLiveReloadServer.java:59] LiveReload server is running on port 35729
2025-06-11 08:54:18,244 INFO [restartedMain] c.z.h.HikariDataSource [HikariDataSource.java:349] HikariPool-1 - Shutdown initiated...
2025-06-11 08:54:18,247 INFO [restartedMain] c.z.h.HikariDataSource [HikariDataSource.java:351] HikariPool-1 - Shutdown completed.
2025-06-11 08:54:18,249 INFO [restartedMain] o.a.c.c.StandardService [DirectJDKLog.java:173] Stopping service [Tomcat]
2025-06-11 08:54:18,255 INFO [restartedMain] o.s.b.a.l.ConditionEvaluationReportLogger [ConditionEvaluationReportLogger.java:82] 

Error starting ApplicationContext. To display the condition evaluation report re-run your application with 'debug' enabled.
2025-06-11 08:55:15,605 INFO [restartedMain] c.n.c.CommunityApplication [StartupInfoLogger.java:53] Starting CommunityApplication using Java 23.0.2 with PID 5425 (/Users/chutongren/Documents/job/nowcoder/community/target/classes started by chutongren in /Users/chutongren/Documents/job/nowcoder/community)
2025-06-11 08:55:15,607 INFO [restartedMain] c.n.c.CommunityApplication [SpringApplication.java:652] No active profile set, falling back to 1 default profile: "default"
2025-06-11 08:55:15,633 INFO [restartedMain] o.s.b.d.e.DevToolsPropertyDefaultsPostProcessor [DeferredLog.java:252] Devtools property defaults active! Set 'spring.devtools.add-properties' to 'false' to disable
2025-06-11 08:55:15,633 INFO [restartedMain] o.s.b.d.e.DevToolsPropertyDefaultsPostProcessor [DeferredLog.java:252] For additional web related logging consider setting the 'logging.level.web' property to 'DEBUG'
2025-06-11 08:55:16,029 INFO [restartedMain] o.s.d.r.c.RepositoryConfigurationDelegate [RepositoryConfigurationDelegate.java:295] Multiple Spring Data modules found, entering strict repository configuration mode
2025-06-11 08:55:16,030 INFO [restartedMain] o.s.d.r.c.RepositoryConfigurationDelegate [RepositoryConfigurationDelegate.java:143] Bootstrapping Spring Data Elasticsearch repositories in DEFAULT mode.
2025-06-11 08:55:16,099 INFO [restartedMain] o.s.d.r.c.RepositoryConfigurationDelegate [RepositoryConfigurationDelegate.java:211] Finished Spring Data repository scanning in 67 ms. Found 1 Elasticsearch repository interface.
2025-06-11 08:55:16,103 INFO [restartedMain] o.s.d.r.c.RepositoryConfigurationDelegate [RepositoryConfigurationDelegate.java:295] Multiple Spring Data modules found, entering strict repository configuration mode
2025-06-11 08:55:16,103 INFO [restartedMain] o.s.d.r.c.RepositoryConfigurationDelegate [RepositoryConfigurationDelegate.java:143] Bootstrapping Spring Data Reactive Elasticsearch repositories in DEFAULT mode.
2025-06-11 08:55:16,107 INFO [restartedMain] o.s.d.r.c.RepositoryConfigurationDelegate [RepositoryConfigurationDelegate.java:211] Finished Spring Data repository scanning in 3 ms. Found 0 Reactive Elasticsearch repository interfaces.
2025-06-11 08:55:16,114 INFO [restartedMain] o.s.d.r.c.RepositoryConfigurationDelegate [RepositoryConfigurationDelegate.java:295] Multiple Spring Data modules found, entering strict repository configuration mode
2025-06-11 08:55:16,115 INFO [restartedMain] o.s.d.r.c.RepositoryConfigurationDelegate [RepositoryConfigurationDelegate.java:143] Bootstrapping Spring Data Redis repositories in DEFAULT mode.
2025-06-11 08:55:16,121 INFO [restartedMain] o.s.d.r.c.RepositoryConfigurationExtensionSupport [RepositoryConfigurationExtensionSupport.java:327] Spring Data Redis - Could not safely identify store assignment for repository candidate interface com.nowcoder.community.dao.elasticsearch.DiscussPostRepository; If you want this repository to be a Redis repository, consider annotating your entities with one of these annotations: org.springframework.data.redis.core.RedisHash (preferred), or consider extending one of the following types with your repository: org.springframework.data.keyvalue.repository.KeyValueRepository
2025-06-11 08:55:16,121 INFO [restartedMain] o.s.d.r.c.RepositoryConfigurationDelegate [RepositoryConfigurationDelegate.java:211] Finished Spring Data repository scanning in 2 ms. Found 0 Redis repository interfaces.
2025-06-11 08:55:16,473 INFO [restartedMain] o.s.b.w.e.t.TomcatWebServer [TomcatWebServer.java:111] Tomcat initialized with port 8082 (http)
2025-06-11 08:55:16,481 INFO [restartedMain] o.a.c.h.Http11NioProtocol [DirectJDKLog.java:173] Initializing ProtocolHandler ["http-nio-8082"]
2025-06-11 08:55:16,482 INFO [restartedMain] o.a.c.c.StandardService [DirectJDKLog.java:173] Starting service [Tomcat]
2025-06-11 08:55:16,482 INFO [restartedMain] o.a.c.c.StandardEngine [DirectJDKLog.java:173] Starting Servlet engine: [Apache Tomcat/10.1.36]
2025-06-11 08:55:16,507 INFO [restartedMain] o.a.c.c.C.[.[.[/community] [DirectJDKLog.java:173] Initializing Spring embedded WebApplicationContext
2025-06-11 08:55:16,508 INFO [restartedMain] o.s.b.w.s.c.ServletWebServerApplicationContext [ServletWebServerApplicationContext.java:301] Root WebApplicationContext: initialization completed in 875 ms
2025-06-11 08:55:16,577 INFO [restartedMain] c.z.h.HikariDataSource [HikariDataSource.java:109] HikariPool-1 - Starting...
2025-06-11 08:55:16,667 INFO [restartedMain] c.z.h.p.HikariPool [HikariPool.java:554] HikariPool-1 - Added connection com.mysql.cj.jdbc.ConnectionImpl@3ba73768
2025-06-11 08:55:16,668 INFO [restartedMain] c.z.h.HikariDataSource [HikariDataSource.java:122] HikariPool-1 - Start completed.
2025-06-11 08:55:17,045 INFO [restartedMain] o.s.b.f.a.AutowiredAnnotationBeanPostProcessor [AutowiredAnnotationBeanPostProcessor.java:578] Autowired annotation is not supported on static fields: private static final org.slf4j.Logger com.nowcoder.community.controller.SearchController.logger
2025-06-11 08:55:17,250 INFO [restartedMain] o.s.b.d.a.OptionalLiveReloadServer [OptionalLiveReloadServer.java:59] LiveReload server is running on port 35729
2025-06-11 08:55:17,556 INFO [restartedMain] o.s.s.c.a.a.c.InitializeUserDetailsBeanManagerConfigurer$InitializeUserDetailsManagerConfigurer [InitializeUserDetailsBeanManagerConfigurer.java:114] Global AuthenticationManager configured with UserDetailsService bean with name inMemoryUserDetailsManager
2025-06-11 08:55:17,602 INFO [restartedMain] o.s.b.a.w.s.WelcomePageHandlerMapping [WelcomePageHandlerMapping.java:59] Adding welcome page template: index
2025-06-11 08:55:17,859 INFO [restartedMain] o.q.i.StdSchedulerFactory [StdSchedulerFactory.java:1220] Using default implementation for ThreadExecutor
2025-06-11 08:55:17,864 INFO [restartedMain] o.q.c.SchedulerSignalerImpl [SchedulerSignalerImpl.java:61] Initialized Scheduler Signaller of type: class org.quartz.core.SchedulerSignalerImpl
2025-06-11 08:55:17,864 INFO [restartedMain] o.q.c.QuartzScheduler [QuartzScheduler.java:229] Quartz Scheduler v.2.3.2 created.
2025-06-11 08:55:17,865 INFO [restartedMain] o.s.s.q.LocalDataSourceJobStore [JobStoreSupport.java:672] Using db table-based data access locking (synchronization).
2025-06-11 08:55:17,866 INFO [restartedMain] o.s.s.q.LocalDataSourceJobStore [JobStoreCMT.java:145] JobStoreCMT initialized.
2025-06-11 08:55:17,866 INFO [restartedMain] o.q.c.QuartzScheduler [QuartzScheduler.java:294] Scheduler meta-data: Quartz Scheduler (v2.3.2) 'communityScheduler' with instanceId 'ChutongdeMacBook-Pro.local1749624917860'
  Scheduler class: 'org.quartz.core.QuartzScheduler' - running locally.
  NOT STARTED.
  Currently in standby mode.
  Number of jobs executed: 0
  Using thread pool 'org.quartz.simpl.SimpleThreadPool' - with 5 threads.
  Using job-store 'org.springframework.scheduling.quartz.LocalDataSourceJobStore' - which supports persistence. and is clustered.

2025-06-11 08:55:17,866 INFO [restartedMain] o.q.i.StdSchedulerFactory [StdSchedulerFactory.java:1374] Quartz scheduler 'communityScheduler' initialized from an externally provided properties instance.
2025-06-11 08:55:17,866 INFO [restartedMain] o.q.i.StdSchedulerFactory [StdSchedulerFactory.java:1378] Quartz scheduler version: 2.3.2
2025-06-11 08:55:17,867 INFO [restartedMain] o.q.c.QuartzScheduler [QuartzScheduler.java:2293] JobFactory set to: org.springframework.scheduling.quartz.SpringBeanJobFactory@350fa2ac
2025-06-11 08:55:17,958 INFO [restartedMain] o.a.c.h.Http11NioProtocol [DirectJDKLog.java:173] Starting ProtocolHandler ["http-nio-8082"]
2025-06-11 08:55:17,962 INFO [restartedMain] o.s.b.w.e.t.TomcatWebServer [TomcatWebServer.java:243] Tomcat started on port 8082 (http) with context path '/community'
2025-06-11 08:55:17,982 INFO [restartedMain] o.a.k.c.c.ConsumerConfig [AbstractConfig.java:372] ConsumerConfig values: 
	allow.auto.create.topics = true
	auto.commit.interval.ms = 3000
	auto.include.jmx.reporter = true
	auto.offset.reset = latest
	bootstrap.servers = [localhost:9092]
	check.crcs = true
	client.dns.lookup = use_all_dns_ips
	client.id = consumer-test-consumer-group-1
	client.rack = 
	connections.max.idle.ms = 540000
	default.api.timeout.ms = 60000
	enable.auto.commit = true
	enable.metrics.push = true
	exclude.internal.topics = true
	fetch.max.bytes = 52428800
	fetch.max.wait.ms = 500
	fetch.min.bytes = 1
	group.id = test-consumer-group
	group.instance.id = null
	group.protocol = classic
	group.remote.assignor = null
	heartbeat.interval.ms = 3000
	interceptor.classes = []
	internal.leave.group.on.close = true
	internal.throw.on.fetch.stable.offset.unsupported = false
	isolation.level = read_uncommitted
	key.deserializer = class org.apache.kafka.common.serialization.StringDeserializer
	max.partition.fetch.bytes = 1048576
	max.poll.interval.ms = 300000
	max.poll.records = 500
	metadata.max.age.ms = 300000
	metadata.recovery.strategy = none
	metric.reporters = []
	metrics.num.samples = 2
	metrics.recording.level = INFO
	metrics.sample.window.ms = 30000
	partition.assignment.strategy = [class org.apache.kafka.clients.consumer.RangeAssignor, class org.apache.kafka.clients.consumer.CooperativeStickyAssignor]
	receive.buffer.bytes = 65536
	reconnect.backoff.max.ms = 1000
	reconnect.backoff.ms = 50
	request.timeout.ms = 30000
	retry.backoff.max.ms = 1000
	retry.backoff.ms = 100
	sasl.client.callback.handler.class = null
	sasl.jaas.config = null
	sasl.kerberos.kinit.cmd = /usr/bin/kinit
	sasl.kerberos.min.time.before.relogin = 60000
	sasl.kerberos.service.name = null
	sasl.kerberos.ticket.renew.jitter = 0.05
	sasl.kerberos.ticket.renew.window.factor = 0.8
	sasl.login.callback.handler.class = null
	sasl.login.class = null
	sasl.login.connect.timeout.ms = null
	sasl.login.read.timeout.ms = null
	sasl.login.refresh.buffer.seconds = 300
	sasl.login.refresh.min.period.seconds = 60
	sasl.login.refresh.window.factor = 0.8
	sasl.login.refresh.window.jitter = 0.05
	sasl.login.retry.backoff.max.ms = 10000
	sasl.login.retry.backoff.ms = 100
	sasl.mechanism = GSSAPI
	sasl.oauthbearer.clock.skew.seconds = 30
	sasl.oauthbearer.expected.audience = null
	sasl.oauthbearer.expected.issuer = null
	sasl.oauthbearer.jwks.endpoint.refresh.ms = 3600000
	sasl.oauthbearer.jwks.endpoint.retry.backoff.max.ms = 10000
	sasl.oauthbearer.jwks.endpoint.retry.backoff.ms = 100
	sasl.oauthbearer.jwks.endpoint.url = null
	sasl.oauthbearer.scope.claim.name = scope
	sasl.oauthbearer.sub.claim.name = sub
	sasl.oauthbearer.token.endpoint.url = null
	security.protocol = PLAINTEXT
	security.providers = null
	send.buffer.bytes = 131072
	session.timeout.ms = 45000
	socket.connection.setup.timeout.max.ms = 30000
	socket.connection.setup.timeout.ms = 10000
	ssl.cipher.suites = null
	ssl.enabled.protocols = [TLSv1.2, TLSv1.3]
	ssl.endpoint.identification.algorithm = https
	ssl.engine.factory.class = null
	ssl.key.password = null
	ssl.keymanager.algorithm = SunX509
	ssl.keystore.certificate.chain = null
	ssl.keystore.key = null
	ssl.keystore.location = null
	ssl.keystore.password = null
	ssl.keystore.type = JKS
	ssl.protocol = TLSv1.3
	ssl.provider = null
	ssl.secure.random.implementation = null
	ssl.trustmanager.algorithm = PKIX
	ssl.truststore.certificates = null
	ssl.truststore.location = null
	ssl.truststore.password = null
	ssl.truststore.type = JKS
	value.deserializer = class org.apache.kafka.common.serialization.StringDeserializer

2025-06-11 08:55:18,005 INFO [restartedMain] o.a.k.c.t.i.KafkaMetricsCollector [KafkaMetricsCollector.java:269] initializing Kafka metrics collector
2025-06-11 08:55:18,045 INFO [restartedMain] o.a.k.c.u.AppInfoParser [AppInfoParser.java:124] Kafka version: 3.8.1
2025-06-11 08:55:18,046 INFO [restartedMain] o.a.k.c.u.AppInfoParser [AppInfoParser.java:125] Kafka commitId: 70d6ff42debf7e17
2025-06-11 08:55:18,046 INFO [restartedMain] o.a.k.c.u.AppInfoParser [AppInfoParser.java:126] Kafka startTimeMs: 1749624918045
2025-06-11 08:55:18,048 INFO [restartedMain] o.a.k.c.c.i.LegacyKafkaConsumer [LegacyKafkaConsumer.java:476] [Consumer clientId=consumer-test-consumer-group-1, groupId=test-consumer-group] Subscribed to topic(s): delete
2025-06-11 08:55:18,052 INFO [restartedMain] o.a.k.c.c.ConsumerConfig [AbstractConfig.java:372] ConsumerConfig values: 
	allow.auto.create.topics = true
	auto.commit.interval.ms = 3000
	auto.include.jmx.reporter = true
	auto.offset.reset = latest
	bootstrap.servers = [localhost:9092]
	check.crcs = true
	client.dns.lookup = use_all_dns_ips
	client.id = consumer-test-consumer-group-2
	client.rack = 
	connections.max.idle.ms = 540000
	default.api.timeout.ms = 60000
	enable.auto.commit = true
	enable.metrics.push = true
	exclude.internal.topics = true
	fetch.max.bytes = 52428800
	fetch.max.wait.ms = 500
	fetch.min.bytes = 1
	group.id = test-consumer-group
	group.instance.id = null
	group.protocol = classic
	group.remote.assignor = null
	heartbeat.interval.ms = 3000
	interceptor.classes = []
	internal.leave.group.on.close = true
	internal.throw.on.fetch.stable.offset.unsupported = false
	isolation.level = read_uncommitted
	key.deserializer = class org.apache.kafka.common.serialization.StringDeserializer
	max.partition.fetch.bytes = 1048576
	max.poll.interval.ms = 300000
	max.poll.records = 500
	metadata.max.age.ms = 300000
	metadata.recovery.strategy = none
	metric.reporters = []
	metrics.num.samples = 2
	metrics.recording.level = INFO
	metrics.sample.window.ms = 30000
	partition.assignment.strategy = [class org.apache.kafka.clients.consumer.RangeAssignor, class org.apache.kafka.clients.consumer.CooperativeStickyAssignor]
	receive.buffer.bytes = 65536
	reconnect.backoff.max.ms = 1000
	reconnect.backoff.ms = 50
	request.timeout.ms = 30000
	retry.backoff.max.ms = 1000
	retry.backoff.ms = 100
	sasl.client.callback.handler.class = null
	sasl.jaas.config = null
	sasl.kerberos.kinit.cmd = /usr/bin/kinit
	sasl.kerberos.min.time.before.relogin = 60000
	sasl.kerberos.service.name = null
	sasl.kerberos.ticket.renew.jitter = 0.05
	sasl.kerberos.ticket.renew.window.factor = 0.8
	sasl.login.callback.handler.class = null
	sasl.login.class = null
	sasl.login.connect.timeout.ms = null
	sasl.login.read.timeout.ms = null
	sasl.login.refresh.buffer.seconds = 300
	sasl.login.refresh.min.period.seconds = 60
	sasl.login.refresh.window.factor = 0.8
	sasl.login.refresh.window.jitter = 0.05
	sasl.login.retry.backoff.max.ms = 10000
	sasl.login.retry.backoff.ms = 100
	sasl.mechanism = GSSAPI
	sasl.oauthbearer.clock.skew.seconds = 30
	sasl.oauthbearer.expected.audience = null
	sasl.oauthbearer.expected.issuer = null
	sasl.oauthbearer.jwks.endpoint.refresh.ms = 3600000
	sasl.oauthbearer.jwks.endpoint.retry.backoff.max.ms = 10000
	sasl.oauthbearer.jwks.endpoint.retry.backoff.ms = 100
	sasl.oauthbearer.jwks.endpoint.url = null
	sasl.oauthbearer.scope.claim.name = scope
	sasl.oauthbearer.sub.claim.name = sub
	sasl.oauthbearer.token.endpoint.url = null
	security.protocol = PLAINTEXT
	security.providers = null
	send.buffer.bytes = 131072
	session.timeout.ms = 45000
	socket.connection.setup.timeout.max.ms = 30000
	socket.connection.setup.timeout.ms = 10000
	ssl.cipher.suites = null
	ssl.enabled.protocols = [TLSv1.2, TLSv1.3]
	ssl.endpoint.identification.algorithm = https
	ssl.engine.factory.class = null
	ssl.key.password = null
	ssl.keymanager.algorithm = SunX509
	ssl.keystore.certificate.chain = null
	ssl.keystore.key = null
	ssl.keystore.location = null
	ssl.keystore.password = null
	ssl.keystore.type = JKS
	ssl.protocol = TLSv1.3
	ssl.provider = null
	ssl.secure.random.implementation = null
	ssl.trustmanager.algorithm = PKIX
	ssl.truststore.certificates = null
	ssl.truststore.location = null
	ssl.truststore.password = null
	ssl.truststore.type = JKS
	value.deserializer = class org.apache.kafka.common.serialization.StringDeserializer

2025-06-11 08:55:18,052 INFO [restartedMain] o.a.k.c.t.i.KafkaMetricsCollector [KafkaMetricsCollector.java:269] initializing Kafka metrics collector
2025-06-11 08:55:18,055 INFO [restartedMain] o.a.k.c.u.AppInfoParser [AppInfoParser.java:124] Kafka version: 3.8.1
2025-06-11 08:55:18,055 INFO [restartedMain] o.a.k.c.u.AppInfoParser [AppInfoParser.java:125] Kafka commitId: 70d6ff42debf7e17
2025-06-11 08:55:18,055 INFO [restartedMain] o.a.k.c.u.AppInfoParser [AppInfoParser.java:126] Kafka startTimeMs: 1749624918055
2025-06-11 08:55:18,055 INFO [restartedMain] o.a.k.c.c.i.LegacyKafkaConsumer [LegacyKafkaConsumer.java:476] [Consumer clientId=consumer-test-consumer-group-2, groupId=test-consumer-group] Subscribed to topic(s): comment, like, follow
2025-06-11 08:55:18,056 INFO [restartedMain] o.a.k.c.c.ConsumerConfig [AbstractConfig.java:372] ConsumerConfig values: 
	allow.auto.create.topics = true
	auto.commit.interval.ms = 3000
	auto.include.jmx.reporter = true
	auto.offset.reset = latest
	bootstrap.servers = [localhost:9092]
	check.crcs = true
	client.dns.lookup = use_all_dns_ips
	client.id = consumer-test-consumer-group-3
	client.rack = 
	connections.max.idle.ms = 540000
	default.api.timeout.ms = 60000
	enable.auto.commit = true
	enable.metrics.push = true
	exclude.internal.topics = true
	fetch.max.bytes = 52428800
	fetch.max.wait.ms = 500
	fetch.min.bytes = 1
	group.id = test-consumer-group
	group.instance.id = null
	group.protocol = classic
	group.remote.assignor = null
	heartbeat.interval.ms = 3000
	interceptor.classes = []
	internal.leave.group.on.close = true
	internal.throw.on.fetch.stable.offset.unsupported = false
	isolation.level = read_uncommitted
	key.deserializer = class org.apache.kafka.common.serialization.StringDeserializer
	max.partition.fetch.bytes = 1048576
	max.poll.interval.ms = 300000
	max.poll.records = 500
	metadata.max.age.ms = 300000
	metadata.recovery.strategy = none
	metric.reporters = []
	metrics.num.samples = 2
	metrics.recording.level = INFO
	metrics.sample.window.ms = 30000
	partition.assignment.strategy = [class org.apache.kafka.clients.consumer.RangeAssignor, class org.apache.kafka.clients.consumer.CooperativeStickyAssignor]
	receive.buffer.bytes = 65536
	reconnect.backoff.max.ms = 1000
	reconnect.backoff.ms = 50
	request.timeout.ms = 30000
	retry.backoff.max.ms = 1000
	retry.backoff.ms = 100
	sasl.client.callback.handler.class = null
	sasl.jaas.config = null
	sasl.kerberos.kinit.cmd = /usr/bin/kinit
	sasl.kerberos.min.time.before.relogin = 60000
	sasl.kerberos.service.name = null
	sasl.kerberos.ticket.renew.jitter = 0.05
	sasl.kerberos.ticket.renew.window.factor = 0.8
	sasl.login.callback.handler.class = null
	sasl.login.class = null
	sasl.login.connect.timeout.ms = null
	sasl.login.read.timeout.ms = null
	sasl.login.refresh.buffer.seconds = 300
	sasl.login.refresh.min.period.seconds = 60
	sasl.login.refresh.window.factor = 0.8
	sasl.login.refresh.window.jitter = 0.05
	sasl.login.retry.backoff.max.ms = 10000
	sasl.login.retry.backoff.ms = 100
	sasl.mechanism = GSSAPI
	sasl.oauthbearer.clock.skew.seconds = 30
	sasl.oauthbearer.expected.audience = null
	sasl.oauthbearer.expected.issuer = null
	sasl.oauthbearer.jwks.endpoint.refresh.ms = 3600000
	sasl.oauthbearer.jwks.endpoint.retry.backoff.max.ms = 10000
	sasl.oauthbearer.jwks.endpoint.retry.backoff.ms = 100
	sasl.oauthbearer.jwks.endpoint.url = null
	sasl.oauthbearer.scope.claim.name = scope
	sasl.oauthbearer.sub.claim.name = sub
	sasl.oauthbearer.token.endpoint.url = null
	security.protocol = PLAINTEXT
	security.providers = null
	send.buffer.bytes = 131072
	session.timeout.ms = 45000
	socket.connection.setup.timeout.max.ms = 30000
	socket.connection.setup.timeout.ms = 10000
	ssl.cipher.suites = null
	ssl.enabled.protocols = [TLSv1.2, TLSv1.3]
	ssl.endpoint.identification.algorithm = https
	ssl.engine.factory.class = null
	ssl.key.password = null
	ssl.keymanager.algorithm = SunX509
	ssl.keystore.certificate.chain = null
	ssl.keystore.key = null
	ssl.keystore.location = null
	ssl.keystore.password = null
	ssl.keystore.type = JKS
	ssl.protocol = TLSv1.3
	ssl.provider = null
	ssl.secure.random.implementation = null
	ssl.trustmanager.algorithm = PKIX
	ssl.truststore.certificates = null
	ssl.truststore.location = null
	ssl.truststore.password = null
	ssl.truststore.type = JKS
	value.deserializer = class org.apache.kafka.common.serialization.StringDeserializer

2025-06-11 08:55:18,056 INFO [restartedMain] o.a.k.c.t.i.KafkaMetricsCollector [KafkaMetricsCollector.java:269] initializing Kafka metrics collector
2025-06-11 08:55:18,058 INFO [restartedMain] o.a.k.c.u.AppInfoParser [AppInfoParser.java:124] Kafka version: 3.8.1
2025-06-11 08:55:18,058 INFO [restartedMain] o.a.k.c.u.AppInfoParser [AppInfoParser.java:125] Kafka commitId: 70d6ff42debf7e17
2025-06-11 08:55:18,059 INFO [restartedMain] o.a.k.c.u.AppInfoParser [AppInfoParser.java:126] Kafka startTimeMs: 1749624918058
2025-06-11 08:55:18,059 INFO [restartedMain] o.a.k.c.c.i.LegacyKafkaConsumer [LegacyKafkaConsumer.java:476] [Consumer clientId=consumer-test-consumer-group-3, groupId=test-consumer-group] Subscribed to topic(s): publish
2025-06-11 08:55:18,059 INFO [restartedMain] o.s.s.q.SchedulerFactoryBean [SchedulerFactoryBean.java:730] Starting Quartz Scheduler now
2025-06-11 08:55:18,137 INFO [restartedMain] o.s.s.q.LocalDataSourceJobStore [JobStoreSupport.java:3644] ClusterManager: detected 1 failed or restarted instances.
2025-06-11 08:55:18,138 INFO [restartedMain] o.s.s.q.LocalDataSourceJobStore [JobStoreSupport.java:3503] ClusterManager: Scanning for instance "h137.tum.vpn.lrz.de1749340328132"'s failed in-progress jobs.
2025-06-11 08:55:18,179 INFO [restartedMain] o.q.c.QuartzScheduler [QuartzScheduler.java:547] Scheduler communityScheduler_$_ChutongdeMacBook-Pro.local1749624917860 started.
2025-06-11 08:55:18,186 INFO [restartedMain] c.n.c.CommunityApplication [StartupInfoLogger.java:59] Started CommunityApplication in 2.822 seconds (process running for 3.222)
2025-06-11 08:55:18,200 INFO [QuartzScheduler_communityScheduler-ChutongdeMacBook-Pro.local1749624917860_MisfireHandler] o.s.s.q.LocalDataSourceJobStore [JobStoreSupport.java:973] Handling 1 trigger(s) that missed their scheduled fire-time.
2025-06-11 08:55:18,262 INFO [org.springframework.kafka.KafkaListenerEndpointContainer#2-0-C-1] o.a.k.c.Metadata [Metadata.java:364] [Consumer clientId=consumer-test-consumer-group-1, groupId=test-consumer-group] Cluster ID: 5pG0JjNZQ7KdmuiuE172wA
2025-06-11 08:55:18,262 INFO [org.springframework.kafka.KafkaListenerEndpointContainer#0-0-C-1] o.a.k.c.Metadata [Metadata.java:364] [Consumer clientId=consumer-test-consumer-group-2, groupId=test-consumer-group] Cluster ID: 5pG0JjNZQ7KdmuiuE172wA
2025-06-11 08:55:18,262 INFO [org.springframework.kafka.KafkaListenerEndpointContainer#1-0-C-1] o.a.k.c.Metadata [Metadata.java:364] [Consumer clientId=consumer-test-consumer-group-3, groupId=test-consumer-group] Cluster ID: 5pG0JjNZQ7KdmuiuE172wA
2025-06-11 08:55:18,263 INFO [org.springframework.kafka.KafkaListenerEndpointContainer#1-0-C-1] o.a.k.c.c.i.ConsumerCoordinator [AbstractCoordinator.java:936] [Consumer clientId=consumer-test-consumer-group-3, groupId=test-consumer-group] Discovered group coordinator localhost:9092 (id: 2147483647 rack: null)
2025-06-11 08:55:18,263 INFO [org.springframework.kafka.KafkaListenerEndpointContainer#0-0-C-1] o.a.k.c.c.i.ConsumerCoordinator [AbstractCoordinator.java:936] [Consumer clientId=consumer-test-consumer-group-2, groupId=test-consumer-group] Discovered group coordinator localhost:9092 (id: 2147483647 rack: null)
2025-06-11 08:55:18,263 INFO [org.springframework.kafka.KafkaListenerEndpointContainer#2-0-C-1] o.a.k.c.c.i.ConsumerCoordinator [AbstractCoordinator.java:936] [Consumer clientId=consumer-test-consumer-group-1, groupId=test-consumer-group] Discovered group coordinator localhost:9092 (id: 2147483647 rack: null)
2025-06-11 08:55:18,266 INFO [org.springframework.kafka.KafkaListenerEndpointContainer#1-0-C-1] o.a.k.c.c.i.ConsumerCoordinator [AbstractCoordinator.java:604] [Consumer clientId=consumer-test-consumer-group-3, groupId=test-consumer-group] (Re-)joining group
2025-06-11 08:55:18,266 INFO [org.springframework.kafka.KafkaListenerEndpointContainer#2-0-C-1] o.a.k.c.c.i.ConsumerCoordinator [AbstractCoordinator.java:604] [Consumer clientId=consumer-test-consumer-group-1, groupId=test-consumer-group] (Re-)joining group
2025-06-11 08:55:18,266 INFO [org.springframework.kafka.KafkaListenerEndpointContainer#0-0-C-1] o.a.k.c.c.i.ConsumerCoordinator [AbstractCoordinator.java:604] [Consumer clientId=consumer-test-consumer-group-2, groupId=test-consumer-group] (Re-)joining group
2025-06-11 08:55:18,280 INFO [org.springframework.kafka.KafkaListenerEndpointContainer#1-0-C-1] o.a.k.c.c.i.ConsumerCoordinator [AbstractCoordinator.java:1102] [Consumer clientId=consumer-test-consumer-group-3, groupId=test-consumer-group] Request joining group due to: need to re-join with the given member-id: consumer-test-consumer-group-3-6d2ec981-8498-4d56-ae23-91ac5c683595
2025-06-11 08:55:18,280 INFO [org.springframework.kafka.KafkaListenerEndpointContainer#0-0-C-1] o.a.k.c.c.i.ConsumerCoordinator [AbstractCoordinator.java:1102] [Consumer clientId=consumer-test-consumer-group-2, groupId=test-consumer-group] Request joining group due to: need to re-join with the given member-id: consumer-test-consumer-group-2-c1ac5609-a728-4781-b83b-ff757f31f426
2025-06-11 08:55:18,280 INFO [org.springframework.kafka.KafkaListenerEndpointContainer#2-0-C-1] o.a.k.c.c.i.ConsumerCoordinator [AbstractCoordinator.java:1102] [Consumer clientId=consumer-test-consumer-group-1, groupId=test-consumer-group] Request joining group due to: need to re-join with the given member-id: consumer-test-consumer-group-1-542ee445-4ab5-483c-a3ce-5eacc4119ac3
2025-06-11 08:55:18,281 INFO [org.springframework.kafka.KafkaListenerEndpointContainer#0-0-C-1] o.a.k.c.c.i.ConsumerCoordinator [AbstractCoordinator.java:604] [Consumer clientId=consumer-test-consumer-group-2, groupId=test-consumer-group] (Re-)joining group
2025-06-11 08:55:18,281 INFO [org.springframework.kafka.KafkaListenerEndpointContainer#2-0-C-1] o.a.k.c.c.i.ConsumerCoordinator [AbstractCoordinator.java:604] [Consumer clientId=consumer-test-consumer-group-1, groupId=test-consumer-group] (Re-)joining group
2025-06-11 08:55:18,281 INFO [org.springframework.kafka.KafkaListenerEndpointContainer#1-0-C-1] o.a.k.c.c.i.ConsumerCoordinator [AbstractCoordinator.java:604] [Consumer clientId=consumer-test-consumer-group-3, groupId=test-consumer-group] (Re-)joining group
2025-06-11 08:55:18,287 INFO [org.springframework.kafka.KafkaListenerEndpointContainer#2-0-C-1] o.a.k.c.c.i.ConsumerCoordinator [AbstractCoordinator.java:665] [Consumer clientId=consumer-test-consumer-group-1, groupId=test-consumer-group] Successfully joined group with generation Generation{generationId=1, memberId='consumer-test-consumer-group-1-542ee445-4ab5-483c-a3ce-5eacc4119ac3', protocol='range'}
2025-06-11 08:55:18,287 INFO [org.springframework.kafka.KafkaListenerEndpointContainer#1-0-C-1] o.a.k.c.c.i.ConsumerCoordinator [AbstractCoordinator.java:665] [Consumer clientId=consumer-test-consumer-group-3, groupId=test-consumer-group] Successfully joined group with generation Generation{generationId=1, memberId='consumer-test-consumer-group-3-6d2ec981-8498-4d56-ae23-91ac5c683595', protocol='range'}
2025-06-11 08:55:18,289 INFO [org.springframework.kafka.KafkaListenerEndpointContainer#0-0-C-1] o.a.k.c.c.i.ConsumerCoordinator [AbstractCoordinator.java:665] [Consumer clientId=consumer-test-consumer-group-2, groupId=test-consumer-group] Successfully joined group with generation Generation{generationId=1, memberId='consumer-test-consumer-group-2-c1ac5609-a728-4781-b83b-ff757f31f426', protocol='range'}
2025-06-11 08:55:18,293 INFO [org.springframework.kafka.KafkaListenerEndpointContainer#0-0-C-1] o.a.k.c.c.i.ConsumerCoordinator [ConsumerCoordinator.java:663] [Consumer clientId=consumer-test-consumer-group-2, groupId=test-consumer-group] Finished assignment for group at generation 1: {consumer-test-consumer-group-3-6d2ec981-8498-4d56-ae23-91ac5c683595=Assignment(partitions=[publish-0]), consumer-test-consumer-group-1-542ee445-4ab5-483c-a3ce-5eacc4119ac3=Assignment(partitions=[delete-0]), consumer-test-consumer-group-2-c1ac5609-a728-4781-b83b-ff757f31f426=Assignment(partitions=[like-0, comment-0, follow-0])}
2025-06-11 08:55:18,315 INFO [org.springframework.kafka.KafkaListenerEndpointContainer#2-0-C-1] o.a.k.c.c.i.ConsumerCoordinator [AbstractCoordinator.java:842] [Consumer clientId=consumer-test-consumer-group-1, groupId=test-consumer-group] Successfully synced group in generation Generation{generationId=1, memberId='consumer-test-consumer-group-1-542ee445-4ab5-483c-a3ce-5eacc4119ac3', protocol='range'}
2025-06-11 08:55:18,315 INFO [org.springframework.kafka.KafkaListenerEndpointContainer#0-0-C-1] o.a.k.c.c.i.ConsumerCoordinator [AbstractCoordinator.java:842] [Consumer clientId=consumer-test-consumer-group-2, groupId=test-consumer-group] Successfully synced group in generation Generation{generationId=1, memberId='consumer-test-consumer-group-2-c1ac5609-a728-4781-b83b-ff757f31f426', protocol='range'}
2025-06-11 08:55:18,315 INFO [org.springframework.kafka.KafkaListenerEndpointContainer#1-0-C-1] o.a.k.c.c.i.ConsumerCoordinator [AbstractCoordinator.java:842] [Consumer clientId=consumer-test-consumer-group-3, groupId=test-consumer-group] Successfully synced group in generation Generation{generationId=1, memberId='consumer-test-consumer-group-3-6d2ec981-8498-4d56-ae23-91ac5c683595', protocol='range'}
2025-06-11 08:55:18,316 INFO [org.springframework.kafka.KafkaListenerEndpointContainer#1-0-C-1] o.a.k.c.c.i.ConsumerCoordinator [ConsumerCoordinator.java:323] [Consumer clientId=consumer-test-consumer-group-3, groupId=test-consumer-group] Notifying assignor about the new Assignment(partitions=[publish-0])
2025-06-11 08:55:18,316 INFO [org.springframework.kafka.KafkaListenerEndpointContainer#0-0-C-1] o.a.k.c.c.i.ConsumerCoordinator [ConsumerCoordinator.java:323] [Consumer clientId=consumer-test-consumer-group-2, groupId=test-consumer-group] Notifying assignor about the new Assignment(partitions=[like-0, comment-0, follow-0])
2025-06-11 08:55:18,316 INFO [org.springframework.kafka.KafkaListenerEndpointContainer#2-0-C-1] o.a.k.c.c.i.ConsumerCoordinator [ConsumerCoordinator.java:323] [Consumer clientId=consumer-test-consumer-group-1, groupId=test-consumer-group] Notifying assignor about the new Assignment(partitions=[delete-0])
2025-06-11 08:55:18,317 INFO [org.springframework.kafka.KafkaListenerEndpointContainer#0-0-C-1] o.a.k.c.c.i.ConsumerRebalanceListenerInvoker [ConsumerRebalanceListenerInvoker.java:57] [Consumer clientId=consumer-test-consumer-group-2, groupId=test-consumer-group] Adding newly assigned partitions: comment-0, follow-0, like-0
2025-06-11 08:55:18,317 INFO [org.springframework.kafka.KafkaListenerEndpointContainer#2-0-C-1] o.a.k.c.c.i.ConsumerRebalanceListenerInvoker [ConsumerRebalanceListenerInvoker.java:57] [Consumer clientId=consumer-test-consumer-group-1, groupId=test-consumer-group] Adding newly assigned partitions: delete-0
2025-06-11 08:55:18,317 INFO [org.springframework.kafka.KafkaListenerEndpointContainer#1-0-C-1] o.a.k.c.c.i.ConsumerRebalanceListenerInvoker [ConsumerRebalanceListenerInvoker.java:57] [Consumer clientId=consumer-test-consumer-group-3, groupId=test-consumer-group] Adding newly assigned partitions: publish-0
2025-06-11 08:55:18,324 INFO [org.springframework.kafka.KafkaListenerEndpointContainer#2-0-C-1] o.a.k.c.c.i.ConsumerCoordinator [ConsumerCoordinator.java:1506] [Consumer clientId=consumer-test-consumer-group-1, groupId=test-consumer-group] Found no committed offset for partition delete-0
2025-06-11 08:55:18,324 INFO [org.springframework.kafka.KafkaListenerEndpointContainer#1-0-C-1] o.a.k.c.c.i.ConsumerCoordinator [ConsumerCoordinator.java:1506] [Consumer clientId=consumer-test-consumer-group-3, groupId=test-consumer-group] Found no committed offset for partition publish-0
2025-06-11 08:55:18,324 INFO [org.springframework.kafka.KafkaListenerEndpointContainer#0-0-C-1] o.a.k.c.c.i.ConsumerCoordinator [ConsumerCoordinator.java:1506] [Consumer clientId=consumer-test-consumer-group-2, groupId=test-consumer-group] Found no committed offset for partition comment-0
2025-06-11 08:55:18,324 INFO [org.springframework.kafka.KafkaListenerEndpointContainer#0-0-C-1] o.a.k.c.c.i.ConsumerCoordinator [ConsumerCoordinator.java:1506] [Consumer clientId=consumer-test-consumer-group-2, groupId=test-consumer-group] Found no committed offset for partition like-0
2025-06-11 08:55:18,324 INFO [org.springframework.kafka.KafkaListenerEndpointContainer#0-0-C-1] o.a.k.c.c.i.ConsumerCoordinator [ConsumerCoordinator.java:1506] [Consumer clientId=consumer-test-consumer-group-2, groupId=test-consumer-group] Found no committed offset for partition follow-0
2025-06-11 08:55:18,331 INFO [org.springframework.kafka.KafkaListenerEndpointContainer#0-0-C-1] o.a.k.c.c.i.SubscriptionState [SubscriptionState.java:398] [Consumer clientId=consumer-test-consumer-group-2, groupId=test-consumer-group] Resetting offset for partition comment-0 to position FetchPosition{offset=1, offsetEpoch=Optional.empty, currentLeader=LeaderAndEpoch{leader=Optional[localhost:9092 (id: 0 rack: null)], epoch=0}}.
2025-06-11 08:55:18,331 INFO [org.springframework.kafka.KafkaListenerEndpointContainer#2-0-C-1] o.a.k.c.c.i.SubscriptionState [SubscriptionState.java:398] [Consumer clientId=consumer-test-consumer-group-1, groupId=test-consumer-group] Resetting offset for partition delete-0 to position FetchPosition{offset=0, offsetEpoch=Optional.empty, currentLeader=LeaderAndEpoch{leader=Optional[localhost:9092 (id: 0 rack: null)], epoch=0}}.
2025-06-11 08:55:18,331 INFO [org.springframework.kafka.KafkaListenerEndpointContainer#1-0-C-1] o.a.k.c.c.i.SubscriptionState [SubscriptionState.java:398] [Consumer clientId=consumer-test-consumer-group-3, groupId=test-consumer-group] Resetting offset for partition publish-0 to position FetchPosition{offset=0, offsetEpoch=Optional.empty, currentLeader=LeaderAndEpoch{leader=Optional[localhost:9092 (id: 0 rack: null)], epoch=0}}.
2025-06-11 08:55:18,331 INFO [org.springframework.kafka.KafkaListenerEndpointContainer#0-0-C-1] o.a.k.c.c.i.SubscriptionState [SubscriptionState.java:398] [Consumer clientId=consumer-test-consumer-group-2, groupId=test-consumer-group] Resetting offset for partition like-0 to position FetchPosition{offset=2, offsetEpoch=Optional.empty, currentLeader=LeaderAndEpoch{leader=Optional[localhost:9092 (id: 0 rack: null)], epoch=0}}.
2025-06-11 08:55:18,331 INFO [org.springframework.kafka.KafkaListenerEndpointContainer#0-0-C-1] o.a.k.c.c.i.SubscriptionState [SubscriptionState.java:398] [Consumer clientId=consumer-test-consumer-group-2, groupId=test-consumer-group] Resetting offset for partition follow-0 to position FetchPosition{offset=0, offsetEpoch=Optional.empty, currentLeader=LeaderAndEpoch{leader=Optional[localhost:9092 (id: 0 rack: null)], epoch=0}}.
2025-06-11 08:55:18,332 INFO [org.springframework.kafka.KafkaListenerEndpointContainer#0-0-C-1] o.s.k.l.KafkaMessageListenerContainer [LogAccessor.java:292] test-consumer-group: partitions assigned: [comment-0, follow-0, like-0]
2025-06-11 08:55:18,332 INFO [org.springframework.kafka.KafkaListenerEndpointContainer#2-0-C-1] o.s.k.l.KafkaMessageListenerContainer [LogAccessor.java:292] test-consumer-group: partitions assigned: [delete-0]
2025-06-11 08:55:18,332 INFO [org.springframework.kafka.KafkaListenerEndpointContainer#1-0-C-1] o.s.k.l.KafkaMessageListenerContainer [LogAccessor.java:292] test-consumer-group: partitions assigned: [publish-0]
2025-06-11 08:55:24,484 INFO [http-nio-8082-exec-1] o.a.c.c.C.[.[.[/community] [DirectJDKLog.java:173] Initializing Spring DispatcherServlet 'dispatcherServlet'
2025-06-11 08:55:24,488 INFO [http-nio-8082-exec-1] o.s.w.s.DispatcherServlet [FrameworkServlet.java:532] Initializing Servlet 'dispatcherServlet'
2025-06-11 08:55:24,490 INFO [http-nio-8082-exec-1] o.s.w.s.DispatcherServlet [FrameworkServlet.java:554] Completed initialization in 1 ms
2025-06-11 08:55:30,289 INFO [http-nio-8082-exec-2] c.n.c.c.LoginController [LoginController.java:154] Login request: W, W3VR
2025-06-11 08:56:04,700 INFO [http-nio-8082-exec-7] c.n.c.c.LoginController [UserService.java:167] password input: xxx
2025-06-11 08:56:04,702 INFO [http-nio-8082-exec-7] c.n.c.c.LoginController [UserService.java:169] password compare: 046291c11cdfb896aa7cd48714bb6352 046291c11cdfb896aa7cd48714bb6352
2025-06-11 08:58:42,502 INFO [communityScheduler_Worker-1] c.n.c.q.PostScoreRefreshJob [PostScoreRefreshJob.java:68] [任务取消] 没有需要刷新的帖子！
2025-06-11 09:03:42,441 INFO [communityScheduler_Worker-2] c.n.c.q.PostScoreRefreshJob [PostScoreRefreshJob.java:68] [任务取消] 没有需要刷新的帖子！
2025-06-11 09:04:18,207 INFO [org.springframework.kafka.KafkaListenerEndpointContainer#1-0-C-1] o.a.k.c.NetworkClient [NetworkClient.java:1017] [Consumer clientId=consumer-test-consumer-group-3, groupId=test-consumer-group] Node -1 disconnected.
2025-06-11 09:04:18,207 INFO [org.springframework.kafka.KafkaListenerEndpointContainer#2-0-C-1] o.a.k.c.NetworkClient [NetworkClient.java:1017] [Consumer clientId=consumer-test-consumer-group-1, groupId=test-consumer-group] Node -1 disconnected.
2025-06-11 09:04:18,207 INFO [org.springframework.kafka.KafkaListenerEndpointContainer#0-0-C-1] o.a.k.c.NetworkClient [NetworkClient.java:1017] [Consumer clientId=consumer-test-consumer-group-2, groupId=test-consumer-group] Node -1 disconnected.
2025-06-11 09:08:42,465 INFO [communityScheduler_Worker-3] c.n.c.q.PostScoreRefreshJob [PostScoreRefreshJob.java:68] [任务取消] 没有需要刷新的帖子！
2025-06-11 09:13:42,439 INFO [communityScheduler_Worker-4] c.n.c.q.PostScoreRefreshJob [PostScoreRefreshJob.java:68] [任务取消] 没有需要刷新的帖子！
2025-06-11 09:14:18,383 INFO [org.springframework.kafka.KafkaListenerEndpointContainer#0-0-C-1] o.a.k.c.NetworkClient [NetworkClient.java:1017] [Consumer clientId=consumer-test-consumer-group-2, groupId=test-consumer-group] Node -1 disconnected.
2025-06-11 09:14:18,382 INFO [org.springframework.kafka.KafkaListenerEndpointContainer#2-0-C-1] o.a.k.c.NetworkClient [NetworkClient.java:1017] [Consumer clientId=consumer-test-consumer-group-1, groupId=test-consumer-group] Node -1 disconnected.
2025-06-11 09:14:18,383 INFO [org.springframework.kafka.KafkaListenerEndpointContainer#1-0-C-1] o.a.k.c.NetworkClient [NetworkClient.java:1017] [Consumer clientId=consumer-test-consumer-group-3, groupId=test-consumer-group] Node -1 disconnected.
2025-06-11 09:18:42,449 INFO [communityScheduler_Worker-5] c.n.c.q.PostScoreRefreshJob [PostScoreRefreshJob.java:68] [任务取消] 没有需要刷新的帖子！
2025-06-11 09:23:42,437 INFO [communityScheduler_Worker-1] c.n.c.q.PostScoreRefreshJob [PostScoreRefreshJob.java:68] [任务取消] 没有需要刷新的帖子！
2025-06-11 09:28:42,497 INFO [communityScheduler_Worker-2] c.n.c.q.PostScoreRefreshJob [PostScoreRefreshJob.java:68] [任务取消] 没有需要刷新的帖子！
2025-06-11 09:33:42,464 INFO [communityScheduler_Worker-3] c.n.c.q.PostScoreRefreshJob [PostScoreRefreshJob.java:68] [任务取消] 没有需要刷新的帖子！
2025-06-11 09:38:42,459 INFO [communityScheduler_Worker-4] c.n.c.q.PostScoreRefreshJob [PostScoreRefreshJob.java:68] [任务取消] 没有需要刷新的帖子！
2025-06-11 09:43:42,463 INFO [communityScheduler_Worker-5] c.n.c.q.PostScoreRefreshJob [PostScoreRefreshJob.java:68] [任务取消] 没有需要刷新的帖子！
2025-06-11 09:48:42,451 INFO [communityScheduler_Worker-1] c.n.c.q.PostScoreRefreshJob [PostScoreRefreshJob.java:68] [任务取消] 没有需要刷新的帖子！
2025-06-11 09:53:42,448 INFO [communityScheduler_Worker-2] c.n.c.q.PostScoreRefreshJob [PostScoreRefreshJob.java:68] [任务取消] 没有需要刷新的帖子！
2025-06-11 09:58:42,443 INFO [communityScheduler_Worker-3] c.n.c.q.PostScoreRefreshJob [PostScoreRefreshJob.java:68] [任务取消] 没有需要刷新的帖子！
2025-06-11 10:03:42,469 INFO [communityScheduler_Worker-4] c.n.c.q.PostScoreRefreshJob [PostScoreRefreshJob.java:68] [任务取消] 没有需要刷新的帖子！
2025-06-11 10:08:42,460 INFO [communityScheduler_Worker-5] c.n.c.q.PostScoreRefreshJob [PostScoreRefreshJob.java:68] [任务取消] 没有需要刷新的帖子！
2025-06-11 10:13:42,439 INFO [communityScheduler_Worker-1] c.n.c.q.PostScoreRefreshJob [PostScoreRefreshJob.java:68] [任务取消] 没有需要刷新的帖子！
2025-06-11 10:18:42,456 INFO [communityScheduler_Worker-2] c.n.c.q.PostScoreRefreshJob [PostScoreRefreshJob.java:68] [任务取消] 没有需要刷新的帖子！
2025-06-11 10:23:28,302 INFO [SpringApplicationShutdownHook] o.q.c.QuartzScheduler [QuartzScheduler.java:585] Scheduler communityScheduler_$_ChutongdeMacBook-Pro.local1749624917860 paused.
2025-06-11 10:23:28,310 INFO [org.springframework.kafka.KafkaListenerEndpointContainer#0-0-C-1] o.a.k.c.c.i.ConsumerRebalanceListenerInvoker [ConsumerRebalanceListenerInvoker.java:79] [Consumer clientId=consumer-test-consumer-group-2, groupId=test-consumer-group] Revoke previously assigned partitions comment-0, follow-0, like-0
2025-06-11 10:23:28,310 INFO [org.springframework.kafka.KafkaListenerEndpointContainer#2-0-C-1] o.a.k.c.c.i.ConsumerRebalanceListenerInvoker [ConsumerRebalanceListenerInvoker.java:79] [Consumer clientId=consumer-test-consumer-group-1, groupId=test-consumer-group] Revoke previously assigned partitions delete-0
2025-06-11 10:23:28,310 INFO [org.springframework.kafka.KafkaListenerEndpointContainer#1-0-C-1] o.a.k.c.c.i.ConsumerRebalanceListenerInvoker [ConsumerRebalanceListenerInvoker.java:79] [Consumer clientId=consumer-test-consumer-group-3, groupId=test-consumer-group] Revoke previously assigned partitions publish-0
2025-06-11 10:23:28,311 INFO [org.springframework.kafka.KafkaListenerEndpointContainer#1-0-C-1] o.s.k.l.KafkaMessageListenerContainer [LogAccessor.java:292] test-consumer-group: partitions revoked: [publish-0]
2025-06-11 10:23:28,311 INFO [org.springframework.kafka.KafkaListenerEndpointContainer#0-0-C-1] o.s.k.l.KafkaMessageListenerContainer [LogAccessor.java:292] test-consumer-group: partitions revoked: [comment-0, follow-0, like-0]
2025-06-11 10:23:28,311 INFO [org.springframework.kafka.KafkaListenerEndpointContainer#2-0-C-1] o.s.k.l.KafkaMessageListenerContainer [LogAccessor.java:292] test-consumer-group: partitions revoked: [delete-0]
2025-06-11 10:23:28,312 INFO [org.springframework.kafka.KafkaListenerEndpointContainer#0-0-C-1] o.a.k.c.c.i.ConsumerCoordinator [AbstractCoordinator.java:1173] [Consumer clientId=consumer-test-consumer-group-2, groupId=test-consumer-group] Member consumer-test-consumer-group-2-c1ac5609-a728-4781-b83b-ff757f31f426 sending LeaveGroup request to coordinator localhost:9092 (id: 2147483647 rack: null) due to the consumer unsubscribed from all topics
2025-06-11 10:23:28,312 INFO [org.springframework.kafka.KafkaListenerEndpointContainer#1-0-C-1] o.a.k.c.c.i.ConsumerCoordinator [AbstractCoordinator.java:1173] [Consumer clientId=consumer-test-consumer-group-3, groupId=test-consumer-group] Member consumer-test-consumer-group-3-6d2ec981-8498-4d56-ae23-91ac5c683595 sending LeaveGroup request to coordinator localhost:9092 (id: 2147483647 rack: null) due to the consumer unsubscribed from all topics
2025-06-11 10:23:28,312 INFO [org.springframework.kafka.KafkaListenerEndpointContainer#2-0-C-1] o.a.k.c.c.i.ConsumerCoordinator [AbstractCoordinator.java:1173] [Consumer clientId=consumer-test-consumer-group-1, groupId=test-consumer-group] Member consumer-test-consumer-group-1-542ee445-4ab5-483c-a3ce-5eacc4119ac3 sending LeaveGroup request to coordinator localhost:9092 (id: 2147483647 rack: null) due to the consumer unsubscribed from all topics
2025-06-11 10:23:28,312 INFO [org.springframework.kafka.KafkaListenerEndpointContainer#1-0-C-1] o.a.k.c.c.i.ConsumerCoordinator [AbstractCoordinator.java:1055] [Consumer clientId=consumer-test-consumer-group-3, groupId=test-consumer-group] Resetting generation and member id due to: consumer pro-actively leaving the group
2025-06-11 10:23:28,312 INFO [org.springframework.kafka.KafkaListenerEndpointContainer#2-0-C-1] o.a.k.c.c.i.ConsumerCoordinator [AbstractCoordinator.java:1055] [Consumer clientId=consumer-test-consumer-group-1, groupId=test-consumer-group] Resetting generation and member id due to: consumer pro-actively leaving the group
2025-06-11 10:23:28,312 INFO [org.springframework.kafka.KafkaListenerEndpointContainer#0-0-C-1] o.a.k.c.c.i.ConsumerCoordinator [AbstractCoordinator.java:1055] [Consumer clientId=consumer-test-consumer-group-2, groupId=test-consumer-group] Resetting generation and member id due to: consumer pro-actively leaving the group
2025-06-11 10:23:28,312 INFO [org.springframework.kafka.KafkaListenerEndpointContainer#2-0-C-1] o.a.k.c.c.i.ConsumerCoordinator [AbstractCoordinator.java:1102] [Consumer clientId=consumer-test-consumer-group-1, groupId=test-consumer-group] Request joining group due to: consumer pro-actively leaving the group
2025-06-11 10:23:28,312 INFO [org.springframework.kafka.KafkaListenerEndpointContainer#1-0-C-1] o.a.k.c.c.i.ConsumerCoordinator [AbstractCoordinator.java:1102] [Consumer clientId=consumer-test-consumer-group-3, groupId=test-consumer-group] Request joining group due to: consumer pro-actively leaving the group
2025-06-11 10:23:28,312 INFO [org.springframework.kafka.KafkaListenerEndpointContainer#0-0-C-1] o.a.k.c.c.i.ConsumerCoordinator [AbstractCoordinator.java:1102] [Consumer clientId=consumer-test-consumer-group-2, groupId=test-consumer-group] Request joining group due to: consumer pro-actively leaving the group
2025-06-11 10:23:28,312 INFO [org.springframework.kafka.KafkaListenerEndpointContainer#1-0-C-1] o.a.k.c.c.i.LegacyKafkaConsumer [LegacyKafkaConsumer.java:547] [Consumer clientId=consumer-test-consumer-group-3, groupId=test-consumer-group] Unsubscribed all topics or patterns and assigned partitions
2025-06-11 10:23:28,312 INFO [org.springframework.kafka.KafkaListenerEndpointContainer#2-0-C-1] o.a.k.c.c.i.LegacyKafkaConsumer [LegacyKafkaConsumer.java:547] [Consumer clientId=consumer-test-consumer-group-1, groupId=test-consumer-group] Unsubscribed all topics or patterns and assigned partitions
2025-06-11 10:23:28,312 INFO [org.springframework.kafka.KafkaListenerEndpointContainer#0-0-C-1] o.a.k.c.c.i.LegacyKafkaConsumer [LegacyKafkaConsumer.java:547] [Consumer clientId=consumer-test-consumer-group-2, groupId=test-consumer-group] Unsubscribed all topics or patterns and assigned partitions
2025-06-11 10:23:28,315 INFO [org.springframework.kafka.KafkaListenerEndpointContainer#0-0-C-1] o.a.k.c.c.i.ConsumerCoordinator [AbstractCoordinator.java:1055] [Consumer clientId=consumer-test-consumer-group-2, groupId=test-consumer-group] Resetting generation and member id due to: consumer pro-actively leaving the group
2025-06-11 10:23:28,315 INFO [org.springframework.kafka.KafkaListenerEndpointContainer#1-0-C-1] o.a.k.c.c.i.ConsumerCoordinator [AbstractCoordinator.java:1055] [Consumer clientId=consumer-test-consumer-group-3, groupId=test-consumer-group] Resetting generation and member id due to: consumer pro-actively leaving the group
2025-06-11 10:23:28,315 INFO [org.springframework.kafka.KafkaListenerEndpointContainer#2-0-C-1] o.a.k.c.c.i.ConsumerCoordinator [AbstractCoordinator.java:1055] [Consumer clientId=consumer-test-consumer-group-1, groupId=test-consumer-group] Resetting generation and member id due to: consumer pro-actively leaving the group
2025-06-11 10:23:28,315 INFO [org.springframework.kafka.KafkaListenerEndpointContainer#0-0-C-1] o.a.k.c.c.i.ConsumerCoordinator [AbstractCoordinator.java:1102] [Consumer clientId=consumer-test-consumer-group-2, groupId=test-consumer-group] Request joining group due to: consumer pro-actively leaving the group
2025-06-11 10:23:28,315 INFO [org.springframework.kafka.KafkaListenerEndpointContainer#2-0-C-1] o.a.k.c.c.i.ConsumerCoordinator [AbstractCoordinator.java:1102] [Consumer clientId=consumer-test-consumer-group-1, groupId=test-consumer-group] Request joining group due to: consumer pro-actively leaving the group
2025-06-11 10:23:28,315 INFO [org.springframework.kafka.KafkaListenerEndpointContainer#1-0-C-1] o.a.k.c.c.i.ConsumerCoordinator [AbstractCoordinator.java:1102] [Consumer clientId=consumer-test-consumer-group-3, groupId=test-consumer-group] Request joining group due to: consumer pro-actively leaving the group
2025-06-11 10:23:28,509 INFO [org.springframework.kafka.KafkaListenerEndpointContainer#1-0-C-1] o.a.k.c.m.Metrics [Metrics.java:684] Metrics scheduler closed
2025-06-11 10:23:28,509 INFO [org.springframework.kafka.KafkaListenerEndpointContainer#2-0-C-1] o.a.k.c.m.Metrics [Metrics.java:684] Metrics scheduler closed
2025-06-11 10:23:28,510 INFO [org.springframework.kafka.KafkaListenerEndpointContainer#1-0-C-1] o.a.k.c.m.Metrics [Metrics.java:688] Closing reporter org.apache.kafka.common.metrics.JmxReporter
2025-06-11 10:23:28,510 INFO [org.springframework.kafka.KafkaListenerEndpointContainer#2-0-C-1] o.a.k.c.m.Metrics [Metrics.java:688] Closing reporter org.apache.kafka.common.metrics.JmxReporter
2025-06-11 10:23:28,510 INFO [org.springframework.kafka.KafkaListenerEndpointContainer#1-0-C-1] o.a.k.c.m.Metrics [Metrics.java:688] Closing reporter org.apache.kafka.common.telemetry.internals.ClientTelemetryReporter
2025-06-11 10:23:28,510 INFO [org.springframework.kafka.KafkaListenerEndpointContainer#1-0-C-1] o.a.k.c.m.Metrics [Metrics.java:694] Metrics reporters closed
2025-06-11 10:23:28,510 INFO [org.springframework.kafka.KafkaListenerEndpointContainer#2-0-C-1] o.a.k.c.m.Metrics [Metrics.java:688] Closing reporter org.apache.kafka.common.telemetry.internals.ClientTelemetryReporter
2025-06-11 10:23:28,510 INFO [org.springframework.kafka.KafkaListenerEndpointContainer#2-0-C-1] o.a.k.c.m.Metrics [Metrics.java:694] Metrics reporters closed
2025-06-11 10:23:28,523 INFO [org.springframework.kafka.KafkaListenerEndpointContainer#2-0-C-1] o.a.k.c.u.AppInfoParser [AppInfoParser.java:88] App info kafka.consumer for consumer-test-consumer-group-1 unregistered
2025-06-11 10:23:28,523 INFO [org.springframework.kafka.KafkaListenerEndpointContainer#1-0-C-1] o.a.k.c.u.AppInfoParser [AppInfoParser.java:88] App info kafka.consumer for consumer-test-consumer-group-3 unregistered
2025-06-11 10:23:28,524 INFO [org.springframework.kafka.KafkaListenerEndpointContainer#2-0-C-1] o.s.k.l.KafkaMessageListenerContainer [LogAccessor.java:292] test-consumer-group: Consumer stopped
2025-06-11 10:23:28,524 INFO [org.springframework.kafka.KafkaListenerEndpointContainer#1-0-C-1] o.s.k.l.KafkaMessageListenerContainer [LogAccessor.java:292] test-consumer-group: Consumer stopped
2025-06-11 10:23:28,535 INFO [org.springframework.kafka.KafkaListenerEndpointContainer#0-0-C-1] o.a.k.c.m.Metrics [Metrics.java:684] Metrics scheduler closed
2025-06-11 10:23:28,536 INFO [org.springframework.kafka.KafkaListenerEndpointContainer#0-0-C-1] o.a.k.c.m.Metrics [Metrics.java:688] Closing reporter org.apache.kafka.common.metrics.JmxReporter
2025-06-11 10:23:28,536 INFO [org.springframework.kafka.KafkaListenerEndpointContainer#0-0-C-1] o.a.k.c.m.Metrics [Metrics.java:688] Closing reporter org.apache.kafka.common.telemetry.internals.ClientTelemetryReporter
2025-06-11 10:23:28,536 INFO [org.springframework.kafka.KafkaListenerEndpointContainer#0-0-C-1] o.a.k.c.m.Metrics [Metrics.java:694] Metrics reporters closed
2025-06-11 10:23:28,537 INFO [org.springframework.kafka.KafkaListenerEndpointContainer#0-0-C-1] o.a.k.c.u.AppInfoParser [AppInfoParser.java:88] App info kafka.consumer for consumer-test-consumer-group-2 unregistered
2025-06-11 10:23:28,538 INFO [org.springframework.kafka.KafkaListenerEndpointContainer#0-0-C-1] o.s.k.l.KafkaMessageListenerContainer [LogAccessor.java:292] test-consumer-group: Consumer stopped
2025-06-11 10:23:28,540 INFO [SpringApplicationShutdownHook] o.s.b.w.e.t.GracefulShutdown [GracefulShutdown.java:54] Commencing graceful shutdown. Waiting for active requests to complete
2025-06-11 10:23:28,544 INFO [tomcat-shutdown] o.s.b.w.e.t.GracefulShutdown [GracefulShutdown.java:76] Graceful shutdown complete
2025-06-11 10:23:28,576 INFO [SpringApplicationShutdownHook] o.s.s.q.SchedulerFactoryBean [SchedulerFactoryBean.java:845] Shutting down Quartz Scheduler
2025-06-11 10:23:28,576 INFO [SpringApplicationShutdownHook] o.q.c.QuartzScheduler [QuartzScheduler.java:666] Scheduler communityScheduler_$_ChutongdeMacBook-Pro.local1749624917860 shutting down.
2025-06-11 10:23:28,576 INFO [SpringApplicationShutdownHook] o.q.c.QuartzScheduler [QuartzScheduler.java:585] Scheduler communityScheduler_$_ChutongdeMacBook-Pro.local1749624917860 paused.
2025-06-11 10:23:28,577 INFO [SpringApplicationShutdownHook] o.q.c.QuartzScheduler [QuartzScheduler.java:740] Scheduler communityScheduler_$_ChutongdeMacBook-Pro.local1749624917860 shutdown complete.
2025-06-11 10:23:28,601 INFO [SpringApplicationShutdownHook] c.z.h.HikariDataSource [HikariDataSource.java:349] HikariPool-1 - Shutdown initiated...
2025-06-11 10:23:28,604 INFO [SpringApplicationShutdownHook] c.z.h.HikariDataSource [HikariDataSource.java:351] HikariPool-1 - Shutdown completed.
