2025-03-18 20:04:00,786 INFO [restartedMain] c.n.c.CommunityApplication [StartupInfoLogger.java:53] Starting CommunityApplication using Java 23.0.2 with PID 19809 (/Users/chutongren/Documents/job/nowcoder/community/target/classes started by chutongren in /Users/chutongren/Documents/job/nowcoder/community)
2025-03-18 20:04:00,788 INFO [restartedMain] c.n.c.CommunityApplication [SpringApplication.java:652] No active profile set, falling back to 1 default profile: "default"
2025-03-18 20:04:00,812 INFO [restartedMain] o.s.b.d.e.DevToolsPropertyDefaultsPostProcessor [DeferredLog.java:252] Devtools property defaults active! Set 'spring.devtools.add-properties' to 'false' to disable
2025-03-18 20:04:00,812 INFO [restartedMain] o.s.b.d.e.DevToolsPropertyDefaultsPostProcessor [DeferredLog.java:252] For additional web related logging consider setting the 'logging.level.web' property to 'DEBUG'
2025-03-18 20:04:01,371 INFO [restartedMain] o.s.b.w.e.t.TomcatWebServer [TomcatWebServer.java:111] Tomcat initialized with port 8080 (http)
2025-03-18 20:04:01,379 INFO [restartedMain] o.a.c.h.Http11NioProtocol [DirectJDKLog.java:173] Initializing ProtocolHandler ["http-nio-8080"]
2025-03-18 20:04:01,380 INFO [restartedMain] o.a.c.c.StandardService [DirectJDKLog.java:173] Starting service [Tomcat]
2025-03-18 20:04:01,380 INFO [restartedMain] o.a.c.c.StandardEngine [DirectJDKLog.java:173] Starting Servlet engine: [Apache Tomcat/10.1.36]
2025-03-18 20:04:01,399 INFO [restartedMain] o.a.c.c.C.[.[.[/community] [DirectJDKLog.java:173] Initializing Spring embedded WebApplicationContext
2025-03-18 20:04:01,400 INFO [restartedMain] o.s.b.w.s.c.ServletWebServerApplicationContext [ServletWebServerApplicationContext.java:301] Root WebApplicationContext: initialization completed in 586 ms
2025-03-18 20:04:01,602 INFO [restartedMain] o.s.b.a.w.s.WelcomePageHandlerMapping [WelcomePageHandlerMapping.java:59] Adding welcome page template: index
2025-03-18 20:04:01,756 INFO [restartedMain] o.s.b.d.a.OptionalLiveReloadServer [OptionalLiveReloadServer.java:59] LiveReload server is running on port 35729
2025-03-18 20:04:01,767 INFO [restartedMain] o.a.c.h.Http11NioProtocol [DirectJDKLog.java:173] Starting ProtocolHandler ["http-nio-8080"]
2025-03-18 20:04:01,777 INFO [restartedMain] o.s.b.w.e.t.TomcatWebServer [TomcatWebServer.java:243] Tomcat started on port 8080 (http) with context path '/community'
2025-03-18 20:04:01,783 INFO [restartedMain] c.n.c.CommunityApplication [StartupInfoLogger.java:59] Started CommunityApplication in 1.258 seconds (process running for 1.667)
2025-03-18 20:04:10,077 INFO [http-nio-8080-exec-1] o.a.c.c.C.[.[.[/community] [DirectJDKLog.java:173] Initializing Spring DispatcherServlet 'dispatcherServlet'
2025-03-18 20:04:10,078 INFO [http-nio-8080-exec-1] o.s.w.s.DispatcherServlet [FrameworkServlet.java:532] Initializing Servlet 'dispatcherServlet'
2025-03-18 20:04:10,083 INFO [http-nio-8080-exec-1] o.s.w.s.DispatcherServlet [FrameworkServlet.java:554] Completed initialization in 5 ms
2025-03-18 20:04:37,526 INFO [http-nio-8080-exec-10] c.z.h.HikariDataSource [HikariDataSource.java:109] HikariPool-1 - Starting...
2025-03-18 20:04:37,703 INFO [http-nio-8080-exec-10] c.z.h.p.HikariPool [HikariPool.java:554] HikariPool-1 - Added connection com.mysql.cj.jdbc.ConnectionImpl@44139971
2025-03-18 20:04:37,705 INFO [http-nio-8080-exec-10] c.z.h.HikariDataSource [HikariDataSource.java:122] HikariPool-1 - Start completed.
2025-03-18 20:05:01,121 INFO [http-nio-8080-exec-5] c.n.c.c.LoginController [UserService.java:148] password input: a
2025-03-18 20:05:01,123 INFO [http-nio-8080-exec-5] c.n.c.c.LoginController [UserService.java:150] password compare: c7fa4f4f94302deae70fca264cf1be5b c7fa4f4f94302deae70fca264cf1be5b
2025-03-18 20:22:17,729 INFO [main] c.n.c.MapperTests [StartupInfoLogger.java:53] Starting MapperTests using Java 23.0.2 with PID 20165 (started by chutongren in /Users/chutongren/Documents/job/nowcoder/community)
2025-03-18 20:22:17,731 INFO [main] c.n.c.MapperTests [SpringApplication.java:652] No active profile set, falling back to 1 default profile: "default"
2025-03-18 20:22:18,447 INFO [main] o.s.b.a.w.s.WelcomePageHandlerMapping [WelcomePageHandlerMapping.java:59] Adding welcome page template: index
2025-03-18 20:22:18,606 INFO [main] c.n.c.MapperTests [StartupInfoLogger.java:59] Started MapperTests in 1.119 seconds (process running for 1.572)
2025-03-18 20:22:18,625 INFO [main] c.z.h.HikariDataSource [HikariDataSource.java:109] HikariPool-1 - Starting...
2025-03-18 20:22:18,737 INFO [main] c.z.h.p.HikariPool [HikariPool.java:554] HikariPool-1 - Added connection com.mysql.cj.jdbc.ConnectionImpl@60928a61
2025-03-18 20:22:18,738 INFO [main] c.z.h.HikariDataSource [HikariDataSource.java:122] HikariPool-1 - Start completed.
2025-03-18 20:22:18,797 INFO [SpringApplicationShutdownHook] c.z.h.HikariDataSource [HikariDataSource.java:349] HikariPool-1 - Shutdown initiated...
2025-03-18 20:22:18,802 INFO [SpringApplicationShutdownHook] c.z.h.HikariDataSource [HikariDataSource.java:351] HikariPool-1 - Shutdown completed.
2025-03-18 20:23:00,317 INFO [SpringApplicationShutdownHook] o.s.b.w.e.t.GracefulShutdown [GracefulShutdown.java:54] Commencing graceful shutdown. Waiting for active requests to complete
2025-03-18 20:23:00,325 INFO [tomcat-shutdown] o.s.b.w.e.t.GracefulShutdown [GracefulShutdown.java:76] Graceful shutdown complete
2025-03-18 20:23:00,333 INFO [SpringApplicationShutdownHook] c.z.h.HikariDataSource [HikariDataSource.java:349] HikariPool-1 - Shutdown initiated...
2025-03-18 20:23:00,340 INFO [SpringApplicationShutdownHook] c.z.h.HikariDataSource [HikariDataSource.java:351] HikariPool-1 - Shutdown completed.
2025-03-18 20:23:01,647 INFO [restartedMain] c.n.c.CommunityApplication [StartupInfoLogger.java:53] Starting CommunityApplication using Java 23.0.2 with PID 20189 (/Users/chutongren/Documents/job/nowcoder/community/target/classes started by chutongren in /Users/chutongren/Documents/job/nowcoder/community)
2025-03-18 20:23:01,648 INFO [restartedMain] c.n.c.CommunityApplication [SpringApplication.java:652] No active profile set, falling back to 1 default profile: "default"
2025-03-18 20:23:01,670 INFO [restartedMain] o.s.b.d.e.DevToolsPropertyDefaultsPostProcessor [DeferredLog.java:252] Devtools property defaults active! Set 'spring.devtools.add-properties' to 'false' to disable
2025-03-18 20:23:01,671 INFO [restartedMain] o.s.b.d.e.DevToolsPropertyDefaultsPostProcessor [DeferredLog.java:252] For additional web related logging consider setting the 'logging.level.web' property to 'DEBUG'
2025-03-18 20:23:02,177 INFO [restartedMain] o.s.b.w.e.t.TomcatWebServer [TomcatWebServer.java:111] Tomcat initialized with port 8080 (http)
2025-03-18 20:23:02,183 INFO [restartedMain] o.a.c.h.Http11NioProtocol [DirectJDKLog.java:173] Initializing ProtocolHandler ["http-nio-8080"]
2025-03-18 20:23:02,184 INFO [restartedMain] o.a.c.c.StandardService [DirectJDKLog.java:173] Starting service [Tomcat]
2025-03-18 20:23:02,184 INFO [restartedMain] o.a.c.c.StandardEngine [DirectJDKLog.java:173] Starting Servlet engine: [Apache Tomcat/10.1.36]
2025-03-18 20:23:02,201 INFO [restartedMain] o.a.c.c.C.[.[.[/community] [DirectJDKLog.java:173] Initializing Spring embedded WebApplicationContext
2025-03-18 20:23:02,201 INFO [restartedMain] o.s.b.w.s.c.ServletWebServerApplicationContext [ServletWebServerApplicationContext.java:301] Root WebApplicationContext: initialization completed in 530 ms
2025-03-18 20:23:02,383 INFO [restartedMain] o.s.b.a.w.s.WelcomePageHandlerMapping [WelcomePageHandlerMapping.java:59] Adding welcome page template: index
2025-03-18 20:23:02,534 INFO [restartedMain] o.s.b.d.a.OptionalLiveReloadServer [OptionalLiveReloadServer.java:59] LiveReload server is running on port 35729
2025-03-18 20:23:02,542 INFO [restartedMain] o.a.c.h.Http11NioProtocol [DirectJDKLog.java:173] Starting ProtocolHandler ["http-nio-8080"]
2025-03-18 20:23:02,553 INFO [restartedMain] o.s.b.w.e.t.TomcatWebServer [TomcatWebServer.java:243] Tomcat started on port 8080 (http) with context path '/community'
2025-03-18 20:23:02,559 INFO [restartedMain] c.n.c.CommunityApplication [StartupInfoLogger.java:59] Started CommunityApplication in 1.19 seconds (process running for 1.508)
2025-03-18 21:53:38,676 INFO [http-nio-8080-exec-1] o.a.c.c.C.[.[.[/community] [DirectJDKLog.java:173] Initializing Spring DispatcherServlet 'dispatcherServlet'
2025-03-18 21:53:38,677 INFO [http-nio-8080-exec-1] o.s.w.s.DispatcherServlet [FrameworkServlet.java:532] Initializing Servlet 'dispatcherServlet'
2025-03-18 21:53:38,680 INFO [http-nio-8080-exec-1] o.s.w.s.DispatcherServlet [FrameworkServlet.java:554] Completed initialization in 3 ms
2025-03-18 21:53:38,718 INFO [http-nio-8080-exec-1] c.z.h.HikariDataSource [HikariDataSource.java:109] HikariPool-1 - Starting...
2025-03-18 21:53:38,863 INFO [http-nio-8080-exec-1] c.z.h.p.HikariPool [HikariPool.java:554] HikariPool-1 - Added connection com.mysql.cj.jdbc.ConnectionImpl@11328727
2025-03-18 21:53:38,865 INFO [http-nio-8080-exec-1] c.z.h.HikariDataSource [HikariDataSource.java:122] HikariPool-1 - Start completed.
2025-03-18 21:53:49,793 INFO [http-nio-8080-exec-4] c.n.c.c.LoginController [UserService.java:148] password input: a
2025-03-18 21:53:49,796 INFO [http-nio-8080-exec-4] c.n.c.c.LoginController [UserService.java:150] password compare: c7fa4f4f94302deae70fca264cf1be5b c7fa4f4f94302deae70fca264cf1be5b
2025-03-18 21:57:09,803 INFO [SpringApplicationShutdownHook] o.s.b.w.e.t.GracefulShutdown [GracefulShutdown.java:54] Commencing graceful shutdown. Waiting for active requests to complete
2025-03-18 21:57:09,807 INFO [tomcat-shutdown] o.s.b.w.e.t.GracefulShutdown [GracefulShutdown.java:76] Graceful shutdown complete
2025-03-18 21:57:09,813 INFO [SpringApplicationShutdownHook] c.z.h.HikariDataSource [HikariDataSource.java:349] HikariPool-1 - Shutdown initiated...
2025-03-18 21:57:09,822 INFO [SpringApplicationShutdownHook] c.z.h.HikariDataSource [HikariDataSource.java:351] HikariPool-1 - Shutdown completed.
2025-03-18 22:12:16,299 INFO [restartedMain] c.n.c.CommunityApplication [StartupInfoLogger.java:53] Starting CommunityApplication using Java 23.0.2 with PID 20904 (/Users/chutongren/Documents/job/nowcoder/community/target/classes started by chutongren in /Users/chutongren/Documents/job/nowcoder/community)
2025-03-18 22:12:16,301 INFO [restartedMain] c.n.c.CommunityApplication [SpringApplication.java:652] No active profile set, falling back to 1 default profile: "default"
2025-03-18 22:12:16,341 INFO [restartedMain] o.s.b.d.e.DevToolsPropertyDefaultsPostProcessor [DeferredLog.java:252] Devtools property defaults active! Set 'spring.devtools.add-properties' to 'false' to disable
2025-03-18 22:12:16,341 INFO [restartedMain] o.s.b.d.e.DevToolsPropertyDefaultsPostProcessor [DeferredLog.java:252] For additional web related logging consider setting the 'logging.level.web' property to 'DEBUG'
2025-03-18 22:12:16,888 INFO [restartedMain] o.s.b.w.e.t.TomcatWebServer [TomcatWebServer.java:111] Tomcat initialized with port 8080 (http)
2025-03-18 22:12:16,897 INFO [restartedMain] o.a.c.h.Http11NioProtocol [DirectJDKLog.java:173] Initializing ProtocolHandler ["http-nio-8080"]
2025-03-18 22:12:16,898 INFO [restartedMain] o.a.c.c.StandardService [DirectJDKLog.java:173] Starting service [Tomcat]
2025-03-18 22:12:16,898 INFO [restartedMain] o.a.c.c.StandardEngine [DirectJDKLog.java:173] Starting Servlet engine: [Apache Tomcat/10.1.36]
2025-03-18 22:12:16,916 INFO [restartedMain] o.a.c.c.C.[.[.[/community] [DirectJDKLog.java:173] Initializing Spring embedded WebApplicationContext
2025-03-18 22:12:16,916 INFO [restartedMain] o.s.b.w.s.c.ServletWebServerApplicationContext [ServletWebServerApplicationContext.java:301] Root WebApplicationContext: initialization completed in 574 ms
2025-03-18 22:12:17,113 INFO [restartedMain] o.s.b.a.w.s.WelcomePageHandlerMapping [WelcomePageHandlerMapping.java:59] Adding welcome page template: index
2025-03-18 22:12:17,260 INFO [restartedMain] o.s.b.d.a.OptionalLiveReloadServer [OptionalLiveReloadServer.java:59] LiveReload server is running on port 35729
2025-03-18 22:12:17,269 INFO [restartedMain] o.a.c.h.Http11NioProtocol [DirectJDKLog.java:173] Starting ProtocolHandler ["http-nio-8080"]
2025-03-18 22:12:17,280 INFO [restartedMain] o.s.b.w.e.t.TomcatWebServer [TomcatWebServer.java:243] Tomcat started on port 8080 (http) with context path '/community'
2025-03-18 22:12:17,286 INFO [restartedMain] c.n.c.CommunityApplication [StartupInfoLogger.java:59] Started CommunityApplication in 1.247 seconds (process running for 1.588)
2025-03-18 22:12:22,469 INFO [http-nio-8080-exec-1] o.a.c.c.C.[.[.[/community] [DirectJDKLog.java:173] Initializing Spring DispatcherServlet 'dispatcherServlet'
2025-03-18 22:12:22,470 INFO [http-nio-8080-exec-1] o.s.w.s.DispatcherServlet [FrameworkServlet.java:532] Initializing Servlet 'dispatcherServlet'
2025-03-18 22:12:22,473 INFO [http-nio-8080-exec-1] o.s.w.s.DispatcherServlet [FrameworkServlet.java:554] Completed initialization in 3 ms
2025-03-18 22:12:22,506 INFO [http-nio-8080-exec-1] c.z.h.HikariDataSource [HikariDataSource.java:109] HikariPool-1 - Starting...
2025-03-18 22:12:22,649 INFO [http-nio-8080-exec-1] c.z.h.p.HikariPool [HikariPool.java:554] HikariPool-1 - Added connection com.mysql.cj.jdbc.ConnectionImpl@3d23aefb
2025-03-18 22:12:22,650 INFO [http-nio-8080-exec-1] c.z.h.HikariDataSource [HikariDataSource.java:122] HikariPool-1 - Start completed.
2025-03-18 22:12:42,646 INFO [http-nio-8080-exec-8] c.n.c.c.LoginController [UserService.java:148] password input: a
2025-03-18 22:12:42,649 INFO [http-nio-8080-exec-8] c.n.c.c.LoginController [UserService.java:150] password compare: c7fa4f4f94302deae70fca264cf1be5b c7fa4f4f94302deae70fca264cf1be5b
2025-03-18 22:14:39,527 INFO [File Watcher] o.s.b.d.a.LocalDevToolsAutoConfiguration$RestartingClassPathChangeChangedEventListener [LocalDevToolsAutoConfiguration.java:211] Restarting due to 1 class path change (0 additions, 0 deletions, 1 modification)
2025-03-18 22:14:39,536 INFO [Thread-5] o.s.b.w.e.t.GracefulShutdown [GracefulShutdown.java:54] Commencing graceful shutdown. Waiting for active requests to complete
2025-03-18 22:14:39,537 INFO [tomcat-shutdown] o.a.c.h.Http11NioProtocol [DirectJDKLog.java:173] Pausing ProtocolHandler ["http-nio-8080"]
2025-03-18 22:14:39,548 INFO [tomcat-shutdown] o.s.b.w.e.t.GracefulShutdown [GracefulShutdown.java:76] Graceful shutdown complete
2025-03-18 22:14:39,548 INFO [Thread-5] o.a.c.h.Http11NioProtocol [DirectJDKLog.java:173] Stopping ProtocolHandler ["http-nio-8080"]
2025-03-18 22:14:39,556 INFO [Thread-5] c.z.h.HikariDataSource [HikariDataSource.java:349] HikariPool-1 - Shutdown initiated...
2025-03-18 22:14:39,563 INFO [Thread-5] c.z.h.HikariDataSource [HikariDataSource.java:351] HikariPool-1 - Shutdown completed.
2025-03-18 22:14:39,644 INFO [restartedMain] c.n.c.CommunityApplication [StartupInfoLogger.java:53] Starting CommunityApplication using Java 23.0.2 with PID 20904 (/Users/chutongren/Documents/job/nowcoder/community/target/classes started by chutongren in /Users/chutongren/Documents/job/nowcoder/community)
2025-03-18 22:14:39,645 INFO [restartedMain] c.n.c.CommunityApplication [SpringApplication.java:652] No active profile set, falling back to 1 default profile: "default"
2025-03-18 22:14:39,821 INFO [restartedMain] o.s.b.w.e.t.TomcatWebServer [TomcatWebServer.java:111] Tomcat initialized with port 8080 (http)
2025-03-18 22:14:39,822 INFO [restartedMain] o.a.c.h.Http11NioProtocol [DirectJDKLog.java:173] Initializing ProtocolHandler ["http-nio-8080"]
2025-03-18 22:14:39,822 INFO [restartedMain] o.a.c.c.StandardService [DirectJDKLog.java:173] Starting service [Tomcat]
2025-03-18 22:14:39,822 INFO [restartedMain] o.a.c.c.StandardEngine [DirectJDKLog.java:173] Starting Servlet engine: [Apache Tomcat/10.1.36]
2025-03-18 22:14:39,827 INFO [restartedMain] o.a.c.c.C.[.[.[/community] [DirectJDKLog.java:173] Initializing Spring embedded WebApplicationContext
2025-03-18 22:14:39,827 INFO [restartedMain] o.s.b.w.s.c.ServletWebServerApplicationContext [ServletWebServerApplicationContext.java:301] Root WebApplicationContext: initialization completed in 179 ms
2025-03-18 22:14:39,886 INFO [restartedMain] o.s.b.a.w.s.WelcomePageHandlerMapping [WelcomePageHandlerMapping.java:59] Adding welcome page template: index
2025-03-18 22:14:39,935 INFO [restartedMain] o.s.b.d.a.OptionalLiveReloadServer [OptionalLiveReloadServer.java:59] LiveReload server is running on port 35729
2025-03-18 22:14:39,940 INFO [restartedMain] o.a.c.h.Http11NioProtocol [DirectJDKLog.java:173] Starting ProtocolHandler ["http-nio-8080"]
2025-03-18 22:14:39,941 INFO [restartedMain] o.s.b.w.e.t.TomcatWebServer [TomcatWebServer.java:243] Tomcat started on port 8080 (http) with context path '/community'
2025-03-18 22:14:39,943 INFO [restartedMain] c.n.c.CommunityApplication [StartupInfoLogger.java:59] Started CommunityApplication in 0.333 seconds (process running for 144.245)
2025-03-18 22:14:39,944 INFO [restartedMain] o.s.b.d.a.ConditionEvaluationDeltaLoggingListener [ConditionEvaluationDeltaLoggingListener.java:63] Condition evaluation unchanged
2025-03-18 22:16:30,731 INFO [File Watcher] o.s.b.d.a.LocalDevToolsAutoConfiguration$RestartingClassPathChangeChangedEventListener [LocalDevToolsAutoConfiguration.java:211] Restarting due to 1 class path change (0 additions, 0 deletions, 1 modification)
2025-03-18 22:16:30,744 INFO [Thread-7] o.s.b.w.e.t.GracefulShutdown [GracefulShutdown.java:54] Commencing graceful shutdown. Waiting for active requests to complete
2025-03-18 22:16:30,746 INFO [tomcat-shutdown] o.a.c.h.Http11NioProtocol [DirectJDKLog.java:173] Pausing ProtocolHandler ["http-nio-8080"]
2025-03-18 22:16:30,751 INFO [tomcat-shutdown] o.s.b.w.e.t.GracefulShutdown [GracefulShutdown.java:76] Graceful shutdown complete
2025-03-18 22:16:30,751 INFO [Thread-7] o.a.c.h.Http11NioProtocol [DirectJDKLog.java:173] Stopping ProtocolHandler ["http-nio-8080"]
2025-03-18 22:16:30,837 INFO [restartedMain] c.n.c.CommunityApplication [StartupInfoLogger.java:53] Starting CommunityApplication using Java 23.0.2 with PID 20904 (/Users/chutongren/Documents/job/nowcoder/community/target/classes started by chutongren in /Users/chutongren/Documents/job/nowcoder/community)
2025-03-18 22:16:30,837 INFO [restartedMain] c.n.c.CommunityApplication [SpringApplication.java:652] No active profile set, falling back to 1 default profile: "default"
2025-03-18 22:16:30,960 INFO [restartedMain] o.s.b.w.e.t.TomcatWebServer [TomcatWebServer.java:111] Tomcat initialized with port 8080 (http)
2025-03-18 22:16:30,961 INFO [restartedMain] o.a.c.h.Http11NioProtocol [DirectJDKLog.java:173] Initializing ProtocolHandler ["http-nio-8080"]
2025-03-18 22:16:30,961 INFO [restartedMain] o.a.c.c.StandardService [DirectJDKLog.java:173] Starting service [Tomcat]
2025-03-18 22:16:30,961 INFO [restartedMain] o.a.c.c.StandardEngine [DirectJDKLog.java:173] Starting Servlet engine: [Apache Tomcat/10.1.36]
2025-03-18 22:16:30,966 INFO [restartedMain] o.a.c.c.C.[.[.[/community] [DirectJDKLog.java:173] Initializing Spring embedded WebApplicationContext
2025-03-18 22:16:30,966 INFO [restartedMain] o.s.b.w.s.c.ServletWebServerApplicationContext [ServletWebServerApplicationContext.java:301] Root WebApplicationContext: initialization completed in 127 ms
2025-03-18 22:16:31,027 INFO [restartedMain] o.s.b.a.w.s.WelcomePageHandlerMapping [WelcomePageHandlerMapping.java:59] Adding welcome page template: index
2025-03-18 22:16:31,072 INFO [restartedMain] o.s.b.d.a.OptionalLiveReloadServer [OptionalLiveReloadServer.java:59] LiveReload server is running on port 35729
2025-03-18 22:16:31,077 INFO [restartedMain] o.a.c.h.Http11NioProtocol [DirectJDKLog.java:173] Starting ProtocolHandler ["http-nio-8080"]
2025-03-18 22:16:31,078 INFO [restartedMain] o.s.b.w.e.t.TomcatWebServer [TomcatWebServer.java:243] Tomcat started on port 8080 (http) with context path '/community'
2025-03-18 22:16:31,080 INFO [restartedMain] c.n.c.CommunityApplication [StartupInfoLogger.java:59] Started CommunityApplication in 0.263 seconds (process running for 255.381)
2025-03-18 22:16:31,081 INFO [restartedMain] o.s.b.d.a.ConditionEvaluationDeltaLoggingListener [ConditionEvaluationDeltaLoggingListener.java:63] Condition evaluation unchanged
2025-03-18 22:23:53,284 INFO [File Watcher] o.s.b.d.a.LocalDevToolsAutoConfiguration$RestartingClassPathChangeChangedEventListener [LocalDevToolsAutoConfiguration.java:211] Restarting due to 2 class path changes (0 additions, 2 deletions, 0 modifications)
2025-03-18 22:23:53,292 INFO [Thread-11] o.s.b.w.e.t.GracefulShutdown [GracefulShutdown.java:54] Commencing graceful shutdown. Waiting for active requests to complete
2025-03-18 22:23:53,292 INFO [tomcat-shutdown] o.a.c.h.Http11NioProtocol [DirectJDKLog.java:173] Pausing ProtocolHandler ["http-nio-8080"]
2025-03-18 22:23:53,295 INFO [tomcat-shutdown] o.s.b.w.e.t.GracefulShutdown [GracefulShutdown.java:76] Graceful shutdown complete
2025-03-18 22:23:53,295 INFO [Thread-11] o.a.c.h.Http11NioProtocol [DirectJDKLog.java:173] Stopping ProtocolHandler ["http-nio-8080"]
2025-03-18 22:23:53,393 INFO [restartedMain] c.n.c.CommunityApplication [StartupInfoLogger.java:53] Starting CommunityApplication using Java 23.0.2 with PID 20904 (/Users/chutongren/Documents/job/nowcoder/community/target/classes started by chutongren in /Users/chutongren/Documents/job/nowcoder/community)
2025-03-18 22:23:53,393 INFO [restartedMain] c.n.c.CommunityApplication [SpringApplication.java:652] No active profile set, falling back to 1 default profile: "default"
2025-03-18 22:23:53,524 INFO [restartedMain] o.s.b.w.e.t.TomcatWebServer [TomcatWebServer.java:111] Tomcat initialized with port 8080 (http)
2025-03-18 22:23:53,525 INFO [restartedMain] o.a.c.h.Http11NioProtocol [DirectJDKLog.java:173] Initializing ProtocolHandler ["http-nio-8080"]
2025-03-18 22:23:53,525 INFO [restartedMain] o.a.c.c.StandardService [DirectJDKLog.java:173] Starting service [Tomcat]
2025-03-18 22:23:53,525 INFO [restartedMain] o.a.c.c.StandardEngine [DirectJDKLog.java:173] Starting Servlet engine: [Apache Tomcat/10.1.36]
2025-03-18 22:23:53,530 INFO [restartedMain] o.a.c.c.C.[.[.[/community] [DirectJDKLog.java:173] Initializing Spring embedded WebApplicationContext
2025-03-18 22:23:53,530 INFO [restartedMain] o.s.b.w.s.c.ServletWebServerApplicationContext [ServletWebServerApplicationContext.java:301] Root WebApplicationContext: initialization completed in 136 ms
2025-03-18 22:23:53,539 INFO [restartedMain] o.a.c.c.StandardService [DirectJDKLog.java:173] Stopping service [Tomcat]
2025-03-18 22:23:53,542 INFO [restartedMain] o.s.b.a.l.ConditionEvaluationReportLogger [ConditionEvaluationReportLogger.java:82] 

Error starting ApplicationContext. To display the condition evaluation report re-run your application with 'debug' enabled.
2025-03-18 22:24:32,509 INFO [restartedMain] c.n.c.CommunityApplication [StartupInfoLogger.java:53] Starting CommunityApplication using Java 23.0.2 with PID 20904 (/Users/chutongren/Documents/job/nowcoder/community/target/classes started by chutongren in /Users/chutongren/Documents/job/nowcoder/community)
2025-03-18 22:24:32,509 INFO [restartedMain] c.n.c.CommunityApplication [SpringApplication.java:652] No active profile set, falling back to 1 default profile: "default"
2025-03-18 22:24:32,628 INFO [restartedMain] o.s.b.w.e.t.TomcatWebServer [TomcatWebServer.java:111] Tomcat initialized with port 8080 (http)
2025-03-18 22:24:32,629 INFO [restartedMain] o.a.c.h.Http11NioProtocol [DirectJDKLog.java:173] Initializing ProtocolHandler ["http-nio-8080"]
2025-03-18 22:24:32,629 INFO [restartedMain] o.a.c.c.StandardService [DirectJDKLog.java:173] Starting service [Tomcat]
2025-03-18 22:24:32,629 INFO [restartedMain] o.a.c.c.StandardEngine [DirectJDKLog.java:173] Starting Servlet engine: [Apache Tomcat/10.1.36]
2025-03-18 22:24:32,634 INFO [restartedMain] o.a.c.c.C.[.[.[/community] [DirectJDKLog.java:173] Initializing Spring embedded WebApplicationContext
2025-03-18 22:24:32,634 INFO [restartedMain] o.s.b.w.s.c.ServletWebServerApplicationContext [ServletWebServerApplicationContext.java:301] Root WebApplicationContext: initialization completed in 124 ms
2025-03-18 22:24:32,688 INFO [restartedMain] o.a.c.c.StandardService [DirectJDKLog.java:173] Stopping service [Tomcat]
2025-03-18 22:24:32,691 INFO [restartedMain] o.s.b.a.l.ConditionEvaluationReportLogger [ConditionEvaluationReportLogger.java:82] 

Error starting ApplicationContext. To display the condition evaluation report re-run your application with 'debug' enabled.
