2025-03-06 10:07:52,420 INFO [restartedMain] c.n.c.CommunityApplication [StartupInfoLogger.java:53] Starting CommunityApplication using Java 23.0.2 with PID 45899 (/Users/chutongren/Documents/job/nowcoder/community/target/classes started by chutongren in /Users/chutongren/Documents/job/nowcoder/community)
2025-03-06 10:07:52,420 INFO [restartedMain] c.n.c.CommunityApplication [SpringApplication.java:652] No active profile set, falling back to 1 default profile: "default"
2025-03-06 10:07:52,546 INFO [restartedMain] o.s.b.w.e.t.TomcatWebServer [TomcatWebServer.java:111] Tomcat initialized with port 8080 (http)
2025-03-06 10:07:52,547 INFO [restartedMain] o.a.c.c.StandardService [DirectJDKLog.java:173] Starting service [Tomcat]
2025-03-06 10:07:52,547 INFO [restartedMain] o.a.c.c.StandardEngine [DirectJDKLog.java:173] Starting Servlet engine: [Apache Tomcat/10.1.36]
2025-03-06 10:07:52,554 INFO [restartedMain] o.a.c.c.C.[.[.[/community] [DirectJDKLog.java:173] Initializing Spring embedded WebApplicationContext
2025-03-06 10:07:52,554 INFO [restartedMain] o.s.b.w.s.c.ServletWebServerApplicationContext [ServletWebServerApplicationContext.java:301] Root WebApplicationContext: initialization completed in 132 ms
2025-03-06 10:07:52,627 INFO [restartedMain] o.s.b.a.w.s.WelcomePageHandlerMapping [WelcomePageHandlerMapping.java:59] Adding welcome page template: index
2025-03-06 10:07:52,682 INFO [restartedMain] o.s.b.d.a.OptionalLiveReloadServer [OptionalLiveReloadServer.java:59] LiveReload server is running on port 35729
2025-03-06 10:07:52,687 INFO [restartedMain] o.s.b.w.e.t.TomcatWebServer [TomcatWebServer.java:243] Tomcat started on port 8080 (http) with context path '/community'
2025-03-06 10:07:52,689 INFO [restartedMain] c.n.c.CommunityApplication [StartupInfoLogger.java:59] Started CommunityApplication in 0.337 seconds (process running for 1815.897)
2025-03-06 10:07:52,690 INFO [restartedMain] o.s.b.d.a.ConditionEvaluationDeltaLoggingListener [ConditionEvaluationDeltaLoggingListener.java:63] Condition evaluation unchanged
2025-03-06 10:07:53,602 INFO [http-nio-8080-exec-1] o.a.c.c.C.[.[.[/community] [DirectJDKLog.java:173] Initializing Spring DispatcherServlet 'dispatcherServlet'
2025-03-06 10:07:53,602 INFO [http-nio-8080-exec-1] o.s.w.s.DispatcherServlet [FrameworkServlet.java:532] Initializing Servlet 'dispatcherServlet'
2025-03-06 10:07:53,606 INFO [http-nio-8080-exec-1] o.s.w.s.DispatcherServlet [FrameworkServlet.java:554] Completed initialization in 4 ms
2025-03-06 10:07:53,612 INFO [http-nio-8080-exec-1] c.z.h.HikariDataSource [HikariDataSource.java:109] HikariPool-4 - Starting...
2025-03-06 10:07:53,623 INFO [http-nio-8080-exec-1] c.z.h.p.HikariPool [HikariPool.java:554] HikariPool-4 - Added connection com.mysql.cj.jdbc.ConnectionImpl@434b969b
2025-03-06 10:07:53,624 INFO [http-nio-8080-exec-1] c.z.h.HikariDataSource [HikariDataSource.java:122] HikariPool-4 - Start completed.
2025-03-06 16:21:24,906 INFO [SpringApplicationShutdownHook] o.s.b.w.e.t.GracefulShutdown [GracefulShutdown.java:54] Commencing graceful shutdown. Waiting for active requests to complete
2025-03-06 16:21:24,909 INFO [tomcat-shutdown] o.s.b.w.e.t.GracefulShutdown [GracefulShutdown.java:76] Graceful shutdown complete
2025-03-06 16:21:24,911 INFO [SpringApplicationShutdownHook] c.z.h.HikariDataSource [HikariDataSource.java:349] HikariPool-4 - Shutdown initiated...
2025-03-06 16:21:24,912 INFO [SpringApplicationShutdownHook] c.z.h.HikariDataSource [HikariDataSource.java:351] HikariPool-4 - Shutdown completed.
2025-03-06 16:21:31,481 INFO [main] c.n.c.MapperTests [StartupInfoLogger.java:53] Starting MapperTests using Java 23.0.2 with PID 47986 (started by chutongren in /Users/chutongren/Documents/job/nowcoder/community)
2025-03-06 16:21:31,482 INFO [main] c.n.c.MapperTests [SpringApplication.java:652] No active profile set, falling back to 1 default profile: "default"
2025-03-06 16:21:32,188 INFO [main] o.s.b.a.w.s.WelcomePageHandlerMapping [WelcomePageHandlerMapping.java:59] Adding welcome page template: index
2025-03-06 16:21:32,347 INFO [main] c.n.c.MapperTests [StartupInfoLogger.java:59] Started MapperTests in 1.119 seconds (process running for 1.653)
2025-03-06 16:21:32,365 INFO [main] c.z.h.HikariDataSource [HikariDataSource.java:109] HikariPool-1 - Starting...
2025-03-06 16:21:32,463 INFO [main] c.z.h.p.HikariPool [HikariPool.java:554] HikariPool-1 - Added connection com.mysql.cj.jdbc.ConnectionImpl@10fb4575
2025-03-06 16:21:32,464 INFO [main] c.z.h.HikariDataSource [HikariDataSource.java:122] HikariPool-1 - Start completed.
2025-03-06 16:21:32,549 INFO [SpringApplicationShutdownHook] c.z.h.HikariDataSource [HikariDataSource.java:349] HikariPool-1 - Shutdown initiated...
2025-03-06 16:21:32,554 INFO [SpringApplicationShutdownHook] c.z.h.HikariDataSource [HikariDataSource.java:351] HikariPool-1 - Shutdown completed.
2025-03-06 16:22:08,403 INFO [main] c.n.c.MapperTests [StartupInfoLogger.java:53] Starting MapperTests using Java 23.0.2 with PID 48016 (started by chutongren in /Users/chutongren/Documents/job/nowcoder/community)
2025-03-06 16:22:08,405 INFO [main] c.n.c.MapperTests [SpringApplication.java:652] No active profile set, falling back to 1 default profile: "default"
2025-03-06 16:22:09,048 INFO [main] o.s.b.a.w.s.WelcomePageHandlerMapping [WelcomePageHandlerMapping.java:59] Adding welcome page template: index
2025-03-06 16:22:09,194 INFO [main] c.n.c.MapperTests [StartupInfoLogger.java:59] Started MapperTests in 1.014 seconds (process running for 1.451)
2025-03-06 16:22:09,213 INFO [main] c.z.h.HikariDataSource [HikariDataSource.java:109] HikariPool-1 - Starting...
2025-03-06 16:22:09,310 INFO [main] c.z.h.p.HikariPool [HikariPool.java:554] HikariPool-1 - Added connection com.mysql.cj.jdbc.ConnectionImpl@44dd0d38
2025-03-06 16:22:09,311 INFO [main] c.z.h.HikariDataSource [HikariDataSource.java:122] HikariPool-1 - Start completed.
2025-03-06 16:22:09,369 INFO [SpringApplicationShutdownHook] c.z.h.HikariDataSource [HikariDataSource.java:349] HikariPool-1 - Shutdown initiated...
2025-03-06 16:22:09,374 INFO [SpringApplicationShutdownHook] c.z.h.HikariDataSource [HikariDataSource.java:351] HikariPool-1 - Shutdown completed.
2025-03-06 16:22:22,340 INFO [main] c.n.c.MapperTests [StartupInfoLogger.java:53] Starting MapperTests using Java 23.0.2 with PID 48033 (started by chutongren in /Users/chutongren/Documents/job/nowcoder/community)
2025-03-06 16:22:22,341 INFO [main] c.n.c.MapperTests [SpringApplication.java:652] No active profile set, falling back to 1 default profile: "default"
2025-03-06 16:22:22,989 INFO [main] o.s.b.a.w.s.WelcomePageHandlerMapping [WelcomePageHandlerMapping.java:59] Adding welcome page template: index
2025-03-06 16:22:23,140 INFO [main] c.n.c.MapperTests [StartupInfoLogger.java:59] Started MapperTests in 1.019 seconds (process running for 1.443)
2025-03-06 16:22:23,158 INFO [main] c.z.h.HikariDataSource [HikariDataSource.java:109] HikariPool-1 - Starting...
2025-03-06 16:22:23,245 INFO [main] c.z.h.p.HikariPool [HikariPool.java:554] HikariPool-1 - Added connection com.mysql.cj.jdbc.ConnectionImpl@3719360c
2025-03-06 16:22:23,246 INFO [main] c.z.h.HikariDataSource [HikariDataSource.java:122] HikariPool-1 - Start completed.
2025-03-06 16:22:23,299 INFO [SpringApplicationShutdownHook] c.z.h.HikariDataSource [HikariDataSource.java:349] HikariPool-1 - Shutdown initiated...
2025-03-06 16:22:23,303 INFO [SpringApplicationShutdownHook] c.z.h.HikariDataSource [HikariDataSource.java:351] HikariPool-1 - Shutdown completed.
2025-03-06 16:23:24,863 INFO [main] c.n.c.MapperTests [StartupInfoLogger.java:53] Starting MapperTests using Java 23.0.2 with PID 48085 (started by chutongren in /Users/chutongren/Documents/job/nowcoder/community)
2025-03-06 16:23:24,865 INFO [main] c.n.c.MapperTests [SpringApplication.java:652] No active profile set, falling back to 1 default profile: "default"
2025-03-06 16:23:25,569 INFO [main] o.s.b.a.w.s.WelcomePageHandlerMapping [WelcomePageHandlerMapping.java:59] Adding welcome page template: index
2025-03-06 16:23:25,712 INFO [main] c.n.c.MapperTests [StartupInfoLogger.java:59] Started MapperTests in 1.087 seconds (process running for 1.528)
2025-03-06 16:23:25,738 INFO [main] c.z.h.HikariDataSource [HikariDataSource.java:109] HikariPool-1 - Starting...
2025-03-06 16:23:25,832 INFO [main] c.z.h.p.HikariPool [HikariPool.java:554] HikariPool-1 - Added connection com.mysql.cj.jdbc.ConnectionImpl@166b11e
2025-03-06 16:23:25,833 INFO [main] c.z.h.HikariDataSource [HikariDataSource.java:122] HikariPool-1 - Start completed.
2025-03-06 16:23:25,900 INFO [SpringApplicationShutdownHook] c.z.h.HikariDataSource [HikariDataSource.java:349] HikariPool-1 - Shutdown initiated...
2025-03-06 16:23:25,904 INFO [SpringApplicationShutdownHook] c.z.h.HikariDataSource [HikariDataSource.java:351] HikariPool-1 - Shutdown completed.
2025-03-06 22:22:23,526 INFO [main] c.n.c.MapperTests [StartupInfoLogger.java:53] Starting MapperTests using Java 23.0.2 with PID 48710 (started by chutongren in /Users/chutongren/Documents/job/nowcoder/community)
2025-03-06 22:22:23,527 INFO [main] c.n.c.MapperTests [SpringApplication.java:652] No active profile set, falling back to 1 default profile: "default"
2025-03-06 22:22:24,201 INFO [main] o.s.b.a.w.s.WelcomePageHandlerMapping [WelcomePageHandlerMapping.java:59] Adding welcome page template: index
2025-03-06 22:22:24,362 INFO [main] c.n.c.MapperTests [StartupInfoLogger.java:59] Started MapperTests in 1.09 seconds (process running for 1.586)
2025-03-06 22:22:24,381 INFO [main] c.z.h.HikariDataSource [HikariDataSource.java:109] HikariPool-1 - Starting...
2025-03-06 22:22:24,579 INFO [main] c.z.h.p.HikariPool [HikariPool.java:554] HikariPool-1 - Added connection com.mysql.cj.jdbc.ConnectionImpl@660b1a9d
2025-03-06 22:22:24,580 INFO [main] c.z.h.HikariDataSource [HikariDataSource.java:122] HikariPool-1 - Start completed.
2025-03-06 22:22:24,655 INFO [SpringApplicationShutdownHook] c.z.h.HikariDataSource [HikariDataSource.java:349] HikariPool-1 - Shutdown initiated...
2025-03-06 22:22:24,662 INFO [SpringApplicationShutdownHook] c.z.h.HikariDataSource [HikariDataSource.java:351] HikariPool-1 - Shutdown completed.
2025-03-06 22:23:00,904 INFO [restartedMain] c.n.c.CommunityApplication [StartupInfoLogger.java:53] Starting CommunityApplication using Java 23.0.2 with PID 48727 (/Users/chutongren/Documents/job/nowcoder/community/target/classes started by chutongren in /Users/chutongren/Documents/job/nowcoder/community)
2025-03-06 22:23:00,906 INFO [restartedMain] c.n.c.CommunityApplication [SpringApplication.java:652] No active profile set, falling back to 1 default profile: "default"
2025-03-06 22:23:00,929 INFO [restartedMain] o.s.b.d.e.DevToolsPropertyDefaultsPostProcessor [DeferredLog.java:252] Devtools property defaults active! Set 'spring.devtools.add-properties' to 'false' to disable
2025-03-06 22:23:00,930 INFO [restartedMain] o.s.b.d.e.DevToolsPropertyDefaultsPostProcessor [DeferredLog.java:252] For additional web related logging consider setting the 'logging.level.web' property to 'DEBUG'
2025-03-06 22:23:01,406 INFO [restartedMain] o.s.b.w.e.t.TomcatWebServer [TomcatWebServer.java:111] Tomcat initialized with port 8080 (http)
2025-03-06 22:23:01,413 INFO [restartedMain] o.a.c.h.Http11NioProtocol [DirectJDKLog.java:173] Initializing ProtocolHandler ["http-nio-8080"]
2025-03-06 22:23:01,414 INFO [restartedMain] o.a.c.c.StandardService [DirectJDKLog.java:173] Starting service [Tomcat]
2025-03-06 22:23:01,414 INFO [restartedMain] o.a.c.c.StandardEngine [DirectJDKLog.java:173] Starting Servlet engine: [Apache Tomcat/10.1.36]
2025-03-06 22:23:01,433 INFO [restartedMain] o.a.c.c.C.[.[.[/community] [DirectJDKLog.java:173] Initializing Spring embedded WebApplicationContext
2025-03-06 22:23:01,433 INFO [restartedMain] o.s.b.w.s.c.ServletWebServerApplicationContext [ServletWebServerApplicationContext.java:301] Root WebApplicationContext: initialization completed in 503 ms
2025-03-06 22:23:01,598 INFO [restartedMain] o.s.b.a.w.s.WelcomePageHandlerMapping [WelcomePageHandlerMapping.java:59] Adding welcome page template: index
2025-03-06 22:23:01,741 INFO [restartedMain] o.s.b.d.a.OptionalLiveReloadServer [OptionalLiveReloadServer.java:59] LiveReload server is running on port 35729
2025-03-06 22:23:01,750 INFO [restartedMain] o.a.c.h.Http11NioProtocol [DirectJDKLog.java:173] Starting ProtocolHandler ["http-nio-8080"]
2025-03-06 22:23:01,759 INFO [restartedMain] o.s.b.w.e.t.TomcatWebServer [TomcatWebServer.java:243] Tomcat started on port 8080 (http) with context path '/community'
2025-03-06 22:23:01,765 INFO [restartedMain] c.n.c.CommunityApplication [StartupInfoLogger.java:59] Started CommunityApplication in 1.085 seconds (process running for 1.419)
2025-03-06 22:23:06,698 INFO [http-nio-8080-exec-2] o.a.c.c.C.[.[.[/community] [DirectJDKLog.java:173] Initializing Spring DispatcherServlet 'dispatcherServlet'
2025-03-06 22:23:06,699 INFO [http-nio-8080-exec-2] o.s.w.s.DispatcherServlet [FrameworkServlet.java:532] Initializing Servlet 'dispatcherServlet'
2025-03-06 22:23:06,700 INFO [http-nio-8080-exec-2] o.s.w.s.DispatcherServlet [FrameworkServlet.java:554] Completed initialization in 1 ms
2025-03-06 22:23:08,789 INFO [http-nio-8080-exec-5] c.z.h.HikariDataSource [HikariDataSource.java:109] HikariPool-1 - Starting...
2025-03-06 22:23:08,889 INFO [http-nio-8080-exec-5] c.z.h.p.HikariPool [HikariPool.java:554] HikariPool-1 - Added connection com.mysql.cj.jdbc.ConnectionImpl@6eddb777
2025-03-06 22:23:08,890 INFO [http-nio-8080-exec-5] c.z.h.HikariDataSource [HikariDataSource.java:122] HikariPool-1 - Start completed.
2025-03-06 22:23:16,337 INFO [http-nio-8080-exec-1] c.n.c.c.LoginController [LoginController.java:37] Register request: User{id=null, username='111', password='111', salt='null', email='chutong.ren@tum.de', type=0, status=0, activationCode='null', headerUrl='null', createTime=null}
