2025-03-15 23:33:01,214 INFO [restartedMain] c.n.c.CommunityApplication [StartupInfoLogger.java:53] Starting CommunityApplication using Java 23.0.2 with PID 219 (/Users/chutongren/Documents/job/nowcoder/community/target/classes started by chutongren in /Users/chutongren/Documents/job/nowcoder/community)
2025-03-15 23:33:01,216 INFO [restartedMain] c.n.c.CommunityApplication [SpringApplication.java:652] No active profile set, falling back to 1 default profile: "default"
2025-03-15 23:33:01,238 INFO [restartedMain] o.s.b.d.e.DevToolsPropertyDefaultsPostProcessor [DeferredLog.java:252] Devtools property defaults active! Set 'spring.devtools.add-properties' to 'false' to disable
2025-03-15 23:33:01,238 INFO [restartedMain] o.s.b.d.e.DevToolsPropertyDefaultsPostProcessor [DeferredLog.java:252] For additional web related logging consider setting the 'logging.level.web' property to 'DEBUG'
2025-03-15 23:33:01,734 INFO [restartedMain] o.s.b.w.e.t.TomcatWebServer [TomcatWebServer.java:111] Tomcat initialized with port 8080 (http)
2025-03-15 23:33:01,740 INFO [restartedMain] o.a.c.h.Http11NioProtocol [DirectJDKLog.java:173] Initializing ProtocolHandler ["http-nio-8080"]
2025-03-15 23:33:01,741 INFO [restartedMain] o.a.c.c.StandardService [DirectJDKLog.java:173] Starting service [Tomcat]
2025-03-15 23:33:01,741 INFO [restartedMain] o.a.c.c.StandardEngine [DirectJDKLog.java:173] Starting Servlet engine: [Apache Tomcat/10.1.36]
2025-03-15 23:33:01,758 INFO [restartedMain] o.a.c.c.C.[.[.[/community] [DirectJDKLog.java:173] Initializing Spring embedded WebApplicationContext
2025-03-15 23:33:01,758 INFO [restartedMain] o.s.b.w.s.c.ServletWebServerApplicationContext [ServletWebServerApplicationContext.java:301] Root WebApplicationContext: initialization completed in 520 ms
2025-03-15 23:33:01,948 INFO [restartedMain] o.s.b.a.w.s.WelcomePageHandlerMapping [WelcomePageHandlerMapping.java:59] Adding welcome page template: index
2025-03-15 23:33:02,094 INFO [restartedMain] o.s.b.d.a.OptionalLiveReloadServer [OptionalLiveReloadServer.java:59] LiveReload server is running on port 35729
2025-03-15 23:33:02,103 INFO [restartedMain] o.a.c.h.Http11NioProtocol [DirectJDKLog.java:173] Starting ProtocolHandler ["http-nio-8080"]
2025-03-15 23:33:02,111 INFO [restartedMain] o.s.b.w.e.t.TomcatWebServer [TomcatWebServer.java:243] Tomcat started on port 8080 (http) with context path '/community'
2025-03-15 23:33:02,117 INFO [restartedMain] c.n.c.CommunityApplication [StartupInfoLogger.java:59] Started CommunityApplication in 1.173 seconds (process running for 1.489)
2025-03-15 23:33:15,845 INFO [http-nio-8080-exec-1] o.a.c.c.C.[.[.[/community] [DirectJDKLog.java:173] Initializing Spring DispatcherServlet 'dispatcherServlet'
2025-03-15 23:33:15,848 INFO [http-nio-8080-exec-1] o.s.w.s.DispatcherServlet [FrameworkServlet.java:532] Initializing Servlet 'dispatcherServlet'
2025-03-15 23:33:15,853 INFO [http-nio-8080-exec-1] o.s.w.s.DispatcherServlet [FrameworkServlet.java:554] Completed initialization in 5 ms
2025-03-15 23:33:15,904 INFO [http-nio-8080-exec-1] c.z.h.HikariDataSource [HikariDataSource.java:109] HikariPool-1 - Starting...
2025-03-15 23:33:16,036 INFO [http-nio-8080-exec-1] c.z.h.p.HikariPool [HikariPool.java:554] HikariPool-1 - Added connection com.mysql.cj.jdbc.ConnectionImpl@72bb6e51
2025-03-15 23:33:16,037 INFO [http-nio-8080-exec-1] c.z.h.HikariDataSource [HikariDataSource.java:122] HikariPool-1 - Start completed.
2025-03-15 23:35:25,318 INFO [File Watcher] o.s.b.d.a.LocalDevToolsAutoConfiguration$RestartingClassPathChangeChangedEventListener [LocalDevToolsAutoConfiguration.java:211] Restarting due to 1 class path change (0 additions, 0 deletions, 1 modification)
2025-03-15 23:35:25,327 INFO [Thread-5] o.s.b.w.e.t.GracefulShutdown [GracefulShutdown.java:54] Commencing graceful shutdown. Waiting for active requests to complete
2025-03-15 23:35:25,328 INFO [tomcat-shutdown] o.a.c.h.Http11NioProtocol [DirectJDKLog.java:173] Pausing ProtocolHandler ["http-nio-8080"]
2025-03-15 23:35:25,330 INFO [tomcat-shutdown] o.s.b.w.e.t.GracefulShutdown [GracefulShutdown.java:76] Graceful shutdown complete
2025-03-15 23:35:25,330 INFO [Thread-5] o.a.c.h.Http11NioProtocol [DirectJDKLog.java:173] Stopping ProtocolHandler ["http-nio-8080"]
2025-03-15 23:35:25,336 INFO [Thread-5] c.z.h.HikariDataSource [HikariDataSource.java:349] HikariPool-1 - Shutdown initiated...
2025-03-15 23:35:25,345 INFO [Thread-5] c.z.h.HikariDataSource [HikariDataSource.java:351] HikariPool-1 - Shutdown completed.
2025-03-15 23:35:25,421 INFO [restartedMain] c.n.c.CommunityApplication [StartupInfoLogger.java:53] Starting CommunityApplication using Java 23.0.2 with PID 219 (/Users/chutongren/Documents/job/nowcoder/community/target/classes started by chutongren in /Users/chutongren/Documents/job/nowcoder/community)
2025-03-15 23:35:25,421 INFO [restartedMain] c.n.c.CommunityApplication [SpringApplication.java:652] No active profile set, falling back to 1 default profile: "default"
2025-03-15 23:35:25,526 INFO [restartedMain] o.s.b.w.e.t.TomcatWebServer [TomcatWebServer.java:111] Tomcat initialized with port 8080 (http)
2025-03-15 23:35:25,526 INFO [restartedMain] o.a.c.h.Http11NioProtocol [DirectJDKLog.java:173] Initializing ProtocolHandler ["http-nio-8080"]
2025-03-15 23:35:25,526 INFO [restartedMain] o.a.c.c.StandardService [DirectJDKLog.java:173] Starting service [Tomcat]
2025-03-15 23:35:25,526 INFO [restartedMain] o.a.c.c.StandardEngine [DirectJDKLog.java:173] Starting Servlet engine: [Apache Tomcat/10.1.36]
2025-03-15 23:35:25,531 INFO [restartedMain] o.a.c.c.C.[.[.[/community] [DirectJDKLog.java:173] Initializing Spring embedded WebApplicationContext
2025-03-15 23:35:25,531 INFO [restartedMain] o.s.b.w.s.c.ServletWebServerApplicationContext [ServletWebServerApplicationContext.java:301] Root WebApplicationContext: initialization completed in 109 ms
2025-03-15 23:35:25,582 INFO [restartedMain] o.s.b.a.w.s.WelcomePageHandlerMapping [WelcomePageHandlerMapping.java:59] Adding welcome page template: index
2025-03-15 23:35:25,622 INFO [restartedMain] o.s.b.d.a.OptionalLiveReloadServer [OptionalLiveReloadServer.java:59] LiveReload server is running on port 35729
2025-03-15 23:35:25,626 INFO [restartedMain] o.a.c.h.Http11NioProtocol [DirectJDKLog.java:173] Starting ProtocolHandler ["http-nio-8080"]
2025-03-15 23:35:25,627 INFO [restartedMain] o.s.b.w.e.t.TomcatWebServer [TomcatWebServer.java:243] Tomcat started on port 8080 (http) with context path '/community'
2025-03-15 23:35:25,629 INFO [restartedMain] c.n.c.CommunityApplication [StartupInfoLogger.java:59] Started CommunityApplication in 0.228 seconds (process running for 145.0)
2025-03-15 23:35:25,630 INFO [restartedMain] o.s.b.d.a.ConditionEvaluationDeltaLoggingListener [ConditionEvaluationDeltaLoggingListener.java:63] Condition evaluation unchanged
2025-03-15 23:35:39,800 INFO [http-nio-8080-exec-1] o.a.c.c.C.[.[.[/community] [DirectJDKLog.java:173] Initializing Spring DispatcherServlet 'dispatcherServlet'
2025-03-15 23:35:39,801 INFO [http-nio-8080-exec-1] o.s.w.s.DispatcherServlet [FrameworkServlet.java:532] Initializing Servlet 'dispatcherServlet'
2025-03-15 23:35:39,803 INFO [http-nio-8080-exec-1] o.s.w.s.DispatcherServlet [FrameworkServlet.java:554] Completed initialization in 2 ms
2025-03-15 23:35:39,834 INFO [http-nio-8080-exec-1] c.z.h.HikariDataSource [HikariDataSource.java:109] HikariPool-2 - Starting...
2025-03-15 23:35:39,850 INFO [http-nio-8080-exec-1] c.z.h.p.HikariPool [HikariPool.java:554] HikariPool-2 - Added connection com.mysql.cj.jdbc.ConnectionImpl@e38f93a
2025-03-15 23:35:39,850 INFO [http-nio-8080-exec-1] c.z.h.HikariDataSource [HikariDataSource.java:122] HikariPool-2 - Start completed.
2025-03-15 23:35:39,890 INFO [http-nio-8080-exec-1] c.n.c.c.LoginController [UserService.java:148] password input: a
2025-03-15 23:35:39,891 INFO [http-nio-8080-exec-1] c.n.c.c.LoginController [UserService.java:150] password compare: c7fa4f4f94302deae70fca264cf1be5b c7fa4f4f94302deae70fca264cf1be5b
2025-03-15 23:45:19,588 INFO [main] c.n.c.MapperTests [StartupInfoLogger.java:53] Starting MapperTests using Java 23.0.2 with PID 640 (started by chutongren in /Users/chutongren/Documents/job/nowcoder/community)
2025-03-15 23:45:19,590 INFO [main] c.n.c.MapperTests [SpringApplication.java:652] No active profile set, falling back to 1 default profile: "default"
2025-03-15 23:45:20,334 INFO [main] o.s.b.a.w.s.WelcomePageHandlerMapping [WelcomePageHandlerMapping.java:59] Adding welcome page template: index
2025-03-15 23:45:20,495 INFO [main] c.n.c.MapperTests [StartupInfoLogger.java:59] Started MapperTests in 1.162 seconds (process running for 1.626)
2025-03-15 23:45:20,515 INFO [main] c.z.h.HikariDataSource [HikariDataSource.java:109] HikariPool-1 - Starting...
2025-03-15 23:45:20,623 INFO [main] c.z.h.p.HikariPool [HikariPool.java:554] HikariPool-1 - Added connection com.mysql.cj.jdbc.ConnectionImpl@5d5d3a5c
2025-03-15 23:45:20,624 INFO [main] c.z.h.HikariDataSource [HikariDataSource.java:122] HikariPool-1 - Start completed.
2025-03-15 23:45:20,695 INFO [SpringApplicationShutdownHook] c.z.h.HikariDataSource [HikariDataSource.java:349] HikariPool-1 - Shutdown initiated...
2025-03-15 23:45:20,700 INFO [SpringApplicationShutdownHook] c.z.h.HikariDataSource [HikariDataSource.java:351] HikariPool-1 - Shutdown completed.
2025-03-15 23:45:32,437 INFO [main] c.n.c.MapperTests [StartupInfoLogger.java:53] Starting MapperTests using Java 23.0.2 with PID 665 (started by chutongren in /Users/chutongren/Documents/job/nowcoder/community)
2025-03-15 23:45:32,439 INFO [main] c.n.c.MapperTests [SpringApplication.java:652] No active profile set, falling back to 1 default profile: "default"
2025-03-15 23:45:33,111 INFO [main] o.s.b.a.w.s.WelcomePageHandlerMapping [WelcomePageHandlerMapping.java:59] Adding welcome page template: index
2025-03-15 23:45:33,260 INFO [main] c.n.c.MapperTests [StartupInfoLogger.java:59] Started MapperTests in 1.048 seconds (process running for 1.468)
2025-03-15 23:45:33,277 INFO [main] c.z.h.HikariDataSource [HikariDataSource.java:109] HikariPool-1 - Starting...
2025-03-15 23:45:33,364 INFO [main] c.z.h.p.HikariPool [HikariPool.java:554] HikariPool-1 - Added connection com.mysql.cj.jdbc.ConnectionImpl@65859b44
2025-03-15 23:45:33,365 INFO [main] c.z.h.HikariDataSource [HikariDataSource.java:122] HikariPool-1 - Start completed.
2025-03-15 23:45:33,427 INFO [SpringApplicationShutdownHook] c.z.h.HikariDataSource [HikariDataSource.java:349] HikariPool-1 - Shutdown initiated...
2025-03-15 23:45:33,431 INFO [SpringApplicationShutdownHook] c.z.h.HikariDataSource [HikariDataSource.java:351] HikariPool-1 - Shutdown completed.
2025-03-15 23:50:19,280 INFO [main] c.n.c.MapperTests [StartupInfoLogger.java:53] Starting MapperTests using Java 23.0.2 with PID 794 (started by chutongren in /Users/chutongren/Documents/job/nowcoder/community)
2025-03-15 23:50:19,281 INFO [main] c.n.c.MapperTests [SpringApplication.java:652] No active profile set, falling back to 1 default profile: "default"
2025-03-15 23:50:20,017 INFO [main] o.s.b.a.w.s.WelcomePageHandlerMapping [WelcomePageHandlerMapping.java:59] Adding welcome page template: index
2025-03-15 23:50:20,174 INFO [main] c.n.c.MapperTests [StartupInfoLogger.java:59] Started MapperTests in 1.166 seconds (process running for 1.593)
2025-03-15 23:50:20,192 INFO [main] c.z.h.HikariDataSource [HikariDataSource.java:109] HikariPool-1 - Starting...
2025-03-15 23:50:20,295 INFO [main] c.z.h.p.HikariPool [HikariPool.java:554] HikariPool-1 - Added connection com.mysql.cj.jdbc.ConnectionImpl@799c8758
2025-03-15 23:50:20,296 INFO [main] c.z.h.HikariDataSource [HikariDataSource.java:122] HikariPool-1 - Start completed.
2025-03-15 23:50:20,381 INFO [SpringApplicationShutdownHook] c.z.h.HikariDataSource [HikariDataSource.java:349] HikariPool-1 - Shutdown initiated...
2025-03-15 23:50:20,385 INFO [SpringApplicationShutdownHook] c.z.h.HikariDataSource [HikariDataSource.java:351] HikariPool-1 - Shutdown completed.
2025-03-15 23:50:51,091 INFO [main] c.n.c.MapperTests [StartupInfoLogger.java:53] Starting MapperTests using Java 23.0.2 with PID 826 (started by chutongren in /Users/chutongren/Documents/job/nowcoder/community)
2025-03-15 23:50:51,092 INFO [main] c.n.c.MapperTests [SpringApplication.java:652] No active profile set, falling back to 1 default profile: "default"
2025-03-15 23:50:51,768 INFO [main] o.s.b.a.w.s.WelcomePageHandlerMapping [WelcomePageHandlerMapping.java:59] Adding welcome page template: index
2025-03-15 23:50:51,921 INFO [main] c.n.c.MapperTests [StartupInfoLogger.java:59] Started MapperTests in 1.061 seconds (process running for 1.463)
2025-03-15 23:50:51,939 INFO [main] c.z.h.HikariDataSource [HikariDataSource.java:109] HikariPool-1 - Starting...
2025-03-15 23:50:52,027 INFO [main] c.z.h.p.HikariPool [HikariPool.java:554] HikariPool-1 - Added connection com.mysql.cj.jdbc.ConnectionImpl@582dcd35
2025-03-15 23:50:52,028 INFO [main] c.z.h.HikariDataSource [HikariDataSource.java:122] HikariPool-1 - Start completed.
2025-03-15 23:50:52,125 INFO [SpringApplicationShutdownHook] c.z.h.HikariDataSource [HikariDataSource.java:349] HikariPool-1 - Shutdown initiated...
2025-03-15 23:50:52,129 INFO [SpringApplicationShutdownHook] c.z.h.HikariDataSource [HikariDataSource.java:351] HikariPool-1 - Shutdown completed.
2025-03-15 23:51:34,234 INFO [main] c.n.c.MapperTests [StartupInfoLogger.java:53] Starting MapperTests using Java 23.0.2 with PID 843 (started by chutongren in /Users/chutongren/Documents/job/nowcoder/community)
2025-03-15 23:51:34,235 INFO [main] c.n.c.MapperTests [SpringApplication.java:652] No active profile set, falling back to 1 default profile: "default"
2025-03-15 23:51:34,921 INFO [main] o.s.b.a.w.s.WelcomePageHandlerMapping [WelcomePageHandlerMapping.java:59] Adding welcome page template: index
2025-03-15 23:51:35,070 INFO [main] c.n.c.MapperTests [StartupInfoLogger.java:59] Started MapperTests in 1.08 seconds (process running for 1.47)
2025-03-15 23:51:35,087 INFO [main] c.z.h.HikariDataSource [HikariDataSource.java:109] HikariPool-1 - Starting...
2025-03-15 23:51:35,173 INFO [main] c.z.h.p.HikariPool [HikariPool.java:554] HikariPool-1 - Added connection com.mysql.cj.jdbc.ConnectionImpl@1de5cc88
2025-03-15 23:51:35,174 INFO [main] c.z.h.HikariDataSource [HikariDataSource.java:122] HikariPool-1 - Start completed.
2025-03-15 23:51:35,244 INFO [SpringApplicationShutdownHook] c.z.h.HikariDataSource [HikariDataSource.java:349] HikariPool-1 - Shutdown initiated...
2025-03-15 23:51:35,248 INFO [SpringApplicationShutdownHook] c.z.h.HikariDataSource [HikariDataSource.java:351] HikariPool-1 - Shutdown completed.
2025-03-15 23:52:18,057 INFO [main] c.n.c.MapperTests [StartupInfoLogger.java:53] Starting MapperTests using Java 23.0.2 with PID 869 (started by chutongren in /Users/chutongren/Documents/job/nowcoder/community)
2025-03-15 23:52:18,059 INFO [main] c.n.c.MapperTests [SpringApplication.java:652] No active profile set, falling back to 1 default profile: "default"
2025-03-15 23:52:18,731 INFO [main] o.s.b.a.w.s.WelcomePageHandlerMapping [WelcomePageHandlerMapping.java:59] Adding welcome page template: index
2025-03-15 23:52:18,891 INFO [main] c.n.c.MapperTests [StartupInfoLogger.java:59] Started MapperTests in 1.065 seconds (process running for 1.459)
2025-03-15 23:52:18,916 INFO [main] c.z.h.HikariDataSource [HikariDataSource.java:109] HikariPool-1 - Starting...
2025-03-15 23:52:19,010 INFO [main] c.z.h.p.HikariPool [HikariPool.java:554] HikariPool-1 - Added connection com.mysql.cj.jdbc.ConnectionImpl@3af36922
2025-03-15 23:52:19,012 INFO [main] c.z.h.HikariDataSource [HikariDataSource.java:122] HikariPool-1 - Start completed.
2025-03-15 23:52:19,119 INFO [SpringApplicationShutdownHook] c.z.h.HikariDataSource [HikariDataSource.java:349] HikariPool-1 - Shutdown initiated...
2025-03-15 23:52:19,183 INFO [SpringApplicationShutdownHook] c.z.h.HikariDataSource [HikariDataSource.java:351] HikariPool-1 - Shutdown completed.
2025-03-15 23:55:10,003 INFO [File Watcher] o.s.b.d.a.LocalDevToolsAutoConfiguration$RestartingClassPathChangeChangedEventListener [LocalDevToolsAutoConfiguration.java:211] Restarting due to 1 class path change (0 additions, 0 deletions, 1 modification)
2025-03-15 23:55:10,015 INFO [Thread-7] o.s.b.w.e.t.GracefulShutdown [GracefulShutdown.java:54] Commencing graceful shutdown. Waiting for active requests to complete
2025-03-15 23:55:10,016 INFO [tomcat-shutdown] o.a.c.h.Http11NioProtocol [DirectJDKLog.java:173] Pausing ProtocolHandler ["http-nio-8080"]
2025-03-15 23:55:10,019 INFO [tomcat-shutdown] o.s.b.w.e.t.GracefulShutdown [GracefulShutdown.java:76] Graceful shutdown complete
2025-03-15 23:55:10,019 INFO [Thread-7] o.a.c.h.Http11NioProtocol [DirectJDKLog.java:173] Stopping ProtocolHandler ["http-nio-8080"]
2025-03-15 23:55:10,023 INFO [Thread-7] c.z.h.HikariDataSource [HikariDataSource.java:349] HikariPool-2 - Shutdown initiated...
2025-03-15 23:55:10,026 INFO [Thread-7] c.z.h.HikariDataSource [HikariDataSource.java:351] HikariPool-2 - Shutdown completed.
2025-03-15 23:55:10,110 INFO [restartedMain] c.n.c.CommunityApplication [StartupInfoLogger.java:53] Starting CommunityApplication using Java 23.0.2 with PID 219 (/Users/chutongren/Documents/job/nowcoder/community/target/classes started by chutongren in /Users/chutongren/Documents/job/nowcoder/community)
2025-03-15 23:55:10,110 INFO [restartedMain] c.n.c.CommunityApplication [SpringApplication.java:652] No active profile set, falling back to 1 default profile: "default"
2025-03-15 23:55:10,232 INFO [restartedMain] o.s.b.w.e.t.TomcatWebServer [TomcatWebServer.java:111] Tomcat initialized with port 8080 (http)
2025-03-15 23:55:10,233 INFO [restartedMain] o.a.c.h.Http11NioProtocol [DirectJDKLog.java:173] Initializing ProtocolHandler ["http-nio-8080"]
2025-03-15 23:55:10,233 INFO [restartedMain] o.a.c.c.StandardService [DirectJDKLog.java:173] Starting service [Tomcat]
2025-03-15 23:55:10,233 INFO [restartedMain] o.a.c.c.StandardEngine [DirectJDKLog.java:173] Starting Servlet engine: [Apache Tomcat/10.1.36]
2025-03-15 23:55:10,238 INFO [restartedMain] o.a.c.c.C.[.[.[/community] [DirectJDKLog.java:173] Initializing Spring embedded WebApplicationContext
2025-03-15 23:55:10,238 INFO [restartedMain] o.s.b.w.s.c.ServletWebServerApplicationContext [ServletWebServerApplicationContext.java:301] Root WebApplicationContext: initialization completed in 127 ms
2025-03-15 23:55:10,292 INFO [restartedMain] o.s.b.a.w.s.WelcomePageHandlerMapping [WelcomePageHandlerMapping.java:59] Adding welcome page template: index
2025-03-15 23:55:10,337 INFO [restartedMain] o.s.b.d.a.OptionalLiveReloadServer [OptionalLiveReloadServer.java:59] LiveReload server is running on port 35729
2025-03-15 23:55:10,342 INFO [restartedMain] o.a.c.h.Http11NioProtocol [DirectJDKLog.java:173] Starting ProtocolHandler ["http-nio-8080"]
2025-03-15 23:55:10,343 INFO [restartedMain] o.s.b.w.e.t.TomcatWebServer [TomcatWebServer.java:243] Tomcat started on port 8080 (http) with context path '/community'
2025-03-15 23:55:10,345 INFO [restartedMain] c.n.c.CommunityApplication [StartupInfoLogger.java:59] Started CommunityApplication in 0.255 seconds (process running for 1329.717)
2025-03-15 23:55:10,346 INFO [restartedMain] o.s.b.d.a.ConditionEvaluationDeltaLoggingListener [ConditionEvaluationDeltaLoggingListener.java:63] Condition evaluation unchanged
2025-03-15 23:56:02,857 INFO [SpringApplicationShutdownHook] o.s.b.w.e.t.GracefulShutdown [GracefulShutdown.java:54] Commencing graceful shutdown. Waiting for active requests to complete
2025-03-15 23:56:02,862 INFO [tomcat-shutdown] o.s.b.w.e.t.GracefulShutdown [GracefulShutdown.java:76] Graceful shutdown complete
2025-03-15 23:56:04,168 INFO [restartedMain] c.n.c.CommunityApplication [StartupInfoLogger.java:53] Starting CommunityApplication using Java 23.0.2 with PID 963 (/Users/chutongren/Documents/job/nowcoder/community/target/classes started by chutongren in /Users/chutongren/Documents/job/nowcoder/community)
2025-03-15 23:56:04,169 INFO [restartedMain] c.n.c.CommunityApplication [SpringApplication.java:652] No active profile set, falling back to 1 default profile: "default"
2025-03-15 23:56:04,193 INFO [restartedMain] o.s.b.d.e.DevToolsPropertyDefaultsPostProcessor [DeferredLog.java:252] Devtools property defaults active! Set 'spring.devtools.add-properties' to 'false' to disable
2025-03-15 23:56:04,194 INFO [restartedMain] o.s.b.d.e.DevToolsPropertyDefaultsPostProcessor [DeferredLog.java:252] For additional web related logging consider setting the 'logging.level.web' property to 'DEBUG'
2025-03-15 23:56:04,732 INFO [restartedMain] o.s.b.w.e.t.TomcatWebServer [TomcatWebServer.java:111] Tomcat initialized with port 8080 (http)
2025-03-15 23:56:04,738 INFO [restartedMain] o.a.c.h.Http11NioProtocol [DirectJDKLog.java:173] Initializing ProtocolHandler ["http-nio-8080"]
2025-03-15 23:56:04,739 INFO [restartedMain] o.a.c.c.StandardService [DirectJDKLog.java:173] Starting service [Tomcat]
2025-03-15 23:56:04,739 INFO [restartedMain] o.a.c.c.StandardEngine [DirectJDKLog.java:173] Starting Servlet engine: [Apache Tomcat/10.1.36]
2025-03-15 23:56:04,756 INFO [restartedMain] o.a.c.c.C.[.[.[/community] [DirectJDKLog.java:173] Initializing Spring embedded WebApplicationContext
2025-03-15 23:56:04,756 INFO [restartedMain] o.s.b.w.s.c.ServletWebServerApplicationContext [ServletWebServerApplicationContext.java:301] Root WebApplicationContext: initialization completed in 562 ms
2025-03-15 23:56:04,934 INFO [restartedMain] o.s.b.a.w.s.WelcomePageHandlerMapping [WelcomePageHandlerMapping.java:59] Adding welcome page template: index
2025-03-15 23:56:05,077 INFO [restartedMain] o.s.b.d.a.OptionalLiveReloadServer [OptionalLiveReloadServer.java:59] LiveReload server is running on port 35729
2025-03-15 23:56:05,085 INFO [restartedMain] o.a.c.h.Http11NioProtocol [DirectJDKLog.java:173] Starting ProtocolHandler ["http-nio-8080"]
2025-03-15 23:56:05,095 INFO [restartedMain] o.s.b.w.e.t.TomcatWebServer [TomcatWebServer.java:243] Tomcat started on port 8080 (http) with context path '/community'
2025-03-15 23:56:05,100 INFO [restartedMain] c.n.c.CommunityApplication [StartupInfoLogger.java:59] Started CommunityApplication in 1.206 seconds (process running for 1.515)
2025-03-15 23:56:11,839 INFO [http-nio-8080-exec-2] o.a.c.c.C.[.[.[/community] [DirectJDKLog.java:173] Initializing Spring DispatcherServlet 'dispatcherServlet'
2025-03-15 23:56:11,845 INFO [http-nio-8080-exec-2] o.s.w.s.DispatcherServlet [FrameworkServlet.java:532] Initializing Servlet 'dispatcherServlet'
2025-03-15 23:56:11,853 INFO [http-nio-8080-exec-2] o.s.w.s.DispatcherServlet [FrameworkServlet.java:554] Completed initialization in 8 ms
2025-03-15 23:56:11,896 INFO [http-nio-8080-exec-2] c.z.h.HikariDataSource [HikariDataSource.java:109] HikariPool-1 - Starting...
2025-03-15 23:56:11,993 INFO [http-nio-8080-exec-2] c.z.h.p.HikariPool [HikariPool.java:554] HikariPool-1 - Added connection com.mysql.cj.jdbc.ConnectionImpl@6520c4c0
2025-03-15 23:56:11,994 INFO [http-nio-8080-exec-2] c.z.h.HikariDataSource [HikariDataSource.java:122] HikariPool-1 - Start completed.
